IQ-TREE multicore version 1.6.12 for Mac OS X 64-bit built Aug 15 2019
Developed by Bui Quang Minh, Nguyen Lam Tung, Olga Chernomor,
Heiko Schmidt, Dominik Schrempf, Michael Woodhams.

Host:    users-MacBook-Pro.local (AVX2, FMA3, 32 GB RAM)
Command: iqtree -s alignments/aligned_protein_sequences.fasta -m LG+G+F -bb 1000 -nt AUTO -pre iqtree/IQ-TREE_output
Seed:    118454 (Using SPRNG - Scalable Parallel Random Number Generator)
Time:    Fri Feb 16 15:38:33 2024
Kernel:  AVX+FMA - auto-detect threads (12 CPU cores detected)

Reading alignment file alignments/aligned_protein_sequences.fasta ... Fasta format detected
Alignment most likely contains protein sequences
Alignment has 212 sequences with 2251 columns, 2245 distinct patterns
1474 parsimony-informative, 640 singleton sites, 137 constant sites
WARNING: Some sequence names are changed as follows:
sp|P08559.3|ODPA.HUMAN -> sp_P08559.3_ODPA.HUMAN
sp|Q8N8N7.1|PTGR2.HUMAN -> sp_Q8N8N7.1_PTGR2.HUMAN
sp|Q9BUP3.2|HTAI2.HUMAN -> sp_Q9BUP3.2_HTAI2.HUMAN
sp|Q5TEU4.1|NDUF5.HUMAN -> sp_Q5TEU4.1_NDUF5.HUMAN
sp|A0PJE2.2|DHR12.HUMAN -> sp_A0PJE2.2_DHR12.HUMAN
sp|Q99714.3|HCD2.HUMAN -> sp_Q99714.3_HCD2.HUMAN
sp|O75306.2|NDUS2.HUMAN -> sp_O75306.2_NDUS2.HUMAN
sp|Q13363.2|CTBP1.HUMAN -> sp_Q13363.2_CTBP1.HUMAN
sp|P56705.4|WNT4.HUMAN -> sp_P56705.4_WNT4.HUMAN
sp|P22695.3|QCR2.HUMAN -> sp_P22695.3_QCR2.HUMAN
sp|P21695.4|GPDA.HUMAN -> sp_P21695.4_GPDA.HUMAN
sp|Q9NYR8.1|RDH8.HUMAN -> sp_Q9NYR8.1_RDH8.HUMAN
sp|Q15119.2|PDK2.HUMAN -> sp_Q15119.2_PDK2.HUMAN
sp|P16083.5|NQO2.HUMAN -> sp_P16083.5_NQO2.HUMAN
sp|Q8IXQ9.1|ETKMT.HUMAN -> sp_Q8IXQ9.1_ETKMT.HUMAN
sp|Q96LJ7.1|DHRS1.HUMAN -> sp_Q96LJ7.1_DHRS1.HUMAN
sp|P14550.3|AK1A1.HUMAN -> sp_P14550.3_AK1A1.HUMAN
sp|Q13268.4|DHRS2.HUMAN -> sp_Q13268.4_DHRS2.HUMAN
sp|Q8WWV3.2|RT4I1.HUMAN -> sp_Q8WWV3.2_RT4I1.HUMAN
sp|Q15118.1|PDK1.HUMAN -> sp_Q15118.1_PDK1.HUMAN
sp|Q9UJM8.1|HAOX1.HUMAN -> sp_Q9UJM8.1_HAOX1.HUMAN
sp|Q9NUI1.1|DECR2.HUMAN -> sp_Q9NUI1.1_DECR2.HUMAN
sp|Q9BRQ8.1|FSP1.HUMAN -> sp_Q9BRQ8.1_FSP1.HUMAN
sp|P36957.4|ODO2.HUMAN -> sp_P36957.4_ODO2.HUMAN
sp|Q14994.2|NR1I3.HUMAN -> sp_Q14994.2_NR1I3.HUMAN
sp|Q8WUS8.2|D42E1.HUMAN -> sp_Q8WUS8.2_D42E1.HUMAN
sp|P48448.3|AL3B2.HUMAN -> sp_P48448.3_AL3B2.HUMAN
sp|O75828.3|CBR3.HUMAN -> sp_O75828.3_CBR3.HUMAN
sp|Q53FA7.2|QORX.HUMAN -> sp_Q53FA7.2_QORX.HUMAN
sp|Q6ZMR3.1|LDH6A.HUMAN -> sp_Q6ZMR3.1_LDH6A.HUMAN
sp|Q6IAN0.2|DRS7B.HUMAN -> sp_Q6IAN0.2_DRS7B.HUMAN
sp|Q9BY49.2|PECR.HUMAN -> sp_Q9BY49.2_PECR.HUMAN
sp|Q9H171.2|ZBP1.HUMAN -> sp_Q9H171.2_ZBP1.HUMAN
sp|P14060.2|3BHS1.HUMAN -> sp_P14060.2_3BHS1.HUMAN
sp|Q13642.4|FHL1.HUMAN -> sp_Q13642.4_FHL1.HUMAN
sp|O75344.1|FKBP6.HUMAN -> sp_O75344.1_FKBP6.HUMAN
sp|Q53GQ0.2|DHB12.HUMAN -> sp_Q53GQ0.2_DHB12.HUMAN
sp|P08574.3|CY1.HUMAN -> sp_P08574.3_CY1.HUMAN
sp|Q9NTG7.2|SIR3.HUMAN -> sp_Q9NTG7.2_SIR3.HUMAN
sp|Q9UKU7.1|ACAD8.HUMAN -> sp_Q9UKU7.1_ACAD8.HUMAN
sp|P03891.2|NU2M.HUMAN -> sp_P03891.2_NU2M.HUMAN
sp|Q8N4Q0.1|PTGR3.HUMAN -> sp_Q8N4Q0.1_PTGR3.HUMAN
sp|Q7Z5P4.1|DHB13.HUMAN -> sp_Q7Z5P4.1_DHB13.HUMAN
sp|O96008.1|TOM40.HUMAN -> sp_O96008.1_TOM40.HUMAN
sp|P50213.1|IDH3A.HUMAN -> sp_P50213.1_IDH3A.HUMAN
sp|Q16795.2|NDUA9.HUMAN -> sp_Q16795.2_NDUA9.HUMAN
sp|Q9H2D1.2|S2532.HUMAN -> sp_Q9H2D1.2_S2532.HUMAN
sp|P07864.4|LDHC.HUMAN -> sp_P07864.4_LDHC.HUMAN
sp|Q8NEX9.1|DR9C7.HUMAN -> sp_Q8NEX9.1_DR9C7.HUMAN
sp|P19404.2|NDUV2.HUMAN -> sp_P19404.2_NDUV2.HUMAN
sp|P52895.3|AK1C2.HUMAN -> sp_P52895.3_AK1C2.HUMAN
sp|P56545.1|CTBP2.HUMAN -> sp_P56545.1_CTBP2.HUMAN
sp|Q9Y394.1|DHRS7.HUMAN -> sp_Q9Y394.1_DHRS7.HUMAN
sp|P51857.1|AK1D1.HUMAN -> sp_P51857.1_AK1D1.HUMAN
sp|P11310.1|ACADM.HUMAN -> sp_P11310.1_ACADM.HUMAN
sp|P80365.2|DHI2.HUMAN -> sp_P80365.2_DHI2.HUMAN
sp|Q9Y234.1|LIPT.HUMAN -> sp_Q9Y234.1_LIPT.HUMAN
sp|P07327.2|ADH1A.HUMAN -> sp_P07327.2_ADH1A.HUMAN
sp|Q9H9P8.3|L2HDH.HUMAN -> sp_Q9H9P8.3_L2HDH.HUMAN
sp|P00325.3|ADH1B.HUMAN -> sp_P00325.3_ADH1B.HUMAN
sp|Q16698.1|DECR.HUMAN -> sp_Q16698.1_DECR.HUMAN
sp|Q08257.1|QOR.HUMAN -> sp_Q08257.1_QOR.HUMAN
sp|P40926.3|MDHM.HUMAN -> sp_P40926.3_MDHM.HUMAN
sp|P48735.2|IDHP.HUMAN -> sp_P48735.2_IDHP.HUMAN
sp|Q8NBQ5.4|DHB11.HUMAN -> sp_Q8NBQ5.4_DHB11.HUMAN
sp|O95299.1|NDUAA.HUMAN -> sp_O95299.1_NDUAA.HUMAN
sp|Q6NVY1.2|HIBCH.HUMAN -> sp_Q6NVY1.2_HIBCH.HUMAN
sp|O14556.2|G3PT.HUMAN -> sp_O14556.2_G3PT.HUMAN
sp|Q9BV79.2|MECR.HUMAN -> sp_Q9BV79.2_MECR.HUMAN
sp|P07738.2|PMGE.HUMAN -> sp_P07738.2_PMGE.HUMAN
sp|P26440.2|IVD.HUMAN -> sp_P26440.2_IVD.HUMAN
sp|Q9BYZ2.3|LDH6B.HUMAN -> sp_Q9BYZ2.3_LDH6B.HUMAN
sp|P09417.2|DHPR.HUMAN -> sp_P09417.2_DHPR.HUMAN
sp|Q8IWL3.3|HSC20.HUMAN -> sp_Q8IWL3.3_HSC20.HUMAN
sp|P17516.3|AK1C4.HUMAN -> sp_P17516.3_AK1C4.HUMAN
sp|O43488.3|ARK72.HUMAN -> sp_O43488.3_ARK72.HUMAN
sp|P49821.4|NDUV1.HUMAN -> sp_P49821.4_NDUV1.HUMAN
sp|O43448.2|KCAB3.HUMAN -> sp_O43448.2_KCAB3.HUMAN
sp|P48507.1|GSH0.HUMAN -> sp_P48507.1_GSH0.HUMAN
sp|P11177.3|ODPB.HUMAN -> sp_P11177.3_ODPB.HUMAN
sp|P11766.4|ADHX.HUMAN -> sp_P11766.4_ADHX.HUMAN
sp|P31937.2|3HIDH.HUMAN -> sp_P31937.2_3HIDH.HUMAN
sp|Q9HBH5.1|RDH14.HUMAN -> sp_Q9HBH5.1_RDH14.HUMAN
sp|Q00796.4|DHSO.HUMAN -> sp_Q00796.4_DHSO.HUMAN
sp|P16152.3|CBR1.HUMAN -> sp_P16152.3_CBR1.HUMAN
sp|Q92506.2|DHB8.HUMAN -> sp_Q92506.2_DHB8.HUMAN
sp|O60218.2|AK1BA.HUMAN -> sp_O60218.2_AK1BA.HUMAN
sp|Q9Y6N5.1|SQOR.HUMAN -> sp_Q9Y6N5.1_SQOR.HUMAN
sp|Q8IZJ6.1|TDH.HUMAN -> sp_Q8IZJ6.1_TDH.HUMAN
sp|P26439.2|3BHS2.HUMAN -> sp_P26439.2_3BHS2.HUMAN
sp|A6ND91.2|ASPDH.HUMAN -> sp_A6ND91.2_ASPDH.HUMAN
sp|Q9NYQ3.1|HAOX2.HUMAN -> sp_Q9NYQ3.1_HAOX2.HUMAN
sp|Q9NRG7.3|D39U1.HUMAN -> sp_Q9NRG7.3_D39U1.HUMAN
sp|P13995.2|MTDC.HUMAN -> sp_P13995.2_MTDC.HUMAN
sp|Q14722.1|KCAB1.HUMAN -> sp_Q14722.1_KCAB1.HUMAN
sp|P15121.3|ALDR.HUMAN -> sp_P15121.3_ALDR.HUMAN
sp|Q9H8P0.1|PORED.HUMAN -> sp_Q9H8P0.1_PORED.HUMAN
sp|Q6UX07.1|DHR13.HUMAN -> sp_Q6UX07.1_DHR13.HUMAN
sp|Q9Y6E7.1|SIR4.HUMAN -> sp_Q9Y6E7.1_SIR4.HUMAN
sp|Q7Z4W1.2|DCXR.HUMAN -> sp_Q7Z4W1.2_DCXR.HUMAN
sp|Q9UMS0.2|NFU1.HUMAN -> sp_Q9UMS0.2_NFU1.HUMAN
sp|Q8N4E7.1|FTMT.HUMAN -> sp_Q8N4E7.1_FTMT.HUMAN
sp|P28330.2|ACADL.HUMAN -> sp_P28330.2_ACADL.HUMAN
sp|P13804.1|ETFA.HUMAN -> sp_P13804.1_ETFA.HUMAN
sp|Q9BQ95.1|ECSIT.HUMAN -> sp_Q9BQ95.1_ECSIT.HUMAN
sp|Q06136.1|KDSR.HUMAN -> sp_Q06136.1_KDSR.HUMAN
sp|P37059.1|DHB2.HUMAN -> sp_P37059.1_DHB2.HUMAN
sp|Q15120.1|PDK3.HUMAN -> sp_Q15120.1_PDK3.HUMAN
sp|Q8N3Y7.2|RDHE2.HUMAN -> sp_Q8N3Y7.2_RDHE2.HUMAN
sp|Q92781.1|RDH5.HUMAN -> sp_Q92781.1_RDH5.HUMAN
sp|Q99536.2|VAT1.HUMAN -> sp_Q99536.2_VAT1.HUMAN
sp|O14756.1|H17B6.HUMAN -> sp_O14756.1_H17B6.HUMAN
sp|P03905.1|NU4M.HUMAN -> sp_P03905.1_NU4M.HUMAN
sp|Q330K2.2|NDUF6.HUMAN -> sp_Q330K2.2_NDUF6.HUMAN
sp|Q8N4T8.3|CBR4.HUMAN -> sp_Q8N4T8.3_CBR4.HUMAN
sp|P00414.2|COX3.HUMAN -> sp_P00414.2_COX3.HUMAN
sp|Q9H2F3.2|3BHS7.HUMAN -> sp_Q9H2F3.2_3BHS7.HUMAN
sp|A6NNS2.3|DRS7C.HUMAN -> sp_A6NNS2.3_DRS7C.HUMAN
sp|Q96JD6.2|AKCL2.HUMAN -> sp_Q96JD6.2_AKCL2.HUMAN
sp|P14061.3|DHB1.HUMAN -> sp_P14061.3_DHB1.HUMAN
sp|O75452.2|RDH16.HUMAN -> sp_O75452.2_RDH16.HUMAN
sp|Q14894.1|CRYM.HUMAN -> sp_Q14894.1_CRYM.HUMAN
sp|Q9Y375.2|CIA30.HUMAN -> sp_Q9Y375.2_CIA30.HUMAN
sp|Q04828.1|AK1C1.HUMAN -> sp_Q04828.1_AK1C1.HUMAN
sp|O43766.3|LIAS.HUMAN -> sp_O43766.3_LIAS.HUMAN
sp|P11474.3|ERR1.HUMAN -> sp_P11474.3_ERR1.HUMAN
sp|P51553.1|IDH3G.HUMAN -> sp_P51553.1_IDH3G.HUMAN
sp|P40394.2|ADH7.HUMAN -> sp_P40394.2_ADH7.HUMAN
sp|P12694.2|ODBA.HUMAN -> sp_P12694.2_ODBA.HUMAN
sp|Q16836.3|HCDH.HUMAN -> sp_Q16836.3_HCDH.HUMAN
sp|Q92947.1|GCDH.HUMAN -> sp_Q92947.1_GCDH.HUMAN
sp|P00338.2|LDHA.HUMAN -> sp_P00338.2_LDHA.HUMAN
sp|Q9Y2S2.3|CRYL1.HUMAN -> sp_Q9Y2S2.3_CRYL1.HUMAN
sp|P15559.1|NQO1.HUMAN -> sp_P15559.1_NQO1.HUMAN
sp|P0CG22.1|DR4L1.HUMAN -> sp_P0CG22.1_DR4L1.HUMAN
sp|P78417.2|GSTO1.HUMAN -> sp_P78417.2_GSTO1.HUMAN
sp|O43837.2|IDH3B.HUMAN -> sp_O43837.2_IDH3B.HUMAN
sp|O75911.2|DHRS3.HUMAN -> sp_O75911.2_DHRS3.HUMAN
sp|Q9HCJ6.2|VAT1L.HUMAN -> sp_Q9HCJ6.2_VAT1L.HUMAN
sp|P00403.1|COX2.HUMAN -> sp_P00403.1_COX2.HUMAN
sp|Q9UBQ7.1|GRHPR.HUMAN -> sp_Q9UBQ7.1_GRHPR.HUMAN
sp|Q3SXM5.3|HSDL1.HUMAN -> sp_Q3SXM5.3_HSDL1.HUMAN
sp|Q8N3J5.1|PPM1K.HUMAN -> sp_Q8N3J5.1_PPM1K.HUMAN
sp|P31213.2|S5A2.HUMAN -> sp_P31213.2_S5A2.HUMAN
sp|Q6PKH6.2|DR4L2.HUMAN -> sp_Q6PKH6.2_DR4L2.HUMAN
sp|P56937.1|DHB7.HUMAN -> sp_P56937.1_DHB7.HUMAN
sp|P37058.2|DHB3.HUMAN -> sp_P37058.2_DHB3.HUMAN
sp|Q03181.1|PPARD.HUMAN -> sp_Q03181.1_PPARD.HUMAN
sp|P45954.1|ACDSB.HUMAN -> sp_P45954.1_ACDSB.HUMAN
sp|Q8TC12.2|RDH11.HUMAN -> sp_Q8TC12.2_RDH11.HUMAN
sp|P07098.1|LIPF.HUMAN -> sp_P07098.1_LIPF.HUMAN
sp|Q9HBL8.1|NMRL1.HUMAN -> sp_Q9HBL8.1_NMRL1.HUMAN
sp|Q9H4Y5.1|GSTO2.HUMAN -> sp_Q9H4Y5.1_GSTO2.HUMAN
sp|Q8TB37.3|NUBPL.HUMAN -> sp_Q8TB37.3_NUBPL.HUMAN
sp|P38117.3|ETFB.HUMAN -> sp_P38117.3_ETFB.HUMAN
sp|P16219.1|ACADS.HUMAN -> sp_P16219.1_ACADS.HUMAN
sp|P40925.4|MDHC.HUMAN -> sp_P40925.4_MDHC.HUMAN
sp|P36959.1|GMPR1.HUMAN -> sp_P36959.1_GMPR1.HUMAN
sp|Q02338.3|BDH.HUMAN -> sp_Q02338.3_BDH.HUMAN
sp|Q9NZC7.1|WWOX.HUMAN -> sp_Q9NZC7.1_WWOX.HUMAN
sp|P21912.3|SDHB.HUMAN -> sp_P21912.3_SDHB.HUMAN
sp|P30838.3|AL3A1.HUMAN -> sp_P30838.3_AL3A1.HUMAN
sp|P28845.3|DHI1.HUMAN -> sp_P28845.3_DHI1.HUMAN
sp|Q6UWP2.1|DHR11.HUMAN -> sp_Q6UWP2.1_DHR11.HUMAN
sp|P51572.3|BAP31.HUMAN -> sp_P51572.3_BAP31.HUMAN
sp|Q13303.2|KCAB2.HUMAN -> sp_Q13303.2_KCAB2.HUMAN
sp|Q7L592.1|NDUF7.HUMAN -> sp_Q7L592.1_NDUF7.HUMAN
sp|Q8N5I4.2|DHRSX.HUMAN -> sp_Q8N5I4.2_DHRSX.HUMAN
sp|Q13630.1|FCL.HUMAN -> sp_Q13630.1_FCL.HUMAN
sp|A6NKP2.3|D42E2.HUMAN -> sp_A6NKP2.3_D42E2.HUMAN
sp|Q9NZ01.1|TECR.HUMAN -> sp_Q9NZ01.1_TECR.HUMAN
sp|P04406.3|G3P.HUMAN -> sp_P04406.3_G3P.HUMAN
sp|Q9BTZ2.3|DHRS4.HUMAN -> sp_Q9BTZ2.3_DHRS4.HUMAN
sp|Q9H903.3|MTD2L.HUMAN -> sp_Q9H903.3_MTD2L.HUMAN
sp|Q02127.3|PYRD.HUMAN -> sp_Q02127.3_PYRD.HUMAN
sp|P00326.2|ADH1G.HUMAN -> sp_P00326.2_ADH1G.HUMAN
sp|Q15738.2|NSDHL.HUMAN -> sp_Q15738.2_NSDHL.HUMAN
sp|Q6YN16.1|HSDL2.HUMAN -> sp_Q6YN16.1_HSDL2.HUMAN
sp|O95825.2|QORL1.HUMAN -> sp_O95825.2_QORL1.HUMAN
sp|Q8NBM4.1|UBAC2.HUMAN -> sp_Q8NBM4.1_UBAC2.HUMAN
sp|P18405.1|S5A1.HUMAN -> sp_P18405.1_S5A1.HUMAN
sp|Q9NRN7.2|ADPPT.HUMAN -> sp_Q9NRN7.2_ADPPT.HUMAN
sp|Q96NR8.3|RDH12.HUMAN -> sp_Q96NR8.3_RDH12.HUMAN
sp|O14874.2|BCKD.HUMAN -> sp_O14874.2_BCKD.HUMAN
sp|P07195.2|LDHB.HUMAN -> sp_P07195.2_LDHB.HUMAN
sp|P42330.4|AK1C3.HUMAN -> sp_P42330.4_AK1C3.HUMAN
sp|O95237.2|LRAT.HUMAN -> sp_O95237.2_LRAT.HUMAN
sp|Q8NBX0.1|SCPDL.HUMAN -> sp_Q8NBX0.1_SCPDL.HUMAN
sp|Q16654.1|PDK4.HUMAN -> sp_Q16654.1_PDK4.HUMAN
sp|Q8N335.1|GPD1L.HUMAN -> sp_Q8N335.1_GPD1L.HUMAN
sp|P21953.2|ODBB.HUMAN -> sp_P21953.2_ODBB.HUMAN
sp|Q9BUT1.2|DHRS6.HUMAN -> sp_Q9BUT1.2_DHRS6.HUMAN
sp|Q9BPW9.1|DHRS9.HUMAN -> sp_Q9BPW9.1_DHRS9.HUMAN
sp|C9JRZ8.2|AK1BF.HUMAN -> sp_C9JRZ8.2_AK1BF.HUMAN
sp|O95154.2|ARK73.HUMAN -> sp_O95154.2_ARK73.HUMAN
sp|Q7Z5J1.1|DHI1L.HUMAN -> sp_Q7Z5J1.1_DHI1L.HUMAN
sp|Q8IZV5.1|RDH10.HUMAN -> sp_Q8IZV5.1_RDH10.HUMAN
sp|P29803.1|ODPAT.HUMAN -> sp_P29803.1_ODPAT.HUMAN
sp|P47985.2|UCRI.HUMAN -> sp_P47985.2_UCRI.HUMAN
sp|Q14914.2|PTGR1.HUMAN -> sp_Q14914.2_PTGR1.HUMAN
sp|Q9BPX1.1|DHB14.HUMAN -> sp_Q9BPX1.1_DHB14.HUMAN
sp|Q8NBN7.2|RDH13.HUMAN -> sp_Q8NBN7.2_RDH13.HUMAN
sp|Q8IWW8.1|HOT.HUMAN -> sp_Q8IWW8.1_HOT.HUMAN
sp|P15428.1|PGDH.HUMAN -> sp_P15428.1_PGDH.HUMAN
sp|P19793.1|RXRA.HUMAN -> sp_P19793.1_RXRA.HUMAN
sp|P08319.5|ADH4.HUMAN -> sp_P08319.5_ADH4.HUMAN
sp|Q9NZD8.1|SPG21.HUMAN -> sp_Q9NZD8.1_SPG21.HUMAN
sp|Q9UQ10.1|DHDH.HUMAN -> sp_Q9UQ10.1_DHDH.HUMAN
sp|O75874.2|IDHC.HUMAN -> sp_O75874.2_IDHC.HUMAN
sp|P03886.1|NU1M.HUMAN -> sp_P03886.1_NU1M.HUMAN
sp|P28332.3|ADH6.HUMAN -> sp_P28332.3_ADH6.HUMAN
sp|Q8NHP1.7|ARK74.HUMAN -> sp_Q8NHP1.7_ARK74.HUMAN

                         Gap/Ambiguity  Composition  p-value
   1  sp_P08559.3_ODPA.HUMAN    82.67%    passed     24.19%
   2  sp_Q8N8N7.1_PTGR2.HUMAN   84.41%    failed      1.38%
   3  sp_Q9BUP3.2_HTAI2.HUMAN   89.25%    failed      1.30%
   4  sp_Q5TEU4.1_NDUF5.HUMAN   84.67%    passed     45.92%
   5  sp_A0PJE2.2_DHR12.HUMAN   85.92%    passed     83.44%
   6  sp_Q99714.3_HCD2.HUMAN    88.41%    failed      0.07%
   7  sp_O75306.2_NDUS2.HUMAN   79.43%    passed     38.16%
   8  sp_Q13363.2_CTBP1.HUMAN   80.45%    failed      0.39%
   9  sp_P56705.4_WNT4.HUMAN    84.41%    failed      0.00%
  10  sp_P22695.3_QCR2.HUMAN    79.88%    failed      0.01%
  11  sp_P21695.4_GPDA.HUMAN    84.50%    failed      1.92%
  12  sp_Q9NYR8.1_RDH8.HUMAN    86.18%    failed      1.39%
  13  sp_Q15119.2_PDK2.HUMAN    81.92%    passed     16.02%
  14  sp_P16083.5_NQO2.HUMAN    89.74%    passed     98.62%
  15  sp_Q8IXQ9.1_ETKMT.HUMAN   88.36%    passed     11.01%
  16  sp_Q96LJ7.1_DHRS1.HUMAN   86.10%    passed      5.84%
  17  sp_P14550.3_AK1A1.HUMAN   85.56%    passed     43.03%
  18  sp_Q13268.4_DHRS2.HUMAN   87.56%    failed      2.69%
  19  sp_Q8WWV3.2_RT4I1.HUMAN   82.41%    failed      4.70%
  20  sp_Q15118.1_PDK1.HUMAN    80.63%    passed      6.91%
  21  sp_Q9UJM8.1_HAOX1.HUMAN   83.56%    passed     15.89%
  22  sp_Q9NUI1.1_DECR2.HUMAN   87.03%    failed      0.58%
  23  sp_Q9BRQ8.1_FSP1.HUMAN    83.43%    failed      0.92%
  24  sp_P36957.4_ODO2.HUMAN    79.88%    failed      0.00%
  25  sp_Q14994.2_NR1I3.HUMAN   84.36%    failed      0.00%
  26  sp_Q8WUS8.2_D42E1.HUMAN   82.54%    passed      6.67%
  27  sp_P48448.3_AL3B2.HUMAN   82.90%    passed     25.55%
  28  sp_O75828.3_CBR3.HUMAN    87.69%    passed     22.85%
  29  sp_Q53FA7.2_QORX.HUMAN    85.25%    failed      0.23%
  30  sp_Q6ZMR3.1_LDH6A.HUMAN   85.25%    failed      0.16%
  31  sp_Q6IAN0.2_DRS7B.HUMAN   85.56%    failed      3.47%
  32  sp_Q9BY49.2_PECR.HUMAN    86.54%    passed     10.17%
  33  sp_Q9H171.2_ZBP1.HUMAN    80.94%    failed      0.00%
  34  sp_P14060.2_3BHS1.HUMAN   83.43%    passed     28.80%
  35  sp_Q13642.4_FHL1.HUMAN    85.65%    failed      0.00%
  36  sp_O75344.1_FKBP6.HUMAN   85.47%    failed      0.34%
  37  sp_Q53GQ0.2_DHB12.HUMAN   86.14%    failed      1.02%
  38  sp_P08574.3_CY1.HUMAN     85.56%    failed      0.05%
  39  sp_Q9NTG7.2_SIR3.HUMAN    82.27%    failed      0.00%
  40  sp_Q9UKU7.1_ACAD8.HUMAN   81.56%    passed     25.52%
  41  sp_P03891.2_NU2M.HUMAN    84.58%    failed      0.00%
  42  sp_Q8N4Q0.1_PTGR3.HUMAN   83.25%    failed      0.28%
  43  sp_Q7Z5P4.1_DHB13.HUMAN   86.67%    passed      6.19%
  44  sp_O96008.1_TOM40.HUMAN   83.96%    failed      0.01%
  45  sp_P50213.1_IDH3A.HUMAN   83.74%    passed     23.27%
  46  sp_Q16795.2_NDUA9.HUMAN   83.25%    failed      2.55%
  47  sp_Q9H2D1.2_S2532.HUMAN   86.01%    passed     20.20%
  48  sp_P07864.4_LDHC.HUMAN    85.25%    failed      0.07%
  49  sp_Q8NEX9.1_DR9C7.HUMAN   86.10%    passed     36.03%
  50  sp_P19404.2_NDUV2.HUMAN   88.94%    passed     59.92%
  51  sp_P52895.3_AK1C2.HUMAN   85.65%    passed     14.73%
  52  sp_P56545.1_CTBP2.HUMAN   80.23%    failed      3.08%
  53  sp_Q9Y394.1_DHRS7.HUMAN   84.94%    failed      2.25%
  54  sp_P51857.1_AK1D1.HUMAN   85.52%    passed     54.10%
  55  sp_P11310.1_ACADM.HUMAN   81.30%    failed      0.31%
  56  sp_P80365.2_DHI2.HUMAN    82.01%    failed      0.00%
  57  sp_Q9Y234.1_LIPT.HUMAN    83.43%    failed      0.33%
  58  sp_P07327.2_ADH1A.HUMAN   83.34%    failed      0.14%
  59  sp_Q9H9P8.3_L2HDH.HUMAN   79.43%    failed      0.30%
  60  sp_P00325.3_ADH1B.HUMAN   83.34%    failed      0.10%
  61  sp_Q16698.1_DECR.HUMAN    85.12%    failed      2.44%
  62  sp_Q08257.1_QOR.HUMAN     85.38%    failed      0.36%
  63  sp_P40926.3_MDHM.HUMAN    84.98%    failed      0.50%
  64  sp_P48735.2_IDHP.HUMAN    79.92%    passed     25.23%
  65  sp_Q8NBQ5.4_DHB11.HUMAN   86.67%    failed      0.46%
  66  sp_O95299.1_NDUAA.HUMAN   84.23%    passed     35.22%
  67  sp_Q6NVY1.2_HIBCH.HUMAN   82.85%    passed     13.67%
  68  sp_O14556.2_G3PT.HUMAN    81.87%    failed      0.02%
  69  sp_Q9BV79.2_MECR.HUMAN    83.43%    passed      9.38%
  70  sp_P07738.2_PMGE.HUMAN    88.49%    failed      1.99%
  71  sp_P26440.2_IVD.HUMAN     81.08%    passed     16.85%
  72  sp_Q9BYZ2.3_LDH6B.HUMAN   83.07%    failed      0.54%
  73  sp_P09417.2_DHPR.HUMAN    89.16%    failed      4.45%
  74  sp_Q8IWL3.3_HSC20.HUMAN   89.56%    passed     20.65%
  75  sp_P17516.3_AK1C4.HUMAN   85.65%    passed     13.44%
  76  sp_O43488.3_ARK72.HUMAN   84.05%    passed      5.15%
  77  sp_P49821.4_NDUV1.HUMAN   79.39%    failed      2.69%
  78  sp_O43448.2_KCAB3.HUMAN   82.05%    failed      1.26%
  79  sp_P48507.1_GSH0.HUMAN    87.83%    failed      2.14%
  80  sp_P11177.3_ODPB.HUMAN    84.05%    passed     15.58%
  81  sp_P11766.4_ADHX.HUMAN    83.39%    failed      0.00%
  82  sp_P31937.2_3HIDH.HUMAN   85.07%    failed      0.13%
  83  sp_Q9HBH5.1_RDH14.HUMAN   85.07%    failed      0.54%
  84  sp_Q00796.4_DHSO.HUMAN    84.14%    passed     11.65%
  85  sp_P16152.3_CBR1.HUMAN    87.69%    passed     52.61%
  86  sp_Q92506.2_DHB8.HUMAN    88.41%    failed      0.19%
  87  sp_O60218.2_AK1BA.HUMAN   85.96%    failed      4.79%
  88  sp_Q9Y6N5.1_SQOR.HUMAN    80.01%    passed     69.55%
  89  sp_Q8IZJ6.1_TDH.HUMAN     89.78%    passed     19.97%
  90  sp_P26439.2_3BHS2.HUMAN   83.47%    passed     14.04%
  91  sp_A6ND91.2_ASPDH.HUMAN   87.43%    failed      0.00%
  92  sp_Q9NYQ3.1_HAOX2.HUMAN   84.41%    passed      9.13%
  93  sp_Q9NRG7.3_D39U1.HUMAN   86.98%    failed      0.10%
  94  sp_P13995.2_MTDC.HUMAN    84.45%    failed      0.42%
  95  sp_Q14722.1_KCAB1.HUMAN   81.39%    failed      1.67%
  96  sp_P15121.3_ALDR.HUMAN    85.96%    passed     70.50%
  97  sp_Q9H8P0.1_PORED.HUMAN   85.87%    failed      0.00%
  98  sp_Q6UX07.1_DHR13.HUMAN   83.25%    failed      0.00%
  99  sp_Q9Y6E7.1_SIR4.HUMAN    86.05%    passed     46.59%
 100  sp_Q7Z4W1.2_DCXR.HUMAN    89.16%    failed      1.21%
 101  sp_Q9UMS0.2_NFU1.HUMAN    88.72%    passed     24.71%
 102  sp_Q8N4E7.1_FTMT.HUMAN    89.25%    failed      1.03%
 103  sp_P28330.2_ACADL.HUMAN   80.90%    passed      9.34%
 104  sp_P13804.1_ETFA.HUMAN    85.21%    failed      0.04%
 105  sp_Q9BQ95.1_ECSIT.HUMAN   80.85%    failed      0.00%
 106  sp_Q06136.1_KDSR.HUMAN    85.25%    passed     14.77%
 107  sp_P37059.1_DHB2.HUMAN    82.81%    passed     18.65%
 108  sp_Q15120.1_PDK3.HUMAN    81.96%    failed      0.91%
 109  sp_Q8N3Y7.2_RDHE2.HUMAN   86.27%    failed      0.83%
 110  sp_Q92781.1_RDH5.HUMAN    85.87%    failed      0.10%
 111  sp_Q99536.2_VAT1.HUMAN    82.54%    failed      0.11%
 112  sp_O14756.1_H17B6.HUMAN   85.92%    passed     80.96%
 113  sp_P03905.1_NU4M.HUMAN    79.61%    failed      0.00%
 114  sp_Q330K2.2_NDUF6.HUMAN   85.21%    passed     46.58%
 115  sp_Q8N4T8.3_CBR4.HUMAN    89.47%    failed      1.06%
 116  sp_P00414.2_COX3.HUMAN    88.41%    failed      0.00%
 117  sp_Q9H2F3.2_3BHS7.HUMAN   83.61%    failed      0.02%
 118  sp_A6NNS2.3_DRS7C.HUMAN   86.14%    passed     36.36%
 119  sp_Q96JD6.2_AKCL2.HUMAN   85.78%    passed     48.12%
 120  sp_P14061.3_DHB1.HUMAN    85.43%    failed      0.00%
 121  sp_O75452.2_RDH16.HUMAN   85.92%    passed     10.38%
 122  sp_Q14894.1_CRYM.HUMAN    86.05%    failed      0.14%
 123  sp_Q9Y375.2_CIA30.HUMAN   85.47%    failed      1.33%
 124  sp_Q04828.1_AK1C1.HUMAN   85.65%    passed     16.37%
 125  sp_O43766.3_LIAS.HUMAN    83.47%    failed      4.98%
 126  sp_P11474.3_ERR1.HUMAN    81.21%    failed      0.00%
 127  sp_P51553.1_IDH3G.HUMAN   82.54%    failed      0.83%
 128  sp_P40394.2_ADH7.HUMAN    82.85%    failed      0.00%
 129  sp_P12694.2_ODBA.HUMAN    80.23%    failed      0.48%
 130  sp_Q16836.3_HCDH.HUMAN    86.05%    failed      0.15%
 131  sp_Q92947.1_GCDH.HUMAN    80.54%    failed      4.02%
 132  sp_P00338.2_LDHA.HUMAN    85.25%    failed      3.99%
 133  sp_Q9Y2S2.3_CRYL1.HUMAN   85.83%    passed     15.74%
 134  sp_P15559.1_NQO1.HUMAN    87.83%    passed     30.80%
 135  sp_P0CG22.1_DR4L1.HUMAN   87.52%    passed      9.51%
 136  sp_P78417.2_GSTO1.HUMAN   89.29%    failed      4.30%
 137  sp_O43837.2_IDH3B.HUMAN   82.90%    passed     18.07%
 138  sp_O75911.2_DHRS3.HUMAN   86.58%    passed     40.88%
 139  sp_Q9HCJ6.2_VAT1L.HUMAN   81.39%    failed      0.24%
 140  sp_P00403.1_COX2.HUMAN    89.92%    failed      0.19%
 141  sp_Q9UBQ7.1_GRHPR.HUMAN   85.43%    passed      9.63%
 142  sp_Q3SXM5.3_HSDL1.HUMAN   85.34%    passed      6.23%
 143  sp_Q8N3J5.1_PPM1K.HUMAN   83.47%    passed     17.48%
 144  sp_P31213.2_S5A2.HUMAN    88.72%    failed      0.00%
 145  sp_Q6PKH6.2_DR4L2.HUMAN   89.69%    failed      2.01%
 146  sp_P56937.1_DHB7.HUMAN    84.85%    failed      3.99%
 147  sp_P37058.2_DHB3.HUMAN    86.23%    passed      7.14%
 148  sp_Q03181.1_PPARD.HUMAN   80.41%    passed     13.82%
 149  sp_P45954.1_ACDSB.HUMAN   80.81%    passed      6.62%
 150  sp_Q8TC12.2_RDH11.HUMAN   85.87%    passed     14.71%
 151  sp_P07098.1_LIPF.HUMAN    82.32%    failed      1.29%
 152  sp_Q9HBL8.1_NMRL1.HUMAN   86.72%    passed      6.68%
 153  sp_Q9H4Y5.1_GSTO2.HUMAN   89.20%    passed     50.09%
 154  sp_Q8TB37.3_NUBPL.HUMAN   85.83%    failed      0.67%
 155  sp_P38117.3_ETFB.HUMAN    88.67%    failed      0.00%
 156  sp_P16219.1_ACADS.HUMAN   81.70%    failed      0.00%
 157  sp_P40925.4_MDHC.HUMAN    85.16%    failed      1.52%
 158  sp_P36959.1_GMPR1.HUMAN   84.67%    passed     16.17%
 159  sp_Q02338.3_BDH.HUMAN     84.76%    passed     23.40%
 160  sp_Q9NZC7.1_WWOX.HUMAN    81.61%    passed     27.88%
 161  sp_P21912.3_SDHB.HUMAN    87.56%    passed      6.42%
 162  sp_P30838.3_AL3A1.HUMAN   79.88%    passed     45.13%
 163  sp_P28845.3_DHI1.HUMAN    87.03%    failed      2.99%
 164  sp_Q6UWP2.1_DHR11.HUMAN   88.45%    passed     67.59%
 165  sp_P51572.3_BAP31.HUMAN   89.07%    failed      0.01%
 166  sp_Q13303.2_KCAB2.HUMAN   83.70%    passed     17.09%
 167  sp_Q7L592.1_NDUF7.HUMAN   80.41%    passed     63.21%
 168  sp_Q8N5I4.2_DHRSX.HUMAN   85.34%    passed     22.76%
 169  sp_Q13630.1_FCL.HUMAN     85.74%    passed     61.86%
 170  sp_A6NKP2.3_D42E2.HUMAN   81.25%    failed      1.65%
 171  sp_Q9NZ01.1_TECR.HUMAN    86.32%    failed      0.23%
 172  sp_P04406.3_G3P.HUMAN     85.12%    failed      0.61%
 173  sp_Q9BTZ2.3_DHRS4.HUMAN   87.65%    failed      4.00%
 174  sp_Q9H903.3_MTD2L.HUMAN   84.58%    failed      0.09%
 175  sp_Q02127.3_PYRD.HUMAN    82.45%    failed      0.00%
 176  sp_P00326.2_ADH1G.HUMAN   83.34%    failed      0.05%
 177  sp_Q15738.2_NSDHL.HUMAN   83.43%    passed     65.75%
 178  sp_Q6YN16.1_HSDL2.HUMAN   81.43%    failed      0.08%
 179  sp_O95825.2_QORL1.HUMAN   84.50%    failed      3.16%
 180  sp_Q8NBM4.1_UBAC2.HUMAN   84.72%    failed      0.00%
 181  sp_P18405.1_S5A1.HUMAN    88.49%    failed      1.52%
 182  sp_Q9NRN7.2_ADPPT.HUMAN   86.27%    failed      4.93%
 183  sp_Q96NR8.3_RDH12.HUMAN   85.96%    failed      3.15%
 184  sp_O14874.2_BCKD.HUMAN    81.70%    failed      0.07%
 185  sp_P07195.2_LDHB.HUMAN    85.16%    failed      0.30%
 186  sp_P42330.4_AK1C3.HUMAN   85.65%    passed     26.90%
 187  sp_O95237.2_LRAT.HUMAN    89.78%    passed     62.99%
 188  sp_Q8NBX0.1_SCPDL.HUMAN   80.94%    passed      6.40%
 189  sp_Q16654.1_PDK4.HUMAN    81.74%    passed      8.63%
 190  sp_Q8N335.1_GPD1L.HUMAN   84.41%    passed      6.29%
 191  sp_P21953.2_ODBB.HUMAN    82.59%    passed      8.31%
 192  sp_Q9BUT1.2_DHRS6.HUMAN   89.12%    passed     42.83%
 193  sp_Q9BPW9.1_DHRS9.HUMAN   85.83%    passed     15.54%
 194  sp_C9JRZ8.2_AK1BF.HUMAN   85.96%    failed      2.53%
 195  sp_O95154.2_ARK73.HUMAN   85.30%    passed     34.94%
 196  sp_Q7Z5J1.1_DHI1L.HUMAN   86.01%    failed      0.11%
 197  sp_Q8IZV5.1_RDH10.HUMAN   84.85%    passed     36.79%
 198  sp_P29803.1_ODPAT.HUMAN   82.76%    passed     25.49%
 199  sp_P47985.2_UCRI.HUMAN    87.83%    failed      4.86%
 200  sp_Q14914.2_PTGR1.HUMAN   85.38%    failed      0.28%
 201  sp_Q9BPX1.1_DHB14.HUMAN   88.01%    failed      0.97%
 202  sp_Q8NBN7.2_RDH13.HUMAN   85.30%    failed      4.68%
 203  sp_Q8IWW8.1_HOT.HUMAN     79.25%    failed      0.20%
 204  sp_P15428.1_PGDH.HUMAN    88.18%    failed      3.48%
 205  sp_P19793.1_RXRA.HUMAN    79.48%    failed      2.46%
 206  sp_P08319.5_ADH4.HUMAN    83.12%    failed      0.00%
 207  sp_Q9NZD8.1_SPG21.HUMAN   86.32%    passed     80.06%
 208  sp_Q9UQ10.1_DHDH.HUMAN    85.16%    passed     20.45%
 209  sp_O75874.2_IDHC.HUMAN    81.61%    failed      4.81%
 210  sp_P03886.1_NU1M.HUMAN    85.87%    failed      0.00%
 211  sp_P28332.3_ADH6.HUMAN    83.65%    failed      0.04%
 212  sp_Q8NHP1.7_ARK74.HUMAN   85.30%    passed     25.65%
WARNING: 212 sequences contain more than 50% gaps/ambiguity
****  TOTAL                     84.72%  122 sequences failed composition chi2 test (p-value<5%; df=19)

Create initial parsimony tree by phylogenetic likelihood library (PLL)... 0.451 seconds
Generating 1000 samples for ultrafast bootstrap (seed: 118454)...

NOTE: 305 MB RAM (0 GB) is required!
Measuring multi-threading efficiency up to 12 CPU cores
7 trees examined
Threads: 1 / Time: 12.261 sec / Speedup: 1.000 / Efficiency: 100% / LogL: -190607
Threads: 2 / Time: 6.601 sec / Speedup: 1.858 / Efficiency: 93% / LogL: -190607
Threads: 3 / Time: 4.759 sec / Speedup: 2.577 / Efficiency: 86% / LogL: -190607
Threads: 4 / Time: 3.920 sec / Speedup: 3.128 / Efficiency: 78% / LogL: -190607
Threads: 5 / Time: 3.349 sec / Speedup: 3.661 / Efficiency: 73% / LogL: -190607
Threads: 6 / Time: 3.205 sec / Speedup: 3.826 / Efficiency: 64% / LogL: -190607
Threads: 7 / Time: 3.817 sec / Speedup: 3.212 / Efficiency: 46% / LogL: -190607
BEST NUMBER OF THREADS: 5

Estimate model parameters (epsilon = 0.100)
1. Initial log-likelihood: -176460.813
2. Current log-likelihood: -162412.195
3. Current log-likelihood: -162019.870
4. Current log-likelihood: -161993.189
5. Current log-likelihood: -161990.006
6. Current log-likelihood: -161989.324
Optimal log-likelihood: -161989.161
Gamma shape alpha: 2.300
Parameters optimization took 6 rounds (13.166 sec)
Computing ML distances based on estimated model parameters... 14.190 sec
WARNING: Some pairwise ML distances are too long (saturated)
Computing BIONJ tree...
0.029 seconds
Log-likelihood of BIONJ tree: -161564.210
--------------------------------------------------------------------
|             INITIALIZING CANDIDATE TREE SET                      |
--------------------------------------------------------------------
Generating 98 parsimony trees... 33.889 second
Computing log-likelihood of 98 initial trees ... 83.413 seconds
Current best score: -161564.210

Do NNI search on 20 best initial trees
Estimate model parameters (epsilon = 0.100)
BETTER TREE FOUND at iteration 1: -161413.735
Estimate model parameters (epsilon = 0.100)
BETTER TREE FOUND at iteration 5: -161399.517
Iteration 10 / LogL: -161428.444 / Time: 0h:7m:44s
Iteration 20 / LogL: -161477.669 / Time: 0h:13m:5s
Finish initializing candidate tree set (20)
Current best tree score: -161399.517 / CPU time: 725.066
Number of iterations: 20
--------------------------------------------------------------------
|               OPTIMIZING CANDIDATE TREE SET                      |
--------------------------------------------------------------------
Estimate model parameters (epsilon = 0.100)
BETTER TREE FOUND at iteration 23: -161380.257
Estimate model parameters (epsilon = 0.100)
BETTER TREE FOUND at iteration 24: -161371.759
Estimate model parameters (epsilon = 0.100)
BETTER TREE FOUND at iteration 25: -161368.298
Estimate model parameters (epsilon = 0.100)
BETTER TREE FOUND at iteration 26: -161356.236
Estimate model parameters (epsilon = 0.100)
BETTER TREE FOUND at iteration 28: -161351.051
Estimate model parameters (epsilon = 0.100)
BETTER TREE FOUND at iteration 29: -161350.755
Iteration 30 / LogL: -161352.394 / Time: 0h:16m:16s (0h:55m:30s left)
Estimate model parameters (epsilon = 0.100)
BETTER TREE FOUND at iteration 31: -161349.597
Estimate model parameters (epsilon = 0.100)
BETTER TREE FOUND at iteration 35: -161348.346
Estimate model parameters (epsilon = 0.100)
BETTER TREE FOUND at iteration 37: -161338.501
Iteration 40 / LogL: -161388.060 / Time: 0h:19m:43s (0h:49m:2s left)
Estimate model parameters (epsilon = 0.100)
BETTER TREE FOUND at iteration 45: -161329.695
Estimate model parameters (epsilon = 0.100)
BETTER TREE FOUND at iteration 48: -161327.772
Iteration 50 / LogL: -161328.950 / Time: 0h:22m:55s (0h:45m:49s left)
Log-likelihood cutoff on original alignment: -161512.897
Estimate model parameters (epsilon = 0.100)
BETTER TREE FOUND at iteration 51: -161326.558
Estimate model parameters (epsilon = 0.100)
BETTER TREE FOUND at iteration 56: -161324.537
Iteration 60 / LogL: -161342.027 / Time: 0h:26m:12s (0h:42m:38s left)
Estimate model parameters (epsilon = 0.100)
BETTER TREE FOUND at iteration 65: -161324.063
Iteration 70 / LogL: -161330.349 / Time: 0h:29m:21s (0h:40m:24s left)
Estimate model parameters (epsilon = 0.100)
BETTER TREE FOUND at iteration 76: -161323.837
Iteration 80 / LogL: -161332.442 / Time: 0h:32m:30s (0h:39m:29s left)
Estimate model parameters (epsilon = 0.100)
BETTER TREE FOUND at iteration 84: -161320.544
Estimate model parameters (epsilon = 0.100)
BETTER TREE FOUND at iteration 90: -161319.679
Iteration 90 / LogL: -161319.679 / Time: 0h:35m:26s (0h:39m:48s left)
Estimate model parameters (epsilon = 0.100)
BETTER TREE FOUND at iteration 91: -161314.897
Estimate model parameters (epsilon = 0.100)
BETTER TREE FOUND at iteration 93: -161308.363
Estimate model parameters (epsilon = 0.100)
BETTER TREE FOUND at iteration 96: -161306.579
Iteration 100 / LogL: -161309.026 / Time: 0h:38m:18s (0h:37m:8s left)
Log-likelihood cutoff on original alignment: -161470.298
NOTE: Bootstrap correlation coefficient of split occurrence frequencies: 0.899
NOTE: UFBoot does not converge, continue at least 100 more iterations
Estimate model parameters (epsilon = 0.100)
BETTER TREE FOUND at iteration 107: -161305.027
Iteration 110 / LogL: -161305.681 / Time: 0h:41m:2s (0h:36m:30s left)
Estimate model parameters (epsilon = 0.100)
BETTER TREE FOUND at iteration 115: -161304.130
Estimate model parameters (epsilon = 0.100)
BETTER TREE FOUND at iteration 117: -161303.574
Iteration 120 / LogL: -161305.640 / Time: 0h:43m:51s (0h:35m:44s left)
Estimate model parameters (epsilon = 0.100)
BETTER TREE FOUND at iteration 124: -161301.267
Iteration 130 / LogL: -161315.142 / Time: 0h:46m:41s (0h:34m:1s left)
Estimate model parameters (epsilon = 0.100)
BETTER TREE FOUND at iteration 131: -161300.505
Estimate model parameters (epsilon = 0.100)
BETTER TREE FOUND at iteration 135: -161297.802
Iteration 140 / LogL: -161298.069 / Time: 0h:49m:28s (0h:33m:48s left)
Estimate model parameters (epsilon = 0.100)
BETTER TREE FOUND at iteration 141: -161292.547
Estimate model parameters (epsilon = 0.100)
BETTER TREE FOUND at iteration 147: -161291.135
Estimate model parameters (epsilon = 0.100)
BETTER TREE FOUND at iteration 150: -161290.511
Iteration 150 / LogL: -161290.511 / Time: 0h:52m:19s (0h:35m:6s left)
Log-likelihood cutoff on original alignment: -161470.298
Estimate model parameters (epsilon = 0.100)
BETTER TREE FOUND at iteration 152: -161287.073
Estimate model parameters (epsilon = 0.100)
BETTER TREE FOUND at iteration 156: -161286.702
Iteration 160 / LogL: -161289.297 / Time: 0h:54m:47s (0h:33m:4s left)
Estimate model parameters (epsilon = 0.100)
BETTER TREE FOUND at iteration 162: -161284.906
Estimate model parameters (epsilon = 0.100)
BETTER TREE FOUND at iteration 166: -161280.804
Iteration 170 / LogL: -161287.075 / Time: 0h:57m:16s (0h:32m:32s left)
Iteration 180 / LogL: -161286.038 / Time: 0h:59m:34s (0h:28m:37s left)
Estimate model parameters (epsilon = 0.100)
BETTER TREE FOUND at iteration 182: -161273.938
Iteration 190 / LogL: -161275.173 / Time: 1h:2m:17s (0h:30m:18s left)
Estimate model parameters (epsilon = 0.100)
BETTER TREE FOUND at iteration 192: -161273.583
Estimate model parameters (epsilon = 0.100)
BETTER TREE FOUND at iteration 195: -161272.138
Iteration 200 / LogL: -161281.763 / Time: 1h:4m:54s (0h:30m:58s left)
Log-likelihood cutoff on original alignment: -161433.597
NOTE: Bootstrap correlation coefficient of split occurrence frequencies: 0.893
NOTE: UFBoot does not converge, continue at least 100 more iterations
Estimate model parameters (epsilon = 0.100)
BETTER TREE FOUND at iteration 207: -161271.120
Estimate model parameters (epsilon = 0.100)
BETTER TREE FOUND at iteration 209: -161270.727
Iteration 210 / LogL: -161275.643 / Time: 1h:7m:33s (0h:31m:59s left)
Estimate model parameters (epsilon = 0.100)
BETTER TREE FOUND at iteration 214: -161270.322
Estimate model parameters (epsilon = 0.100)
BETTER TREE FOUND at iteration 217: -161270.152
Iteration 220 / LogL: -161271.642 / Time: 1h:10m:2s (0h:31m:1s left)
Estimate model parameters (epsilon = 0.100)
BETTER TREE FOUND at iteration 225: -161267.661
Estimate model parameters (epsilon = 0.100)
BETTER TREE FOUND at iteration 229: -161267.001
Iteration 230 / LogL: -161272.503 / Time: 1h:12m:28s (0h:31m:19s left)
Iteration 240 / LogL: -161274.741 / Time: 1h:14m:52s (0h:27m:52s left)
Iteration 250 / LogL: -161269.886 / Time: 1h:17m:26s (0h:24m:33s left)
Log-likelihood cutoff on original alignment: -161358.856
Estimate model parameters (epsilon = 0.100)
BETTER TREE FOUND at iteration 254: -161265.845
Iteration 260 / LogL: -161286.814 / Time: 1h:20m:22s (0h:29m:10s left)
Iteration 270 / LogL: -161270.657 / Time: 1h:22m:56s (0h:25m:53s left)
Estimate model parameters (epsilon = 0.100)
BETTER TREE FOUND at iteration 272: -161261.898
Iteration 280 / LogL: -161265.865 / Time: 1h:25m:45s (0h:28m:16s left)
Estimate model parameters (epsilon = 0.100)
BETTER TREE FOUND at iteration 284: -161260.213
Estimate model parameters (epsilon = 0.100)
BETTER TREE FOUND at iteration 285: -161259.132
Iteration 290 / LogL: -161268.679 / Time: 1h:28m:37s (0h:29m:7s left)
Estimate model parameters (epsilon = 0.100)
BETTER TREE FOUND at iteration 297: -161258.688
Iteration 300 / LogL: -161265.104 / Time: 1h:31m:31s (0h:29m:41s left)
Log-likelihood cutoff on original alignment: -161358.856
NOTE: Bootstrap correlation coefficient of split occurrence frequencies: 0.902
NOTE: UFBoot does not converge, continue at least 100 more iterations
Estimate model parameters (epsilon = 0.100)
BETTER TREE FOUND at iteration 305: -161257.188
Iteration 310 / LogL: -161271.544 / Time: 1h:34m:19s (0h:28m:59s left)
Iteration 320 / LogL: -161273.615 / Time: 1h:36m:58s (0h:25m:50s left)
Estimate model parameters (epsilon = 0.100)
BETTER TREE FOUND at iteration 326: -161256.822
Estimate model parameters (epsilon = 0.100)
BETTER TREE FOUND at iteration 327: -161256.623
Iteration 330 / LogL: -161258.712 / Time: 1h:39m:48s (0h:29m:25s left)
Iteration 340 / LogL: -161260.466 / Time: 1h:42m:28s (0h:26m:17s left)
Iteration 350 / LogL: -161262.850 / Time: 1h:45m:0s (0h:23m:9s left)
Log-likelihood cutoff on original alignment: -161358.856
Iteration 360 / LogL: -161263.479 / Time: 1h:47m:38s (0h:20m:5s left)
Estimate model parameters (epsilon = 0.100)
BETTER TREE FOUND at iteration 369: -161255.003
Iteration 370 / LogL: -161258.372 / Time: 1h:50m:12s (0h:29m:33s left)
Iteration 380 / LogL: -161290.915 / Time: 1h:52m:51s (0h:26m:30s left)
Iteration 390 / LogL: -161262.292 / Time: 1h:55m:33s (0h:23m:27s left)
Iteration 400 / LogL: -161261.068 / Time: 1h:58m:12s (0h:20m:26s left)
Log-likelihood cutoff on original alignment: -161358.856
NOTE: Bootstrap correlation coefficient of split occurrence frequencies: 0.932
NOTE: UFBoot does not converge, continue at least 100 more iterations
Iteration 410 / LogL: -161258.835 / Time: 2h:0m:40s (0h:26m:33s left)
Iteration 420 / LogL: -161261.809 / Time: 2h:3m:16s (0h:23m:32s left)
Iteration 430 / LogL: -161265.691 / Time: 2h:5m:56s (0h:20m:32s left)
Iteration 440 / LogL: -161284.031 / Time: 2h:8m:31s (0h:17m:33s left)
Iteration 450 / LogL: -161262.267 / Time: 2h:11m:2s (0h:14m:35s left)
Log-likelihood cutoff on original alignment: -161357.252
Iteration 460 / LogL: -161272.760 / Time: 2h:14m:33s (0h:11m:43s left)
Iteration 470 / LogL: -161266.425 / Time: 2h:17m:53s (0h:8m:49s left)
Iteration 480 / LogL: -161262.018 / Time: 2h:21m:22s (0h:5m:54s left)
Iteration 490 / LogL: -161263.430 / Time: 2h:24m:55s (0h:2m:57s left)
Iteration 500 / LogL: -161259.009 / Time: 2h:28m:39s (0h:0m:0s left)
Log-likelihood cutoff on original alignment: -161357.252
NOTE: Bootstrap correlation coefficient of split occurrence frequencies: 0.959
NOTE: UFBoot does not converge, continue at least 100 more iterations
Iteration 510 / LogL: -161264.143 / Time: 2h:32m:6s (0h:26m:53s left)
Iteration 520 / LogL: -161258.272 / Time: 2h:36m:0s (0h:24m:2s left)
Iteration 530 / LogL: -161259.878 / Time: 2h:39m:21s (0h:21m:5s left)
Iteration 540 / LogL: -161255.733 / Time: 2h:41m:57s (0h:18m:1s left)
Iteration 550 / LogL: -161262.094 / Time: 2h:44m:37s (0h:14m:59s left)
Log-likelihood cutoff on original alignment: -161357.252
Iteration 560 / LogL: -161265.053 / Time: 2h:48m:0s (0h:12m:1s left)
Iteration 570 / LogL: -161263.813 / Time: 2h:51m:27s (0h:9m:2s left)
Iteration 580 / LogL: -161256.788 / Time: 2h:55m:3s (0h:6m:2s left)
Iteration 590 / LogL: -161272.950 / Time: 2h:58m:49s (0h:3m:2s left)
Iteration 600 / LogL: -161262.257 / Time: 3h:2m:21s (0h:0m:0s left)
Log-likelihood cutoff on original alignment: -161357.252
NOTE: Bootstrap correlation coefficient of split occurrence frequencies: 0.981
NOTE: UFBoot does not converge, continue at least 100 more iterations
Iteration 610 / LogL: -161261.657 / Time: 3h:5m:48s (0h:27m:27s left)
Estimate model parameters (epsilon = 0.100)
BETTER TREE FOUND at iteration 620: -161253.827
Iteration 620 / LogL: -161253.827 / Time: 3h:9m:21s (0h:30m:35s left)
Estimate model parameters (epsilon = 0.100)
BETTER TREE FOUND at iteration 623: -161253.288
Iteration 630 / LogL: -161261.298 / Time: 3h:12m:55s (0h:28m:31s left)
Iteration 640 / LogL: -161256.945 / Time: 3h:15m:35s (0h:25m:24s left)
Estimate model parameters (epsilon = 0.100)
BETTER TREE FOUND at iteration 643: -161252.775
Estimate model parameters (epsilon = 0.100)
BETTER TREE FOUND at iteration 644: -161251.501
Estimate model parameters (epsilon = 0.100)
BETTER TREE FOUND at iteration 648: -161249.646
Iteration 650 / LogL: -161257.025 / Time: 3h:18m:24s (0h:29m:57s left)
Log-likelihood cutoff on original alignment: -161357.252
Estimate model parameters (epsilon = 0.100)
BETTER TREE FOUND at iteration 651: -161248.113
Estimate model parameters (epsilon = 0.100)
BETTER TREE FOUND at iteration 652: -161248.040
Estimate model parameters (epsilon = 0.100)
BETTER TREE FOUND at iteration 653: -161246.634
Iteration 660 / LogL: -161266.120 / Time: 3h:21m:59s (0h:28m:30s left)
Iteration 670 / LogL: -161249.936 / Time: 3h:25m:43s (0h:25m:31s left)
Estimate model parameters (epsilon = 0.100)
BETTER TREE FOUND at iteration 673: -161245.006
Iteration 680 / LogL: -161251.907 / Time: 3h:29m:42s (0h:28m:43s left)
Estimate model parameters (epsilon = 0.100)
BETTER TREE FOUND at iteration 686: -161242.894
Estimate model parameters (epsilon = 0.100)
BETTER TREE FOUND at iteration 690: -161241.857
Iteration 690 / LogL: -161241.857 / Time: 3h:33m:30s (0h:30m:59s left)
Estimate model parameters (epsilon = 0.100)
BETTER TREE FOUND at iteration 698: -161241.495
Iteration 700 / LogL: -161256.151 / Time: 3h:37m:20s (0h:30m:28s left)
Log-likelihood cutoff on original alignment: -161357.252
NOTE: Bootstrap correlation coefficient of split occurrence frequencies: 0.965
NOTE: UFBoot does not converge, continue at least 100 more iterations
Estimate model parameters (epsilon = 0.100)
BETTER TREE FOUND at iteration 709: -161239.902
Iteration 710 / LogL: -161244.079 / Time: 3h:41m:12s (0h:30m:53s left)
Iteration 720 / LogL: -161241.209 / Time: 3h:44m:45s (0h:27m:49s left)
Iteration 730 / LogL: -161266.045 / Time: 3h:47m:56s (0h:24m:42s left)
Iteration 740 / LogL: -161252.218 / Time: 3h:50m:53s (0h:21m:33s left)
Iteration 750 / LogL: -161243.226 / Time: 3h:53m:31s (0h:18m:23s left)
Log-likelihood cutoff on original alignment: -161357.252
Iteration 760 / LogL: -161245.427 / Time: 3h:56m:59s (0h:15m:17s left)
Iteration 770 / LogL: -161250.131 / Time: 4h:0m:36s (0h:12m:12s left)
Iteration 780 / LogL: -161250.367 / Time: 4h:4m:10s (0h:9m:5s left)
Estimate model parameters (epsilon = 0.100)
BETTER TREE FOUND at iteration 789: -161238.210
Estimate model parameters (epsilon = 0.100)
BETTER TREE FOUND at iteration 790: -161237.908
Iteration 790 / LogL: -161237.908 / Time: 4h:7m:36s (0h:31m:22s left)
Estimate model parameters (epsilon = 0.100)
BETTER TREE FOUND at iteration 795: -161237.217
Estimate model parameters (epsilon = 0.100)
BETTER TREE FOUND at iteration 796: -161233.739
Estimate model parameters (epsilon = 0.100)
BETTER TREE FOUND at iteration 799: -161233.306
Iteration 800 / LogL: -161234.593 / Time: 4h:10m:57s (0h:31m:5s left)
Log-likelihood cutoff on original alignment: -161357.252
NOTE: Bootstrap correlation coefficient of split occurrence frequencies: 0.933
NOTE: UFBoot does not converge, continue at least 100 more iterations
Iteration 810 / LogL: -161234.788 / Time: 4h:14m:11s (0h:28m:16s left)
Estimate model parameters (epsilon = 0.100)
BETTER TREE FOUND at iteration 815: -161232.485
Estimate model parameters (epsilon = 0.100)
BETTER TREE FOUND at iteration 818: -161231.284
Iteration 820 / LogL: -161235.550 / Time: 4h:17m:39s (0h:30m:49s left)
Estimate model parameters (epsilon = 0.100)
BETTER TREE FOUND at iteration 821: -161230.972
Iteration 830 / LogL: -161243.603 / Time: 4h:20m:56s (0h:28m:38s left)
Iteration 840 / LogL: -161234.685 / Time: 4h:23m:24s (0h:25m:25s left)
Estimate model parameters (epsilon = 0.100)
BETTER TREE FOUND at iteration 842: -161230.134
Iteration 850 / LogL: -161230.515 / Time: 4h:25m:59s (0h:28m:49s left)
Log-likelihood cutoff on original alignment: -161357.252
Estimate model parameters (epsilon = 0.100)
BETTER TREE FOUND at iteration 859: -161227.816
Iteration 860 / LogL: -161229.006 / Time: 4h:28m:52s (0h:30m:59s left)
Iteration 870 / LogL: -161232.792 / Time: 4h:32m:7s (0h:27m:52s left)
Iteration 880 / LogL: -161228.751 / Time: 4h:35m:33s (0h:24m:45s left)
BETTER TREE FOUND at iteration 890: -161227.808
Iteration 890 / LogL: -161227.808 / Time: 4h:38m:57s (0h:31m:22s left)
Iteration 900 / LogL: -161264.350 / Time: 4h:42m:11s (0h:28m:14s left)
Log-likelihood cutoff on original alignment: -161357.252
NOTE: Bootstrap correlation coefficient of split occurrence frequencies: 0.910
NOTE: UFBoot does not converge, continue at least 100 more iterations
Estimate model parameters (epsilon = 0.100)
BETTER TREE FOUND at iteration 906: -161227.768
Estimate model parameters (epsilon = 0.100)
BETTER TREE FOUND at iteration 908: -161226.806
Iteration 910 / LogL: -161232.839 / Time: 4h:45m:44s (0h:30m:48s left)
Iteration 920 / LogL: -161237.286 / Time: 4h:49m:8s (0h:27m:41s left)
Iteration 930 / LogL: -161228.782 / Time: 4h:52m:32s (0h:24m:33s left)
Estimate model parameters (epsilon = 0.100)
BETTER TREE FOUND at iteration 938: -161226.169
Iteration 940 / LogL: -161232.839 / Time: 4h:55m:15s (0h:30m:48s left)
Estimate model parameters (epsilon = 0.100)
BETTER TREE FOUND at iteration 943: -161225.657
Estimate model parameters (epsilon = 0.100)
BETTER TREE FOUND at iteration 948: -161224.219
Iteration 950 / LogL: -161225.553 / Time: 4h:57m:46s (0h:30m:44s left)
Log-likelihood cutoff on original alignment: -161314.836
Iteration 960 / LogL: -161227.733 / Time: 5h:0m:18s (0h:27m:33s left)
Iteration 970 / LogL: -161226.771 / Time: 5h:3m:15s (0h:24m:24s left)
Iteration 980 / LogL: -161229.903 / Time: 5h:6m:35s (0h:21m:17s left)
Estimate model parameters (epsilon = 0.100)
BETTER TREE FOUND at iteration 984: -161222.969
Iteration 990 / LogL: -161232.785 / Time: 5h:9m:59s (0h:29m:27s left)
Iteration 1000 / LogL: -161230.356 / Time: 5h:13m:21s (0h:26m:20s left)
Log-likelihood cutoff on original alignment: -161314.836
NOTE: Bootstrap correlation coefficient of split occurrence frequencies: 0.901
NOTE: UFBoot does not converge, continue at least 100 more iterations
WARNING: bootstrap analysis did not converge. You should rerun with higher number of iterations (-nm option)
TREE SEARCH COMPLETED AFTER 1001 ITERATIONS / Time: 5h:13m:42s

--------------------------------------------------------------------
|                    FINALIZING TREE SEARCH                        |
--------------------------------------------------------------------
Performs final model parameters optimization
Estimate model parameters (epsilon = 0.010)
1. Initial log-likelihood: -161222.969
Optimal log-likelihood: -161222.967
Gamma shape alpha: 2.296
Parameters optimization took 1 rounds (1.617 sec)
BEST SCORE FOUND : -161222.967
Creating bootstrap support values...
Split supports printed to NEXUS file iqtree/IQ-TREE_output.splits.nex
Total tree length: 296.397

Total number of iterations: 1001
CPU time used for tree search: 77907.334 sec (21h:38m:27s)
Wall-clock time used for tree search: 18762.034 sec (5h:12m:42s)
Total CPU time used: 78112.773 sec (21h:41m:52s)
Total wall-clock time used: 18825.178 sec (5h:13m:45s)

Computing bootstrap consensus tree...
Reading input file iqtree/IQ-TREE_output.splits.nex...
212 taxa and 2677 splits.
Consensus tree written to iqtree/IQ-TREE_output.contree
Reading input trees file iqtree/IQ-TREE_output.contree
Log-likelihood of consensus tree: -161231.287

Analysis results written to: 
  IQ-TREE report:                iqtree/IQ-TREE_output.iqtree
  Maximum-likelihood tree:       iqtree/IQ-TREE_output.treefile
  Likelihood distances:          iqtree/IQ-TREE_output.mldist

Ultrafast bootstrap approximation results written to:
  Split support values:          iqtree/IQ-TREE_output.splits.nex
  Consensus tree:                iqtree/IQ-TREE_output.contree
  Screen log file:               iqtree/IQ-TREE_output.log

Date and Time: Fri Feb 16 20:52:28 2024
