Building DAG of jobs...
Using shell: /bin/bash
Provided cores: 1 (use --cores to define parallelism)
Rules claiming more threads will be scaled down.
Job stats:
job                   count
------------------  -------
infer_protein_tree        1
rename_output_file        1
total                     2

Select jobs to execute...

[Mon Aug  7 14:13:23 2023]
rule infer_protein_tree:
    input: protein_sequences.fasta
    output: RAxML_bestTree.AUTO
    jobid: 1
    reason: Missing output files: RAxML_bestTree.AUTO
    resources: tmpdir=/var/folders/6w/cbbj2d4d1cs82bbv3lr2jt700000gn/T

raxmlHPC -p 12345 -m PROTGAMMAAUTO -s protein_sequences.fasta -n AUTO
[Mon Aug  7 14:14:26 2023]
Finished job 1.
1 of 2 steps (50%) done
Select jobs to execute...

[Mon Aug  7 14:14:26 2023]
rule rename_output_file:
    input: RAxML_bestTree.AUTO
    output: RAxML_bestTree.tree
    jobid: 0
    reason: Missing output files: RAxML_bestTree.tree; Input files updated by another job: RAxML_bestTree.AUTO
    resources: tmpdir=/var/folders/6w/cbbj2d4d1cs82bbv3lr2jt700000gn/T

[Mon Aug  7 14:14:26 2023]
Finished job 0.
2 of 2 steps (100%) done
Complete log: .snakemake/log/2023-08-07T141323.334015.snakemake.log
