Building DAG of jobs...
Using shell: /bin/bash
Provided cores: 4
Rules claiming more threads will be scaled down.
Job stats:
job               count
--------------  -------
all                   1
convert_to_nwk        1
iqtree                1
total                 3

Select jobs to execute...

[Sat Sep  2 11:33:53 2023]
rule iqtree:
    input: aligned_protein_sequences.fasta
    output: IQ-TREE_output.treefile
    jobid: 2
    reason: Missing output files: IQ-TREE_output.treefile
    resources: tmpdir=/var/folders/6w/cbbj2d4d1cs82bbv3lr2jt700000gn/T

[Sat Sep  2 11:59:51 2023]
Finished job 2.
1 of 3 steps (33%) done
Select jobs to execute...

[Sat Sep  2 11:59:51 2023]
rule convert_to_nwk:
    input: IQ-TREE_output.treefile
    output: IQ-TREE_output.nwk
    jobid: 1
    reason: Missing output files: IQ-TREE_output.nwk; Input files updated by another job: IQ-TREE_output.treefile
    resources: tmpdir=/var/folders/6w/cbbj2d4d1cs82bbv3lr2jt700000gn/T

[Sat Sep  2 11:59:51 2023]
Finished job 1.
2 of 3 steps (67%) done
Select jobs to execute...

[Sat Sep  2 11:59:51 2023]
localrule all:
    input: IQ-TREE_output.nwk
    jobid: 0
    reason: Input files updated by another job: IQ-TREE_output.nwk
    resources: tmpdir=/var/folders/6w/cbbj2d4d1cs82bbv3lr2jt700000gn/T

[Sat Sep  2 11:59:51 2023]
Finished job 0.
3 of 3 steps (100%) done
Complete log: .snakemake/log/2023-09-02T113353.543363.snakemake.log
