Building DAG of jobs...
Using shell: /bin/bash
Provided cores: 4
Rules claiming more threads will be scaled down.
Job stats:
job              count
-------------  -------
tree_to_fasta        1
total                1

Select jobs to execute...

[Fri Aug 25 23:51:38 2023]
rule tree_to_fasta:
    input: output/2023-08-25_treeOMPuniprotumapgmmemm.tree
    output: arpip_seq.fasta
    jobid: 0
    reason: Missing output files: arpip_seq.fasta
    resources: tmpdir=/var/folders/6w/cbbj2d4d1cs82bbv3lr2jt700000gn/T

[Fri Aug 25 23:51:38 2023]
Finished job 0.
1 of 1 steps (100%) done
Complete log: .snakemake/log/2023-08-25T235138.790271.snakemake.log
