Building DAG of jobs...
Using shell: /bin/bash
Provided cores: 4
Rules claiming more threads will be scaled down.
Job stats:
job                       count
----------------------  -------
subtree_convert_to_nwk        1
total                         1

Select jobs to execute...

[Thu Oct 12 18:27:24 2023]
rule subtree_convert_to_nwk:
    input: IQ-TREE_subtree_output.treefile
    output: IQ-TREE_subtree_output.nwk
    jobid: 0
    reason: Missing output files: IQ-TREE_subtree_output.nwk
    resources: tmpdir=/var/folders/6w/cbbj2d4d1cs82bbv3lr2jt700000gn/T

[Thu Oct 12 18:27:24 2023]
Finished job 0.
1 of 1 steps (100%) done
Complete log: .snakemake/log/2023-10-12T182723.972394.snakemake.log
