Building DAG of jobs...
Using shell: /bin/bash
Provided cores: 1 (use --cores to define parallelism)
Rules claiming more threads will be scaled down.
Job stats:
job                    count
-------------------  -------
all                        1
convert_auto_to_nwk        1
total                      2

Select jobs to execute...

[Fri Sep  1 19:12:10 2023]
rule convert_auto_to_nwk:
    input: IQ-TREE_output.treefile
    output: IQ-TREE_output.nwk
    jobid: 1
    reason: Missing output files: IQ-TREE_output.nwk
    resources: tmpdir=/var/folders/6w/cbbj2d4d1cs82bbv3lr2jt700000gn/T

[Fri Sep  1 19:12:10 2023]
Finished job 1.
1 of 2 steps (50%) done
Select jobs to execute...

[Fri Sep  1 19:12:10 2023]
localrule all:
    input: IQ-TREE_output.nwk
    jobid: 0
    reason: Input files updated by another job: IQ-TREE_output.nwk
    resources: tmpdir=/var/folders/6w/cbbj2d4d1cs82bbv3lr2jt700000gn/T

[Fri Sep  1 19:12:10 2023]
Finished job 0.
2 of 2 steps (100%) done
Complete log: .snakemake/log/2023-09-01T191210.302167.snakemake.log
