Building DAG of jobs...
Using shell: /bin/bash
Provided cores: 1 (use --cores to define parallelism)
Rules claiming more threads will be scaled down.
Job stats:
job                   count
------------------  -------
fasta_to_xml              1
infer_protein_tree        1
total                     2

Select jobs to execute...

[Tue Aug 15 00:09:23 2023]
rule fasta_to_xml:
    input: aligned_protein_sequences.fasta
    output: aligned_protein_sequences.xml
    jobid: 1
    reason: Code has changed since last execution
    resources: tmpdir=/var/folders/6w/cbbj2d4d1cs82bbv3lr2jt700000gn/T

[Tue Aug 15 00:09:23 2023]
Error in rule fasta_to_xml:
    jobid: 1
    input: aligned_protein_sequences.fasta
    output: aligned_protein_sequences.xml
    shell:
        
        beast2-xml -alignment aligned_protein_sequences.fasta -output aligned_protein_sequences.xml
        
        (one of the commands exited with non-zero exit code; note that snakemake uses bash strict mode!)

Shutting down, this might take some time.
Exiting because a job execution failed. Look above for error message
Complete log: .snakemake/log/2023-08-15T000923.656252.snakemake.log
