Building DAG of jobs...
Using shell: /bin/bash
Provided cores: 1 (use --cores to define parallelism)
Rules claiming more threads will be scaled down.
Job stats:
job                    count
-------------------  -------
convert_auto_to_nex        1
total                      1

Select jobs to execute...

[Tue Aug 22 11:42:21 2023]
rule convert_auto_to_nex:
    input: RAxML_bestTree.nwk
    output: RAxML_bestTree.nex
    jobid: 0
    reason: Missing output files: RAxML_bestTree.nex
    resources: tmpdir=/var/folders/6w/cbbj2d4d1cs82bbv3lr2jt700000gn/T

[Tue Aug 22 11:42:21 2023]
Finished job 0.
1 of 1 steps (100%) done
Complete log: .snakemake/log/2023-08-22T114221.372854.snakemake.log
