Building DAG of jobs...
Using shell: /bin/bash
Provided cores: 4
Rules claiming more threads will be scaled down.
Job stats:
job                   count
------------------  -------
infer_protein_tree        1
total                     1

Select jobs to execute...

[Mon Aug  7 14:07:28 2023]
rule infer_protein_tree:
    input: protein_sequences.fasta
    output: RAxML_bestTree.AUTO
    jobid: 0
    reason: Missing output files: RAxML_bestTree.AUTO
    resources: tmpdir=/var/folders/6w/cbbj2d4d1cs82bbv3lr2jt700000gn/T

raxmlHPC -p 12345 -m PROTGAMMAAUTO -s protein_sequences.fasta -n AUTO
[Mon Aug  7 14:08:33 2023]
Finished job 0.
1 of 1 steps (100%) done
Complete log: .snakemake/log/2023-08-07T140728.745798.snakemake.log
