Building DAG of jobs...
Using shell: /bin/bash
Provided cores: 1 (use --cores to define parallelism)
Rules claiming more threads will be scaled down.
Job stats:
job                               count
------------------------------  -------
align_protein_sequences               1
autophy                               1
convert_auto_to_nwk                   1
infer_protein_tree                    1
replace_underscores_in_headers        1
total                                 5

Select jobs to execute...

[Tue Aug 22 11:01:31 2023]
rule replace_underscores_in_headers:
    input: protein_sequences.fasta
    output: modified_protein_sequences.fasta
    jobid: 4
    reason: Missing output files: modified_protein_sequences.fasta
    resources: tmpdir=/var/folders/6w/cbbj2d4d1cs82bbv3lr2jt700000gn/T

[Tue Aug 22 11:01:31 2023]
Finished job 4.
1 of 5 steps (20%) done
Select jobs to execute...

[Tue Aug 22 11:01:31 2023]
rule align_protein_sequences:
    input: modified_protein_sequences.fasta
    output: aligned_protein_sequences.fasta
    jobid: 3
    reason: Missing output files: aligned_protein_sequences.fasta; Input files updated by another job: modified_protein_sequences.fasta; Set of input files has changed since last execution
    resources: tmpdir=/var/folders/6w/cbbj2d4d1cs82bbv3lr2jt700000gn/T

[Tue Aug 22 11:01:42 2023]
Finished job 3.
2 of 5 steps (40%) done
Select jobs to execute...

[Tue Aug 22 11:01:42 2023]
rule infer_protein_tree:
    input: aligned_protein_sequences.fasta
    output: RAxML_bestTree.GTRCAT
    jobid: 2
    reason: Missing output files: RAxML_bestTree.GTRCAT; Input files updated by another job: aligned_protein_sequences.fasta
    resources: tmpdir=/var/folders/6w/cbbj2d4d1cs82bbv3lr2jt700000gn/T

[Tue Aug 22 11:01:42 2023]
Error in rule infer_protein_tree:
    jobid: 2
    input: aligned_protein_sequences.fasta
    output: RAxML_bestTree.GTRCAT
    shell:
        raxmlHPC -p 12345 -m PROTGTRCAT -T 4 -s aligned_protein_sequences.fasta -n GTRCAT
        (one of the commands exited with non-zero exit code; note that snakemake uses bash strict mode!)

Shutting down, this might take some time.
Exiting because a job execution failed. Look above for error message
Complete log: .snakemake/log/2023-08-22T110131.280421.snakemake.log
