Building DAG of jobs...
Using shell: /bin/bash
Provided cores: 1 (use --cores to define parallelism)
Rules claiming more threads will be scaled down.
Job stats:
job      count
-----  -------
arpip        1
total        1

Select jobs to execute...

[Fri Sep  1 19:45:30 2023]
rule arpip:
    jobid: 0
    reason: Rules with neither input nor output files are always executed.
    resources: tmpdir=/var/folders/6w/cbbj2d4d1cs82bbv3lr2jt700000gn/T

[Fri Sep  1 19:46:27 2023]
Error in rule arpip:
    jobid: 0
    shell:
        
        ./../bpp-arpip/ARPIP params="conf.txt"
        
        (one of the commands exited with non-zero exit code; note that snakemake uses bash strict mode!)

Shutting down, this might take some time.
Exiting because a job execution failed. Look above for error message
Complete log: .snakemake/log/2023-09-01T194530.351599.snakemake.log
