Building DAG of jobs...
Using shell: /bin/bash
Provided cores: 1 (use --cores to define parallelism)
Rules claiming more threads will be scaled down.
Job stats:
job                               count
------------------------------  -------
align_protein_sequences               1
all                                   1
convert_auto_to_nwk                   1
iqtree                                1
replace_underscores_in_headers        1
total                                 5

Select jobs to execute...

[Sat Sep  2 03:34:49 2023]
rule replace_underscores_in_headers:
    input: protein_sequences.fasta
    output: modified_protein_sequences.fasta
    jobid: 4
    reason: Missing output files: modified_protein_sequences.fasta
    resources: tmpdir=/var/folders/6w/cbbj2d4d1cs82bbv3lr2jt700000gn/T

[Sat Sep  2 03:34:49 2023]
Finished job 4.
1 of 5 steps (20%) done
Select jobs to execute...

[Sat Sep  2 03:34:49 2023]
rule align_protein_sequences:
    input: modified_protein_sequences.fasta
    output: aligned_protein_sequences.fasta
    jobid: 3
    reason: Missing output files: aligned_protein_sequences.fasta; Input files updated by another job: modified_protein_sequences.fasta
    resources: tmpdir=/var/folders/6w/cbbj2d4d1cs82bbv3lr2jt700000gn/T

[Sat Sep  2 03:35:18 2023]
Finished job 3.
2 of 5 steps (40%) done
Select jobs to execute...

[Sat Sep  2 03:35:18 2023]
rule iqtree:
    input: aligned_protein_sequences.fasta
    output: IQ-TREE_output.treefile
    jobid: 2
    reason: Missing output files: IQ-TREE_output.treefile; Input files updated by another job: aligned_protein_sequences.fasta
    resources: tmpdir=/var/folders/6w/cbbj2d4d1cs82bbv3lr2jt700000gn/T

[Sat Sep  2 04:03:00 2023]
Finished job 2.
3 of 5 steps (60%) done
Select jobs to execute...

[Sat Sep  2 04:03:00 2023]
rule convert_auto_to_nwk:
    input: IQ-TREE_output.treefile
    output: IQ-TREE_output.nwk
    jobid: 1
    reason: Missing output files: IQ-TREE_output.nwk; Input files updated by another job: IQ-TREE_output.treefile
    resources: tmpdir=/var/folders/6w/cbbj2d4d1cs82bbv3lr2jt700000gn/T

[Sat Sep  2 04:03:00 2023]
Finished job 1.
4 of 5 steps (80%) done
Select jobs to execute...

[Sat Sep  2 04:03:00 2023]
localrule all:
    input: IQ-TREE_output.nwk
    jobid: 0
    reason: Input files updated by another job: IQ-TREE_output.nwk
    resources: tmpdir=/var/folders/6w/cbbj2d4d1cs82bbv3lr2jt700000gn/T

[Sat Sep  2 04:03:00 2023]
Finished job 0.
5 of 5 steps (100%) done
Complete log: .snakemake/log/2023-09-02T033449.178734.snakemake.log
