Building DAG of jobs...
Using shell: /bin/bash
Provided cores: 4
Rules claiming more threads will be scaled down.
Job stats:
job              count
-------------  -------
setup_autophy        1
total                1

Select jobs to execute...

[Sat Aug 26 19:51:11 2023]
rule setup_autophy:
    output: autophy_env_created.txt
    jobid: 0
    reason: Missing output files: autophy_env_created.txt
    resources: tmpdir=/var/folders/6w/cbbj2d4d1cs82bbv3lr2jt700000gn/T

[Sat Aug 26 19:52:06 2023]
Finished job 0.
1 of 1 steps (100%) done
Complete log: .snakemake/log/2023-08-26T195111.688223.snakemake.log
