Building DAG of jobs...
Using shell: /bin/bash
Provided cores: 1 (use --cores to define parallelism)
Rules claiming more threads will be scaled down.
Job stats:
job                  count
-----------------  -------
subtree_extractor        1
total                    1

Select jobs to execute...

[Wed Nov  8 01:23:39 2023]
rule subtree_extractor:
    input: output/autophy_tree.nwk
    output: subtree_sequences.fasta
    jobid: 0
    reason: Missing output files: subtree_sequences.fasta
    resources: tmpdir=/var/folders/6w/cbbj2d4d1cs82bbv3lr2jt700000gn/T

[Wed Nov  8 01:23:39 2023]
Error in rule subtree_extractor:
    jobid: 0
    input: output/autophy_tree.nwk
    output: subtree_sequences.fasta
    shell:
        
        python scripts/subtree_extractor.py
        
        (one of the commands exited with non-zero exit code; note that snakemake uses bash strict mode!)

Shutting down, this might take some time.
Exiting because a job execution failed. Look above for error message
Complete log: .snakemake/log/2023-11-08T012339.294704.snakemake.log
