Building DAG of jobs...
Using shell: /bin/bash
Provided cores: 4
Rules claiming more threads will be scaled down.
Job stats:
job            count
-----------  -------
autophy_msa        1
total              1

Select jobs to execute...

[Sat Aug 26 13:31:08 2023]
rule autophy_msa:
    input: output/2023-08-25_treeOMPuniprotumapgmmemm.tree, aligned_protein_sequences.fasta
    output: autophy_msa.fasta
    jobid: 0
    reason: Missing output files: autophy_msa.fasta
    resources: tmpdir=/var/folders/6w/cbbj2d4d1cs82bbv3lr2jt700000gn/T

[Sat Aug 26 13:31:08 2023]
Error in rule autophy_msa:
    jobid: 0
    input: output/2023-08-25_treeOMPuniprotumapgmmemm.tree, aligned_protein_sequences.fasta
    output: autophy_msa.fasta
    shell:
        
        python autophy_msa_script.py output/2023-08-25_treeOMPuniprotumapgmmemm.tree aligned_protein_sequences.fasta autophy_msa.fasta
        
        (one of the commands exited with non-zero exit code; note that snakemake uses bash strict mode!)

Shutting down, this might take some time.
Exiting because a job execution failed. Look above for error message
Complete log: .snakemake/log/2023-08-26T133108.368406.snakemake.log
