Building DAG of jobs...
Using shell: /bin/bash
Provided cores: 4
Rules claiming more threads will be scaled down.
Job stats:
job            count
-----------  -------
autophy_msa        1
total              1

Select jobs to execute...

[Sat Aug 26 20:02:50 2023]
rule autophy_msa:
    input: output/2023-08-26_treeautophymonophyleticclustered.tree, aligned_protein_sequences.fasta
    output: autophy_msa.fasta
    jobid: 0
    reason: Missing output files: autophy_msa.fasta
    resources: tmpdir=/var/folders/6w/cbbj2d4d1cs82bbv3lr2jt700000gn/T

[Sat Aug 26 20:02:50 2023]
Finished job 0.
1 of 1 steps (100%) done
Complete log: .snakemake/log/2023-08-26T200250.068857.snakemake.log
