Building DAG of jobs...
Using shell: /bin/bash
Provided cores: 1 (use --cores to define parallelism)
Rules claiming more threads will be scaled down.
Job stats:
job             count
------------  -------
fasta_to_xml        1
total               1

Select jobs to execute...

[Mon Aug 14 18:32:02 2023]
rule fasta_to_xml:
    input: aligned_protein_sequences.fasta
    output: aligned_protein_sequences.xml
    jobid: 0
    reason: Missing output files: aligned_protein_sequences.xml
    resources: tmpdir=/var/folders/6w/cbbj2d4d1cs82bbv3lr2jt700000gn/T

[Mon Aug 14 18:32:03 2023]
Error in rule fasta_to_xml:
    jobid: 0
    input: aligned_protein_sequences.fasta
    output: aligned_protein_sequences.xml

RuleException:
CalledProcessError in file /Users/ryinrouzbehani/Documents/SDSU/Research/WF1/Snakefile, line 19:
Command 'set -euo pipefail;  /usr/local/Cellar/snakemake/7.32.2/libexec/bin/python /Users/ryinrouzbehani/Documents/SDSU/Research/WF1/.snakemake/scripts/tmpzul6fych.convert_fasta_to_xml.py' returned non-zero exit status 1.
  File "/Users/ryinrouzbehani/Documents/SDSU/Research/WF1/Snakefile", line 19, in __rule_fasta_to_xml
  File "/usr/local/Cellar/python@3.11/3.11.4_1/Frameworks/Python.framework/Versions/3.11/lib/python3.11/concurrent/futures/thread.py", line 58, in run
Shutting down, this might take some time.
Exiting because a job execution failed. Look above for error message
Complete log: .snakemake/log/2023-08-14T183202.715070.snakemake.log
