Building DAG of jobs...
Using shell: /bin/bash
Provided cores: 4
Rules claiming more threads will be scaled down.
Job stats:
job                    count
-------------------  -------
convert_auto_to_nwk        1
total                      1

Select jobs to execute...

[Sat Aug 26 19:37:05 2023]
rule convert_auto_to_nwk:
    input: RAxML_bestTree.AUTO
    output: RAxML_bestTree.nwk
    jobid: 0
    reason: Missing output files: RAxML_bestTree.nwk
    resources: tmpdir=/var/folders/6w/cbbj2d4d1cs82bbv3lr2jt700000gn/T

[Sat Aug 26 19:37:05 2023]
Finished job 0.
1 of 1 steps (100%) done
Complete log: .snakemake/log/2023-08-26T193705.690304.snakemake.log
