Building DAG of jobs...
Using shell: /bin/bash
Provided cores: 4
Rules claiming more threads will be scaled down.
Job stats:
job          count
---------  -------
anc_fasta        1
total            1

Select jobs to execute...

[Sun Sep  3 16:07:05 2023]
rule anc_fasta:
    input: autophy_msa.fasta.state
    output: ancestral_node_sequences.fasta
    jobid: 0
    reason: Missing output files: ancestral_node_sequences.fasta
    resources: tmpdir=/var/folders/6w/cbbj2d4d1cs82bbv3lr2jt700000gn/T

Shutting down, this might take some time.
Exiting because a job execution failed. Look above for error message
Complete log: .snakemake/log/2023-09-03T160705.683795.snakemake.log
