Building DAG of jobs...
Using shell: /bin/bash
Provided cores: 4
Rules claiming more threads will be scaled down.
Job stats:
job          count
---------  -------
anc_fasta        1
total            1

Select jobs to execute...

[Sun Sep  3 16:28:11 2023]
rule anc_fasta:
    input: autophy_msa.fasta.state
    output: ancestral_node_sequences.fasta
    jobid: 0
    reason: Missing output files: ancestral_node_sequences.fasta
    resources: tmpdir=/var/folders/6w/cbbj2d4d1cs82bbv3lr2jt700000gn/T

[Sun Sep  3 16:28:12 2023]
Error in rule anc_fasta:
    jobid: 0
    input: autophy_msa.fasta.state
    output: ancestral_node_sequences.fasta
    shell:
        python scripts/autophy_msa_script.py autophy_msa.fasta.state ancestral_node_sequences.fasta
        (one of the commands exited with non-zero exit code; note that snakemake uses bash strict mode!)

Shutting down, this might take some time.
Exiting because a job execution failed. Look above for error message
Complete log: .snakemake/log/2023-09-03T162811.858784.snakemake.log
