Building DAG of jobs...
Using shell: /bin/bash
Provided cores: 4
Rules claiming more threads will be scaled down.
Job stats:
job                        count
-----------------------  -------
align_protein_sequences        1
total                          1

Select jobs to execute...

[Sat Aug 26 19:13:02 2023]
rule align_protein_sequences:
    input: modified_protein_sequences.fasta
    output: aligned_protein_sequences.fasta
    jobid: 0
    reason: Missing output files: aligned_protein_sequences.fasta
    resources: tmpdir=/var/folders/6w/cbbj2d4d1cs82bbv3lr2jt700000gn/T

[Sat Aug 26 19:13:13 2023]
Finished job 0.
1 of 1 steps (100%) done
Complete log: .snakemake/log/2023-08-26T191302.493725.snakemake.log
