Building DAG of jobs...
Using shell: /bin/bash
Provided cores: 4
Rules claiming more threads will be scaled down.
Job stats:
job                       count
----------------------  -------
infer_protein_tree            1
visualize_protein_tree        1
total                         2

Select jobs to execute...

[Mon Aug  7 13:15:50 2023]
rule infer_protein_tree:
    input: protein_sequences.fasta
    output: protein_phylogenetic_tree.nwk
    jobid: 1
    reason: Missing output files: protein_phylogenetic_tree.nwk
    resources: tmpdir=/var/folders/6w/cbbj2d4d1cs82bbv3lr2jt700000gn/T

iqtree -s protein_sequences.fasta -m LG+G+F -bb 1000
[Mon Aug  7 13:15:51 2023]
Error in rule infer_protein_tree:
    jobid: 1
    input: protein_sequences.fasta
    output: protein_phylogenetic_tree.nwk
    shell:
        iqtree -s protein_sequences.fasta -m LG+G+F -bb 1000
        (one of the commands exited with non-zero exit code; note that snakemake uses bash strict mode!)

Shutting down, this might take some time.
Exiting because a job execution failed. Look above for error message
Complete log: .snakemake/log/2023-08-07T131550.687035.snakemake.log
