Building DAG of jobs...
Using shell: /bin/bash
Provided cores: 4
Rules claiming more threads will be scaled down.
Job stats:
job             count
------------  -------
clade_to_msa        1
total               1

Select jobs to execute...

[Sat Aug 26 00:30:40 2023]
rule clade_to_msa:
    input: output/2023-08-25_treeOMPuniprotumapgmmemm.tree, aligned_protein_sequences.fasta
    output: arpip_msa.fasta
    jobid: 0
    reason: Missing output files: arpip_msa.fasta
    resources: tmpdir=/var/folders/6w/cbbj2d4d1cs82bbv3lr2jt700000gn/T

[Sat Aug 26 00:30:41 2023]
Finished job 0.
1 of 1 steps (100%) done
Complete log: .snakemake/log/2023-08-26T003040.868937.snakemake.log
