Building DAG of jobs...
Using shell: /bin/bash
Provided cores: 4
Rules claiming more threads will be scaled down.
Job stats:
job                     count
--------------------  -------
install_dependencies        1
total                       1

Select jobs to execute...

[Sat Aug 26 19:46:35 2023]
rule install_dependencies:
    jobid: 0
    reason: Rules with neither input nor output files are always executed.
    resources: tmpdir=/var/folders/6w/cbbj2d4d1cs82bbv3lr2jt700000gn/T

[Sat Aug 26 19:46:35 2023]
Error in rule install_dependencies:
    jobid: 0

RuleException:
WorkflowError in file /Users/ryinrouzbehani/Documents/SDSU/Research/WF1/Snakefile, line 48:
Failed to open source file /Users/ryinrouzbehani/Documents/SDSU/Research/WF1/
        python pip install ete3
        
FileNotFoundError: [Errno 2] No such file or directory: '/Users/ryinrouzbehani/Documents/SDSU/Research/WF1/\n        python pip install ete3\n        '
  File "/Users/ryinrouzbehani/Documents/SDSU/Research/WF1/Snakefile", line 48, in __rule_install_dependencies
  File "/usr/local/Cellar/python@3.11/3.11.5/Frameworks/Python.framework/Versions/3.11/lib/python3.11/concurrent/futures/thread.py", line 58, in run
Shutting down, this might take some time.
Exiting because a job execution failed. Look above for error message
Complete log: .snakemake/log/2023-08-26T194635.729696.snakemake.log
