Building DAG of jobs...
Using shell: /bin/bash
Provided cores: 4
Rules claiming more threads will be scaled down.
Job stats:
job                 count
----------------  -------
subtree_seq_prep        1
total                   1

Select jobs to execute...

[Thu Oct 12 15:02:48 2023]
rule subtree_seq_prep:
    input: output/autophy_tree.nwk
    output: subtree_sequences.fasta
    jobid: 0
    reason: Code has changed since last execution
    resources: tmpdir=/var/folders/6w/cbbj2d4d1cs82bbv3lr2jt700000gn/T

[Thu Oct 12 15:02:48 2023]
Error in rule subtree_seq_prep:
    jobid: 0
    input: output/autophy_tree.nwk
    output: subtree_sequences.fasta

RuleException:
WorkflowError in file /Users/ryinrouzbehani/Documents/SDSU/Research/WF1/Snakefile, line 133:
Failed to open source file /Users/ryinrouzbehani/Documents/SDSU/Research/WF1/seq_prep
FileNotFoundError: [Errno 2] No such file or directory: '/Users/ryinrouzbehani/Documents/SDSU/Research/WF1/seq_prep'
  File "/Users/ryinrouzbehani/Documents/SDSU/Research/WF1/Snakefile", line 133, in __rule_subtree_seq_prep
  File "/usr/local/Cellar/python@3.11/3.11.5/Frameworks/Python.framework/Versions/3.11/lib/python3.11/concurrent/futures/thread.py", line 58, in run
Shutting down, this might take some time.
Exiting because a job execution failed. Look above for error message
Complete log: .snakemake/log/2023-10-12T150248.756145.snakemake.log
