Building DAG of jobs...
Using shell: /bin/bash
Provided cores: 4
Rules claiming more threads will be scaled down.
Job stats:
job            count
-----------  -------
tree_to_nex        1
total              1

Select jobs to execute...

[Sat Aug 26 00:37:03 2023]
rule tree_to_nex:
    input: output/2023-08-25_treeOMPuniprotumapgmmemm.tree
    output: autophy_out.nex
    jobid: 0
    reason: Missing output files: autophy_out.nex
    resources: tmpdir=/var/folders/6w/cbbj2d4d1cs82bbv3lr2jt700000gn/T

[Sat Aug 26 00:37:03 2023]
Error in rule tree_to_nex:
    jobid: 0
    input: output/2023-08-25_treeOMPuniprotumapgmmemm.tree
    output: autophy_out.nex

RuleException:
CalledProcessError in file /Users/ryinrouzbehani/Documents/SDSU/Research/WF1/Snakefile, line 94:
Command 'set -euo pipefail;  /usr/local/Cellar/snakemake/7.32.3/libexec/bin/python /Users/ryinrouzbehani/Documents/SDSU/Research/WF1/.snakemake/scripts/tmpjt3a0hv4.tree_to_nex.py' returned non-zero exit status 1.
  File "/Users/ryinrouzbehani/Documents/SDSU/Research/WF1/Snakefile", line 94, in __rule_tree_to_nex
  File "/usr/local/Cellar/python@3.11/3.11.5/Frameworks/Python.framework/Versions/3.11/lib/python3.11/concurrent/futures/thread.py", line 58, in run
Shutting down, this might take some time.
Exiting because a job execution failed. Look above for error message
Complete log: .snakemake/log/2023-08-26T003702.966415.snakemake.log
