Building DAG of jobs...
Using shell: /bin/bash
Provided cores: 1 (use --cores to define parallelism)
Rules claiming more threads will be scaled down.
Job stats:
job               count
--------------  -------
fasta_to_nexus        1
total                 1

Select jobs to execute...

[Mon Aug 14 15:11:53 2023]
rule fasta_to_nexus:
    input: aligned_protein_sequences.fasta
    output: aligned_protein_sequences.nexus
    jobid: 0
    reason: Missing output files: aligned_protein_sequences.nexus
    resources: tmpdir=/var/folders/6w/cbbj2d4d1cs82bbv3lr2jt700000gn/T

Shutting down, this might take some time.
Exiting because a job execution failed. Look above for error message
Complete log: .snakemake/log/2023-08-14T151153.137208.snakemake.log
