Building DAG of jobs...
Using shell: /bin/bash
Provided cores: 1 (use --cores to define parallelism)
Rules claiming more threads will be scaled down.
Job stats:
job                  count
-----------------  -------
subtree_extractor        1
total                    1

Select jobs to execute...

[Wed Nov  8 01:36:34 2023]
rule subtree_extractor:
    input: output/autophy_tree.nwk
    output: subtree_sequences.fasta
    jobid: 0
    reason: Missing output files: subtree_sequences.fasta
    resources: tmpdir=/var/folders/6w/cbbj2d4d1cs82bbv3lr2jt700000gn/T

[Wed Nov  8 01:36:37 2023]
Finished job 0.
1 of 1 steps (100%) done
Complete log: .snakemake/log/2023-11-08T013634.802921.snakemake.log
