Building DAG of jobs...
Using shell: /bin/bash
Provided cores: 4
Rules claiming more threads will be scaled down.
Job stats:
job      count
-----  -------
arpip        1
total        1

Select jobs to execute...

[Sat Aug 26 13:34:32 2023]
rule arpip:
    input: autophy_msa.fasta, output/2023-08-25_treeOMPuniprotumapgmmemm.tree, conf.txt
    output: anc.fasta, node_rel.txt, mlindelpoints.txt, param.txt
    jobid: 0
    reason: Missing output files: param.txt, anc.fasta, mlindelpoints.txt, node_rel.txt
    resources: tmpdir=/var/folders/6w/cbbj2d4d1cs82bbv3lr2jt700000gn/T

[Sat Aug 26 13:34:32 2023]
Error in rule arpip:
    jobid: 0
    input: autophy_msa.fasta, output/2023-08-25_treeOMPuniprotumapgmmemm.tree, conf.txt
    output: anc.fasta, node_rel.txt, mlindelpoints.txt, param.txt
    shell:
        
        ./../bpp-arpip/ARPIP params=conf.txt
        
        (one of the commands exited with non-zero exit code; note that snakemake uses bash strict mode!)

Removing output files of failed job arpip since they might be corrupted:
node_rel.txt
Shutting down, this might take some time.
Exiting because a job execution failed. Look above for error message
Complete log: .snakemake/log/2023-08-26T133432.121953.snakemake.log
