Building DAG of jobs...
Using shell: /bin/bash
Provided cores: 1 (use --cores to define parallelism)
Rules claiming more threads will be scaled down.
Job stats:
job        count
-------  -------
autophy        1
total          1

Select jobs to execute...

[Mon Aug  7 20:22:57 2023]
rule autophy:
    input: RAxML_bestTree.nex
    output: autophy_out.tree
    jobid: 0
    reason: Missing output files: autophy_out.tree
    resources: tmpdir=/var/folders/6w/cbbj2d4d1cs82bbv3lr2jt700000gn/T

Shutting down, this might take some time.
Exiting because a job execution failed. Look above for error message
Complete log: .snakemake/log/2023-08-07T202257.740781.snakemake.log
