Building DAG of jobs...
Using shell: /bin/bash
Provided cores: 4
Rules claiming more threads will be scaled down.
Job stats:
job               count
--------------  -------
subtree_iqtree        1
total                 1

Select jobs to execute...

[Thu Oct 12 18:25:59 2023]
rule subtree_iqtree:
    input: aligned_subtree_sequences.fasta
    output: IQ-TREE_subtree_output.treefile
    jobid: 0
    reason: Missing output files: IQ-TREE_subtree_output.treefile
    resources: tmpdir=/var/folders/6w/cbbj2d4d1cs82bbv3lr2jt700000gn/T

[Thu Oct 12 18:26:41 2023]
Finished job 0.
1 of 1 steps (100%) done
Complete log: .snakemake/log/2023-10-12T182559.642701.snakemake.log
