Building DAG of jobs...
Using shell: /bin/bash
Provided cores: 4
Rules claiming more threads will be scaled down.
Job stats:
job                  count
-----------------  -------
subtree_extractor        1
subtree_seq_prep         1
total                    2

Select jobs to execute...

[Thu Oct 12 14:35:43 2023]
rule subtree_extractor:
    input: output/autophy_tree.nwk
    output: subtree_sequences.fasta
    jobid: 1
    reason: Missing output files: subtree_sequences.fasta
    resources: tmpdir=/var/folders/6w/cbbj2d4d1cs82bbv3lr2jt700000gn/T

[Thu Oct 12 14:35:48 2023]
Finished job 1.
1 of 2 steps (50%) done
Select jobs to execute...

[Thu Oct 12 14:35:48 2023]
rule subtree_seq_prep:
    input: subtree_sequences.fasta
    output: modified_subtree_protein_sequences.fasta
    jobid: 0
    reason: Missing output files: modified_subtree_protein_sequences.fasta; Input files updated by another job: subtree_sequences.fasta
    resources: tmpdir=/var/folders/6w/cbbj2d4d1cs82bbv3lr2jt700000gn/T

Shutting down, this might take some time.
Exiting because a job execution failed. Look above for error message
Complete log: .snakemake/log/2023-10-12T143543.794656.snakemake.log
