Building DAG of jobs...
Using shell: /bin/bash
Provided cores: 1 (use --cores to define parallelism)
Rules claiming more threads will be scaled down.
Job stats:
job                        count
-----------------------  -------
align_protein_sequences        1
infer_protein_tree             1
rename_output_file             1
total                          3

Select jobs to execute...

[Mon Aug  7 18:55:12 2023]
rule align_protein_sequences:
    input: protein_sequences.fasta
    output: aligned_protein_sequences.fasta
    jobid: 2
    reason: Missing output files: aligned_protein_sequences.fasta
    resources: tmpdir=/var/folders/6w/cbbj2d4d1cs82bbv3lr2jt700000gn/T

mafft --auto protein_sequences.fasta > aligned_protein_sequences.fasta
[Mon Aug  7 18:55:23 2023]
Finished job 2.
1 of 3 steps (33%) done
Select jobs to execute...

[Mon Aug  7 18:55:23 2023]
rule infer_protein_tree:
    input: aligned_protein_sequences.fasta
    output: RAxML_bestTree.AUTO
    jobid: 1
    reason: Missing output files: RAxML_bestTree.AUTO; Input files updated by another job: aligned_protein_sequences.fasta; Set of input files has changed since last execution
    resources: tmpdir=/var/folders/6w/cbbj2d4d1cs82bbv3lr2jt700000gn/T

raxmlHPC -p 12345 -m PROTGAMMAAUTO -s aligned_protein_sequences.fasta -n AUTO
[Mon Aug  7 19:16:10 2023]
Finished job 1.
2 of 3 steps (67%) done
Select jobs to execute...

[Mon Aug  7 19:16:10 2023]
rule rename_output_file:
    input: RAxML_bestTree.AUTO
    output: RAxML_bestTree.tree
    jobid: 0
    reason: Input files updated by another job: RAxML_bestTree.AUTO
    resources: tmpdir=/var/folders/6w/cbbj2d4d1cs82bbv3lr2jt700000gn/T

[Mon Aug  7 19:16:10 2023]
Finished job 0.
3 of 3 steps (100%) done
Complete log: .snakemake/log/2023-08-07T185512.087286.snakemake.log
