Building DAG of jobs...
Using shell: /bin/bash
Provided cores: 1 (use --cores to define parallelism)
Rules claiming more threads will be scaled down.
Job stats:
job                        count
-----------------------  -------
align_protein_sequences        1
autophy                        1
convert_auto_to_nex            1
infer_protein_tree             1
total                          4

Select jobs to execute...

[Mon Aug  7 19:36:45 2023]
rule align_protein_sequences:
    input: protein_sequences.fasta
    output: aligned_protein_sequences.fasta
    jobid: 3
    reason: Missing output files: aligned_protein_sequences.fasta
    resources: tmpdir=/var/folders/6w/cbbj2d4d1cs82bbv3lr2jt700000gn/T

mafft --auto protein_sequences.fasta > aligned_protein_sequences.fasta
[Mon Aug  7 19:36:56 2023]
Finished job 3.
1 of 4 steps (25%) done
Select jobs to execute...

[Mon Aug  7 19:36:56 2023]
rule infer_protein_tree:
    input: aligned_protein_sequences.fasta
    output: RAxML_bestTree.AUTO
    jobid: 2
    reason: Missing output files: RAxML_bestTree.AUTO; Input files updated by another job: aligned_protein_sequences.fasta
    resources: tmpdir=/var/folders/6w/cbbj2d4d1cs82bbv3lr2jt700000gn/T

raxmlHPC -p 12345 -m PROTGAMMAAUTO -s aligned_protein_sequences.fasta -n AUTO
[Mon Aug  7 19:57:59 2023]
Finished job 2.
2 of 4 steps (50%) done
Select jobs to execute...

[Mon Aug  7 19:57:59 2023]
rule convert_auto_to_nex:
    input: RAxML_bestTree.AUTO
    output: RAxML_bestTree.nex
    jobid: 1
    reason: Missing output files: RAxML_bestTree.nex; Input files updated by another job: RAxML_bestTree.AUTO
    resources: tmpdir=/var/folders/6w/cbbj2d4d1cs82bbv3lr2jt700000gn/T

nw_display RAxML_bestTree.AUTO > RAxML_bestTree.nex
[Mon Aug  7 19:57:59 2023]
Error in rule convert_auto_to_nex:
    jobid: 1
    input: RAxML_bestTree.AUTO
    output: RAxML_bestTree.nex
    shell:
        nw_display RAxML_bestTree.AUTO > RAxML_bestTree.nex
        (one of the commands exited with non-zero exit code; note that snakemake uses bash strict mode!)

Removing output files of failed job convert_auto_to_nex since they might be corrupted:
RAxML_bestTree.nex
Shutting down, this might take some time.
Exiting because a job execution failed. Look above for error message
Complete log: .snakemake/log/2023-08-07T193645.200885.snakemake.log
