Building DAG of jobs...
Using shell: /bin/bash
Provided cores: 1 (use --cores to define parallelism)
Rules claiming more threads will be scaled down.
Job stats:
job                 count
----------------  -------
activate_autophy        1
total                   1

Select jobs to execute...

[Wed Nov  8 01:06:15 2023]
rule activate_autophy:
    input: IQ-TREE_output.nwk
    jobid: 0
    reason: Rules with a run or shell declaration but no output are always executed.
    resources: tmpdir=/var/folders/6w/cbbj2d4d1cs82bbv3lr2jt700000gn/T

[Wed Nov  8 01:06:46 2023]
Finished job 0.
1 of 1 steps (100%) done
Complete log: .snakemake/log/2023-11-08T010615.272000.snakemake.log
