Building DAG of jobs...
Using shell: /bin/bash
Provided cores: 1 (use --cores to define parallelism)
Rules claiming more threads will be scaled down.
Job stats:
job                                  count
---------------------------------  -------
ancestral_sequence_reconstruction        1
total                                    1

Select jobs to execute...

[Tue Aug  8 10:18:53 2023]
rule ancestral_sequence_reconstruction:
    input: RAxML_bestTree.nex, aligned_protein_sequences.fasta
    output: ancestral_sequences.mlc
    jobid: 0
    reason: Missing output files: ancestral_sequences.mlc
    resources: tmpdir=/var/folders/6w/cbbj2d4d1cs82bbv3lr2jt700000gn/T


        codeml << EOF
        seqfile = aligned_protein_sequences.fasta
        treefile = RAxML_bestTree.nex
        outfile = ancestral_sequences.mlc
        noisy = 9
        verbose = 0
        runmode = 0
        seqtype = 2
        CodonFreq = 2
        clock = 0
        aaDist = 0
        aaRatefile = ../paml/dat/jones.dat
        model = 2
        NSsites = 0
        icode = 0
        Mgene = 0
        fix_kappa = 0
        kappa = 2
        fix_omega = 0
        omega = .4
        fix_alpha = 1
        alpha = 0.
        Malpha = 0
        ncatG = 8
        getSE = 0
        RateAncestor = 1
        Small_Diff = .5e-6
        cleandata = 0
        method = 0
        EOF
        
[Tue Aug  8 10:18:53 2023]
Error in rule ancestral_sequence_reconstruction:
    jobid: 0
    input: RAxML_bestTree.nex, aligned_protein_sequences.fasta
    output: ancestral_sequences.mlc
    shell:
        
        codeml << EOF
        seqfile = aligned_protein_sequences.fasta
        treefile = RAxML_bestTree.nex
        outfile = ancestral_sequences.mlc
        noisy = 9
        verbose = 0
        runmode = 0
        seqtype = 2
        CodonFreq = 2
        clock = 0
        aaDist = 0
        aaRatefile = ../paml/dat/jones.dat
        model = 2
        NSsites = 0
        icode = 0
        Mgene = 0
        fix_kappa = 0
        kappa = 2
        fix_omega = 0
        omega = .4
        fix_alpha = 1
        alpha = 0.
        Malpha = 0
        ncatG = 8
        getSE = 0
        RateAncestor = 1
        Small_Diff = .5e-6
        cleandata = 0
        method = 0
        EOF
        
        (one of the commands exited with non-zero exit code; note that snakemake uses bash strict mode!)

Shutting down, this might take some time.
Exiting because a job execution failed. Look above for error message
Complete log: .snakemake/log/2023-08-08T101853.224250.snakemake.log
