Building DAG of jobs...
Using shell: /bin/bash
Provided cores: 1 (use --cores to define parallelism)
Rules claiming more threads will be scaled down.
Job stats:
job                    count
-------------------  -------
autophy                    1
convert_auto_to_nwk        1
infer_protein_tree         1
total                      3

Select jobs to execute...

[Tue Aug 22 11:02:45 2023]
rule infer_protein_tree:
    input: aligned_protein_sequences.fasta
    output: RAxML_bestTree.PROTGTRCAT
    jobid: 2
    reason: Missing output files: RAxML_bestTree.PROTGTRCAT
    resources: tmpdir=/var/folders/6w/cbbj2d4d1cs82bbv3lr2jt700000gn/T

[Tue Aug 22 11:02:45 2023]
Error in rule infer_protein_tree:
    jobid: 2
    input: aligned_protein_sequences.fasta
    output: RAxML_bestTree.PROTGTRCAT
    shell:
        raxmlHPC -p 12345 -m PROTGTRCAT -T 4 -s aligned_protein_sequences.fasta -n GTRCAT
        (one of the commands exited with non-zero exit code; note that snakemake uses bash strict mode!)

Shutting down, this might take some time.
Exiting because a job execution failed. Look above for error message
Complete log: .snakemake/log/2023-08-22T110245.553311.snakemake.log
