Building DAG of jobs...
Using shell: /bin/bash
Provided cores: 1 (use --cores to define parallelism)
Rules claiming more threads will be scaled down.
Job stats:
job                    count
-------------------  -------
convert_auto_to_nex        1
infer_protein_tree         1
total                      2

Select jobs to execute...

[Tue Aug 22 11:38:24 2023]
rule infer_protein_tree:
    input: aligned_protein_sequences.fasta
    output: RAxML_bestTree.AUTO
    jobid: 1
    reason: Missing output files: RAxML_bestTree.AUTO
    resources: tmpdir=/var/folders/6w/cbbj2d4d1cs82bbv3lr2jt700000gn/T

[Tue Aug 22 11:38:24 2023]
Error in rule infer_protein_tree:
    jobid: 1
    input: aligned_protein_sequences.fasta
    output: RAxML_bestTree.AUTO
    shell:
        raxmlHPC -p 12345 -m PROTGAMMAAUTO -s aligned_protein_sequences.fasta -n AUTO
        (one of the commands exited with non-zero exit code; note that snakemake uses bash strict mode!)

Shutting down, this might take some time.
Exiting because a job execution failed. Look above for error message
Complete log: .snakemake/log/2023-08-22T113824.061209.snakemake.log
