Building DAG of jobs...
Using shell: /bin/bash
Provided cores: 4
Rules claiming more threads will be scaled down.
Job stats:
job             count
------------  -------
nex_to_fasta        1
total               1

Select jobs to execute...

[Sat Aug 26 00:43:24 2023]
rule nex_to_fasta:
    input: autophy_out.nex
    output: autophy_out.fasta
    jobid: 0
    reason: Missing output files: autophy_out.fasta
    resources: tmpdir=/var/folders/6w/cbbj2d4d1cs82bbv3lr2jt700000gn/T

[Sat Aug 26 00:43:24 2023]
Error in rule nex_to_fasta:
    jobid: 0
    input: autophy_out.nex
    output: autophy_out.fasta

RuleException:
WorkflowError in file /Users/ryinrouzbehani/Documents/SDSU/Research/WF1/Snakefile, line 118:
Failed to open source file /Users/ryinrouzbehani/Documents/SDSU/Research/WF1/scripts/nex_to_fasta.py
FileNotFoundError: [Errno 2] No such file or directory: '/Users/ryinrouzbehani/Documents/SDSU/Research/WF1/scripts/nex_to_fasta.py'
  File "/Users/ryinrouzbehani/Documents/SDSU/Research/WF1/Snakefile", line 118, in __rule_nex_to_fasta
  File "/usr/local/Cellar/python@3.11/3.11.5/Frameworks/Python.framework/Versions/3.11/lib/python3.11/concurrent/futures/thread.py", line 58, in run
Shutting down, this might take some time.
Exiting because a job execution failed. Look above for error message
Complete log: .snakemake/log/2023-08-26T004324.732882.snakemake.log
