Building DAG of jobs...
Using shell: /bin/bash
Provided cores: 1 (use --cores to define parallelism)
Rules claiming more threads will be scaled down.
Job stats:
job       count
------  -------
iqtree        1
total         1

Select jobs to execute...

[Wed Nov  8 01:01:55 2023]
rule iqtree:
    input: aligned_protein_sequences.fasta
    output: IQ-TREE_output.treefile
    jobid: 0
    reason: Missing output files: IQ-TREE_output.treefile
    resources: tmpdir=/var/folders/6w/cbbj2d4d1cs82bbv3lr2jt700000gn/T

[Wed Nov  8 01:05:11 2023]
Finished job 0.
1 of 1 steps (100%) done
Complete log: .snakemake/log/2023-11-08T010155.788504.snakemake.log
