Building DAG of jobs...
Using shell: /bin/bash
Provided cores: 1 (use --cores to define parallelism)
Rules claiming more threads will be scaled down.
Job stats:
job             count
------------  -------
fasta_to_xml        1
total               1

Select jobs to execute...

[Mon Aug 14 18:39:55 2023]
rule fasta_to_xml:
    input: aligned_protein_sequences.fasta
    output: aligned_protein_sequences.xml
    jobid: 0
    reason: Missing output files: aligned_protein_sequences.xml
    resources: tmpdir=/var/folders/6w/cbbj2d4d1cs82bbv3lr2jt700000gn/T

[Mon Aug 14 18:39:55 2023]
Error in rule fasta_to_xml:
    jobid: 0
    input: aligned_protein_sequences.fasta
    output: aligned_protein_sequences.xml
    shell:
        python convert_fasta_to_xml.py aligned_protein_sequences.fasta aligned_protein_sequences.xml
        (one of the commands exited with non-zero exit code; note that snakemake uses bash strict mode!)

Shutting down, this might take some time.
Exiting because a job execution failed. Look above for error message
Complete log: .snakemake/log/2023-08-14T183955.131069.snakemake.log
