Building DAG of jobs...
Using shell: /bin/bash
Provided cores: 4
Rules claiming more threads will be scaled down.
Job stats:
job            count
-----------  -------
combine_msa        1
total              1

Select jobs to execute...

[Sun Sep  3 16:51:36 2023]
rule combine_msa:
    input: ancestral_node_sequences.fasta, protein_sequences.fasta
    output: combined_sequences.fasta
    jobid: 0
    reason: Missing output files: combined_sequences.fasta
    resources: tmpdir=/var/folders/6w/cbbj2d4d1cs82bbv3lr2jt700000gn/T

[Sun Sep  3 16:51:47 2023]
Finished job 0.
1 of 1 steps (100%) done
Complete log: .snakemake/log/2023-09-03T165136.184622.snakemake.log
