Building DAG of jobs...
Using shell: /bin/bash
Provided cores: 1 (use --cores to define parallelism)
Rules claiming more threads will be scaled down.
Job stats:
job                   count
------------------  -------
autophy                   1
infer_protein_tree        1
total                     2

Select jobs to execute...

[Sun Aug 13 15:11:10 2023]
rule infer_protein_tree:
    input: aligned_protein_sequences.fasta
    output: beast_phylogenetic_tree.nexus
    jobid: 1
    reason: Missing output files: beast_phylogenetic_tree.nexus
    resources: tmpdir=/var/folders/6w/cbbj2d4d1cs82bbv3lr2jt700000gn/T

[Sun Aug 13 15:11:11 2023]
Error in rule infer_protein_tree:
    jobid: 1
    input: aligned_protein_sequences.fasta
    output: beast_phylogenetic_tree.nexus
    shell:
        
        beast -threads 4 -beagle -overwrite aligned_protein_sequences.fasta
        mv beast_output.trees beast_phylogenetic_tree.nexus
        
        (one of the commands exited with non-zero exit code; note that snakemake uses bash strict mode!)

Shutting down, this might take some time.
Exiting because a job execution failed. Look above for error message
Complete log: .snakemake/log/2023-08-13T151110.430044.snakemake.log
