Building DAG of jobs...
Using shell: /bin/bash
Provided cores: 1 (use --cores to define parallelism)
Rules claiming more threads will be scaled down.
Job stats:
job                 count
----------------  -------
autophy_msa             1
rename_tree_file        1
total                   2

Select jobs to execute...

[Fri Sep  1 19:36:37 2023]
rule rename_tree_file:
    output: autophy_tree.newick
    jobid: 1
    reason: Missing output files: autophy_tree.newick
    resources: tmpdir=/var/folders/6w/cbbj2d4d1cs82bbv3lr2jt700000gn/T

[Fri Sep  1 19:36:37 2023]
Error in rule rename_tree_file:
    jobid: 1
    output: autophy_tree.newick
    shell:
        
        python - <<EOF
import os

# Function to find and rename the .tree file
def rename_tree_file(directory):
    for filename in os.listdir(directory):
        if filename.endswith(".tree"):
            new_name = "autophy_tree.newick"
            os.rename(os.path.join(directory, filename), os.path.join(directory, new_name))
            break  # Stop after renaming the first .tree file found

# Define the directory where the .tree file is located
directory = "control/"

# Call the function to rename the .tree file
rename_tree_file(directory)
EOF
        
        (one of the commands exited with non-zero exit code; note that snakemake uses bash strict mode!)

Shutting down, this might take some time.
Exiting because a job execution failed. Look above for error message
Complete log: .snakemake/log/2023-09-01T193637.497994.snakemake.log
