Building DAG of jobs...
Using shell: /bin/bash
Provided cores: 1 (use --cores to define parallelism)
Rules claiming more threads will be scaled down.
Job stats:
job               count
--------------  -------
fasta_to_nexus        1
total                 1

Select jobs to execute...

[Mon Aug 14 18:27:38 2023]
rule fasta_to_nexus:
    input: aligned_protein_sequences.fasta
    output: aligned_protein_sequences.nexus
    jobid: 0
    reason: Missing output files: aligned_protein_sequences.nexus
    resources: tmpdir=/var/folders/6w/cbbj2d4d1cs82bbv3lr2jt700000gn/T

[Mon Aug 14 18:27:39 2023]
Finished job 0.
1 of 1 steps (100%) done
Complete log: .snakemake/log/2023-08-14T182738.741766.snakemake.log
