Building DAG of jobs...
Using shell: /bin/bash
Provided cores: 4
Rules claiming more threads will be scaled down.
Job stats:
job         count
--------  -------
seq_prep        1
total           1

Select jobs to execute...

[Thu Oct 12 18:00:48 2023]
rule seq_prep:
    input: subtree_sequences.fasta
    output: subtree_modified_protein_sequences.fasta
    jobid: 0
    reason: Missing output files: subtree_modified_protein_sequences.fasta
    resources: tmpdir=/var/folders/6w/cbbj2d4d1cs82bbv3lr2jt700000gn/T

Shutting down, this might take some time.
Exiting because a job execution failed. Look above for error message
Complete log: .snakemake/log/2023-10-12T180048.166514.snakemake.log
