Building DAG of jobs...
Using shell: /bin/bash
Provided cores: 4
Rules claiming more threads will be scaled down.
Job stats:
job                 count
----------------  -------
autophy_msa             1
iqtree_asr              1
rename_tree_file        1
total                   3

Select jobs to execute...

[Sat Sep  2 17:14:29 2023]
rule rename_tree_file:
    output: output/autophy_tree.nwk
    jobid: 1
    reason: Missing output files: output/autophy_tree.nwk
    resources: tmpdir=/var/folders/6w/cbbj2d4d1cs82bbv3lr2jt700000gn/T

[Sat Sep  2 17:14:29 2023]
Finished job 1.
1 of 3 steps (33%) done
Select jobs to execute...

[Sat Sep  2 17:14:29 2023]
rule autophy_msa:
    input: output/autophy_tree.nwk, aligned_protein_sequences.fasta
    output: autophy_msa.fasta
    jobid: 2
    reason: Missing output files: autophy_msa.fasta; Input files updated by another job: output/autophy_tree.nwk; Set of input files has changed since last execution
    resources: tmpdir=/var/folders/6w/cbbj2d4d1cs82bbv3lr2jt700000gn/T

[Sat Sep  2 17:14:30 2023]
Finished job 2.
2 of 3 steps (67%) done
Select jobs to execute...

[Sat Sep  2 17:14:30 2023]
rule iqtree_asr:
    input: output/autophy_tree.nwk, autophy_msa.fasta
    output: autophy_msa.fasta.state
    jobid: 0
    reason: Input files updated by another job: autophy_msa.fasta, output/autophy_tree.nwk
    resources: tmpdir=/var/folders/6w/cbbj2d4d1cs82bbv3lr2jt700000gn/T

[Sat Sep  2 18:32:39 2023]
Finished job 0.
3 of 3 steps (100%) done
Complete log: .snakemake/log/2023-09-02T171429.214595.snakemake.log
