Building DAG of jobs...
Using shell: /bin/bash
Provided cores: 4
Rules claiming more threads will be scaled down.
Job stats:
job      count
-----  -------
arpip        1
total        1

Select jobs to execute...

[Fri Aug 25 22:10:12 2023]
rule arpip:
    input: aligned_protein_sequences.fasta, output/2023-08-25_treeOMPuniprotumapgmmemm.tree, conf.txt
    output: anc.fasta, node_rel.txt, mlindelpoints.txt, param.txt
    jobid: 0
    reason: Missing output files: anc.fasta, node_rel.txt, mlindelpoints.txt, param.txt
    resources: tmpdir=/var/folders/6w/cbbj2d4d1cs82bbv3lr2jt700000gn/T

[Fri Aug 25 22:10:13 2023]
Error in rule arpip:
    jobid: 0
    input: aligned_protein_sequences.fasta, output/2023-08-25_treeOMPuniprotumapgmmemm.tree, conf.txt
    output: anc.fasta, node_rel.txt, mlindelpoints.txt, param.txt
    shell:
        
        ./../bpp-arpip/ARPIP params=conf.txt
        
        (one of the commands exited with non-zero exit code; note that snakemake uses bash strict mode!)

Shutting down, this might take some time.
Exiting because a job execution failed. Look above for error message
Complete log: .snakemake/log/2023-08-25T221012.853462.snakemake.log
