Building DAG of jobs...
Using shell: /bin/bash
Provided cores: 4
Rules claiming more threads will be scaled down.
Job stats:
job            count
-----------  -------
tree_to_nex        1
total              1

Select jobs to execute...

[Sat Aug 26 00:39:37 2023]
rule tree_to_nex:
    input: output/2023-08-25_treeOMPuniprotumapgmmemm.tree
    output: autophy_out.nex
    jobid: 0
    reason: Missing output files: autophy_out.nex
    resources: tmpdir=/var/folders/6w/cbbj2d4d1cs82bbv3lr2jt700000gn/T

[Sat Aug 26 00:39:37 2023]
Error in rule tree_to_nex:
    jobid: 0
    input: output/2023-08-25_treeOMPuniprotumapgmmemm.tree
    output: autophy_out.nex
    shell:
        
        python - <<EOF
import sys

input_tree_file = sys.argv[1]
output_nex_file = sys.argv[2]

with open(input_tree_file, "r") as tree_file:
    tree_data = tree_file.read().strip()
    
nex_content = "# NEXUS\\nbegin trees;\\n\\ttree tree_1 = " + tree_data + ";\\nend;"

with open(output_nex_file, "w") as nex_file:
    nex_file.write(nex_content)
EOF
        
        (one of the commands exited with non-zero exit code; note that snakemake uses bash strict mode!)

Shutting down, this might take some time.
Exiting because a job execution failed. Look above for error message
Complete log: .snakemake/log/2023-08-26T003937.748625.snakemake.log
