Building DAG of jobs...
Using shell: /bin/bash
Provided cores: 4
Rules claiming more threads will be scaled down.
Job stats:
job            count
-----------  -------
tree_to_nex        1
total              1

Select jobs to execute...

[Sat Aug 26 00:40:31 2023]
rule tree_to_nex:
    input: output/2023-08-25_treeOMPuniprotumapgmmemm.tree
    output: autophy_out.nex
    jobid: 0
    reason: Missing output files: autophy_out.nex
    resources: tmpdir=/var/folders/6w/cbbj2d4d1cs82bbv3lr2jt700000gn/T

[Sat Aug 26 00:40:31 2023]
Finished job 0.
1 of 1 steps (100%) done
Complete log: .snakemake/log/2023-08-26T004031.016191.snakemake.log
