Building DAG of jobs...
Using shell: /bin/bash
Provided cores: 1 (use --cores to define parallelism)
Rules claiming more threads will be scaled down.
Job stats:
job                               count
------------------------------  -------
replace_underscores_in_headers        1
total                                 1

Select jobs to execute...

[Tue Aug 22 10:42:39 2023]
rule replace_underscores_in_headers:
    input: protein_sequences.fasta
    output: modified_protein_sequences.fasta
    jobid: 0
    reason: Missing output files: modified_protein_sequences.fasta
    resources: tmpdir=/var/folders/6w/cbbj2d4d1cs82bbv3lr2jt700000gn/T

Shutting down, this might take some time.
Exiting because a job execution failed. Look above for error message
Complete log: .snakemake/log/2023-08-22T104238.897828.snakemake.log
