Building DAG of jobs...
Using shell: /bin/bash
Provided cores: 4
Rules claiming more threads will be scaled down.
Job stats:
job              count
-------------  -------
setup_autophy        1
total                1

Select jobs to execute...

[Tue Aug 22 12:44:01 2023]
rule setup_autophy:
    output: autophy_env_created.txt
    jobid: 0
    reason: Missing output files: autophy_env_created.txt
    resources: tmpdir=/var/folders/6w/cbbj2d4d1cs82bbv3lr2jt700000gn/T

[Tue Aug 22 12:44:13 2023]
Error in rule setup_autophy:
    jobid: 0
    output: autophy_env_created.txt
    shell:
        
        conda create -y -n autophy python=3.8
        conda activate autophy
        pip install 'autophy @ git+https://github.com/aortizsax/autophy@main'
        touch autophy_env_created.txt
        
        (one of the commands exited with non-zero exit code; note that snakemake uses bash strict mode!)

Shutting down, this might take some time.
Exiting because a job execution failed. Look above for error message
Complete log: .snakemake/log/2023-08-22T124401.822655.snakemake.log
