Building DAG of jobs...
Using shell: /bin/bash
Provided cores: 4
Rules claiming more threads will be scaled down.
Job stats:
job                       count
----------------------  -------
infer_protein_tree            1
prepare_protein_data          1
visualize_protein_tree        1
total                         3

Select jobs to execute...

[Mon Aug  7 13:05:26 2023]
rule prepare_protein_data:
    output: protein_sequences.fasta
    jobid: 2
    reason: Missing output files: protein_sequences.fasta
    resources: tmpdir=/var/folders/6w/cbbj2d4d1cs82bbv3lr2jt700000gn/T

python prepare_protein_data.py > protein_sequences.fasta
[Mon Aug  7 13:05:26 2023]
Error in rule prepare_protein_data:
    jobid: 2
    output: protein_sequences.fasta
    shell:
        python prepare_protein_data.py > protein_sequences.fasta
        (one of the commands exited with non-zero exit code; note that snakemake uses bash strict mode!)

Removing output files of failed job prepare_protein_data since they might be corrupted:
protein_sequences.fasta
Shutting down, this might take some time.
Exiting because a job execution failed. Look above for error message
Complete log: .snakemake/log/2023-08-07T130526.180300.snakemake.log
