Building DAG of jobs...
Using shell: /bin/bash
Provided cores: 1 (use --cores to define parallelism)
Rules claiming more threads will be scaled down.
Job stats:
job            count
-----------  -------
display_asr        1
total              1

Select jobs to execute...

[Sun Sep  3 00:39:01 2023]
rule display_asr:
    input: autophy_msa.fasta.state
    jobid: 0
    reason: Rules with a run or shell declaration but no output are always executed.
    resources: tmpdir=/var/folders/6w/cbbj2d4d1cs82bbv3lr2jt700000gn/T

[Sun Sep  3 00:39:01 2023]
Finished job 0.
1 of 1 steps (100%) done
Complete log: .snakemake/log/2023-09-03T003901.379667.snakemake.log
