Building DAG of jobs...
Using shell: /bin/bash
Provided cores: 1 (use --cores to define parallelism)
Rules claiming more threads will be scaled down.
Job stats:
job                 count
----------------  -------
autophy_msa             1
rename_tree_file        1
total                   2

Select jobs to execute...

[Fri Sep  1 19:44:57 2023]
rule rename_tree_file:
    output: output/autophy_tree.newick
    jobid: 1
    reason: Missing output files: output/autophy_tree.newick
    resources: tmpdir=/var/folders/6w/cbbj2d4d1cs82bbv3lr2jt700000gn/T

[Fri Sep  1 19:44:57 2023]
Finished job 1.
1 of 2 steps (50%) done
Select jobs to execute...

[Fri Sep  1 19:44:57 2023]
rule autophy_msa:
    input: output/autophy_tree.newick, aligned_protein_sequences.fasta
    output: autophy_msa.fasta
    jobid: 0
    reason: Missing output files: autophy_msa.fasta; Input files updated by another job: output/autophy_tree.newick
    resources: tmpdir=/var/folders/6w/cbbj2d4d1cs82bbv3lr2jt700000gn/T

[Fri Sep  1 19:44:58 2023]
Finished job 0.
2 of 2 steps (100%) done
Complete log: .snakemake/log/2023-09-01T194457.284130.snakemake.log
