Building DAG of jobs...
Using shell: /bin/bash
Provided cores: 1 (use --cores to define parallelism)
Rules claiming more threads will be scaled down.
Job stats:
job                 count
----------------  -------
rename_tree_file        1
total                   1

Select jobs to execute...

[Wed Nov  8 01:11:47 2023]
rule rename_tree_file:
    output: output/autophy_tree.nwk
    jobid: 0
    reason: Missing output files: output/autophy_tree.nwk
    resources: tmpdir=/var/folders/6w/cbbj2d4d1cs82bbv3lr2jt700000gn/T

[Wed Nov  8 01:11:48 2023]
Finished job 0.
1 of 1 steps (100%) done
Complete log: .snakemake/log/2023-11-08T011147.852891.snakemake.log
