Building DAG of jobs...
Using shell: /bin/bash
Provided cores: 4
Rules claiming more threads will be scaled down.
Job stats:
job            count
-----------  -------
arpip              1
autophy_msa        1
total              2

Select jobs to execute...

[Sat Aug 26 18:54:15 2023]
rule autophy_msa:
    input: output/2023-08-25_treeOMPuniprotumapgmmemm.tree, aligned_protein_sequences.fasta
    output: autophy_msa.fasta
    jobid: 1
    reason: Updated input files: output/2023-08-25_treeOMPuniprotumapgmmemm.tree
    resources: tmpdir=/var/folders/6w/cbbj2d4d1cs82bbv3lr2jt700000gn/T

[Sat Aug 26 18:54:16 2023]
Finished job 1.
1 of 2 steps (50%) done
Select jobs to execute...

[Sat Aug 26 18:54:16 2023]
rule arpip:
    input: autophy_msa.fasta, output/2023-08-25_treeOMPuniprotumapgmmemm.tree, conf.txt
    output: anc.fasta, node_rel.txt, mlindelpoints.txt, param.txt
    jobid: 0
    reason: Input files updated by another job: autophy_msa.fasta
    resources: tmpdir=/var/folders/6w/cbbj2d4d1cs82bbv3lr2jt700000gn/T

[Sat Aug 26 18:54:16 2023]
Error in rule arpip:
    jobid: 0
    input: autophy_msa.fasta, output/2023-08-25_treeOMPuniprotumapgmmemm.tree, conf.txt
    output: anc.fasta, node_rel.txt, mlindelpoints.txt, param.txt
    shell:
        
        ./../bpp-arpip/ARPIP params=conf.txt
        
        (one of the commands exited with non-zero exit code; note that snakemake uses bash strict mode!)

Removing output files of failed job arpip since they might be corrupted:
node_rel.txt
Shutting down, this might take some time.
Exiting because a job execution failed. Look above for error message
Complete log: .snakemake/log/2023-08-26T185415.570781.snakemake.log
