Building DAG of jobs...
Using shell: /bin/bash
Provided cores: 1 (use --cores to define parallelism)
Rules claiming more threads will be scaled down.
Job stats:
job                        count
-----------------------  -------
align_protein_sequences        1
all                            1
autophy_msa                    1
total                          3

Select jobs to execute...

[Tue Aug 29 10:45:41 2023]
rule align_protein_sequences:
    input: modified_protein_sequences.fasta
    output: aligned_protein_sequences.fasta
    jobid: 2
    reason: Missing output files: aligned_protein_sequences.fasta
    resources: tmpdir=/var/folders/6w/cbbj2d4d1cs82bbv3lr2jt700000gn/T

[Tue Aug 29 10:46:10 2023]
Finished job 2.
1 of 3 steps (33%) done
Select jobs to execute...

[Tue Aug 29 10:46:10 2023]
rule autophy_msa:
    input: output/2023-08-26_treeautophymonophyleticclustered.tree, aligned_protein_sequences.fasta
    output: autophy_msa.fasta
    jobid: 1
    reason: Missing output files: autophy_msa.fasta; Input files updated by another job: aligned_protein_sequences.fasta
    resources: tmpdir=/var/folders/6w/cbbj2d4d1cs82bbv3lr2jt700000gn/T

[Tue Aug 29 10:46:10 2023]
Finished job 1.
2 of 3 steps (67%) done
Select jobs to execute...

[Tue Aug 29 10:46:10 2023]
localrule all:
    input: autophy_msa.fasta
    jobid: 0
    reason: Input files updated by another job: autophy_msa.fasta
    resources: tmpdir=/var/folders/6w/cbbj2d4d1cs82bbv3lr2jt700000gn/T

[Tue Aug 29 10:46:10 2023]
Finished job 0.
3 of 3 steps (100%) done
Complete log: .snakemake/log/2023-08-29T104541.328757.snakemake.log
