Building DAG of jobs...
Using shell: /bin/bash
Provided cores: 1 (use --cores to define parallelism)
Rules claiming more threads will be scaled down.
Job stats:
job        count
-------  -------
autophy        1
total          1

Select jobs to execute...

[Mon Aug  7 20:24:56 2023]
rule autophy:
    input: RAxML_bestTree.nex
    jobid: 0
    reason: Rules with a run or shell declaration but no output are always executed.
    resources: tmpdir=/var/folders/6w/cbbj2d4d1cs82bbv3lr2jt700000gn/T

conda activate autophyautophy -t RAxML_bestTree.nex
[Mon Aug  7 20:24:57 2023]
Error in rule autophy:
    jobid: 0
    input: RAxML_bestTree.nex
    shell:
        conda activate autophyautophy -t RAxML_bestTree.nex
        (one of the commands exited with non-zero exit code; note that snakemake uses bash strict mode!)

Shutting down, this might take some time.
Exiting because a job execution failed. Look above for error message
Complete log: .snakemake/log/2023-08-07T202456.531234.snakemake.log
