Building DAG of jobs...
Using shell: /bin/bash
Provided cores: 4
Rules claiming more threads will be scaled down.
Job stats:
job                        count
-----------------------  -------
convert_newick_to_nexus        1
total                          1

Select jobs to execute...

[Sat Aug 26 19:42:07 2023]
rule convert_newick_to_nexus:
    input: RAxML_bestTree.nwk
    output: RAxML_bestTree.nex
    jobid: 0
    reason: Missing output files: RAxML_bestTree.nex
    resources: tmpdir=/var/folders/6w/cbbj2d4d1cs82bbv3lr2jt700000gn/T

[Sat Aug 26 19:42:07 2023]
Error in rule convert_newick_to_nexus:
    jobid: 0
    input: RAxML_bestTree.nwk
    output: RAxML_bestTree.nex

RuleException:
WorkflowError in file /Users/ryinrouzbehani/Documents/SDSU/Research/WF1/Snakefile, line 53:
Failed to open source file /Users/ryinrouzbehani/Documents/SDSU/Research/WF1/python scripts/convert_newick_to_nexus.py
FileNotFoundError: [Errno 2] No such file or directory: '/Users/ryinrouzbehani/Documents/SDSU/Research/WF1/python scripts/convert_newick_to_nexus.py'
  File "/Users/ryinrouzbehani/Documents/SDSU/Research/WF1/Snakefile", line 53, in __rule_convert_newick_to_nexus
  File "/usr/local/Cellar/python@3.11/3.11.5/Frameworks/Python.framework/Versions/3.11/lib/python3.11/concurrent/futures/thread.py", line 58, in run
Shutting down, this might take some time.
Exiting because a job execution failed. Look above for error message
Complete log: .snakemake/log/2023-08-26T194207.759911.snakemake.log
