Building DAG of jobs...
Using shell: /bin/bash
Provided cores: 1 (use --cores to define parallelism)
Rules claiming more threads will be scaled down.
Job stats:
job                          count
-------------------------  -------
select_evolutionary_model        1
total                            1

Select jobs to execute...

[Tue Aug  8 08:47:42 2023]
rule select_evolutionary_model:
    input: aligned_protein_sequences.fasta
    output: selected_model.txt
    jobid: 0
    reason: Missing output files: selected_model.txt
    resources: tmpdir=/var/folders/6w/cbbj2d4d1cs82bbv3lr2jt700000gn/T


        iqtree -s aligned_protein_sequences.fasta -m MF -ninit 10 -nt 1 -pre selected_model
        mv selected_model.model selected_model.txt
        
[Tue Aug  8 08:47:42 2023]
Error in rule select_evolutionary_model:
    jobid: 0
    input: aligned_protein_sequences.fasta
    output: selected_model.txt
    shell:
        
        iqtree -s aligned_protein_sequences.fasta -m MF -ninit 10 -nt 1 -pre selected_model
        mv selected_model.model selected_model.txt
        
        (one of the commands exited with non-zero exit code; note that snakemake uses bash strict mode!)

Shutting down, this might take some time.
Exiting because a job execution failed. Look above for error message
Complete log: .snakemake/log/2023-08-08T084742.561657.snakemake.log
