Building DAG of jobs...
Using shell: /bin/bash
Provided cores: 1 (use --cores to define parallelism)
Rules claiming more threads will be scaled down.
Job stats:
job                   count
------------------  -------
infer_protein_tree        1
total                     1

Select jobs to execute...

[Mon Aug 14 18:38:56 2023]
rule infer_protein_tree:
    input: aligned_protein_sequences.xml
    output: beast_phylogenetic_tree.nexus
    jobid: 0
    reason: Missing output files: beast_phylogenetic_tree.nexus
    resources: tmpdir=/var/folders/6w/cbbj2d4d1cs82bbv3lr2jt700000gn/T

[Mon Aug 14 18:38:57 2023]
Error in rule infer_protein_tree:
    jobid: 0
    input: aligned_protein_sequences.xml
    output: beast_phylogenetic_tree.nexus
    shell:
        
        beast -threads 4 -beagle -overwrite aligned_protein_sequences.xml
        mv beast_output.trees beast_phylogenetic_tree.nexus
        
        (one of the commands exited with non-zero exit code; note that snakemake uses bash strict mode!)

Shutting down, this might take some time.
Exiting because a job execution failed. Look above for error message
Complete log: .snakemake/log/2023-08-14T183856.350140.snakemake.log
