Building DAG of jobs...
Using shell: /bin/bash
Provided cores: 4
Rules claiming more threads will be scaled down.
Job stats:
job           count
----------  -------
anc_iqtree        1
total             1

Select jobs to execute...

[Sun Sep  3 17:19:07 2023]
rule anc_iqtree:
    input: combined_msa.fasta
    output: IQ-TREE_anc.treefile
    jobid: 0
    reason: Missing output files: IQ-TREE_anc.treefile
    resources: tmpdir=/var/folders/6w/cbbj2d4d1cs82bbv3lr2jt700000gn/T

[Sun Sep  3 21:06:15 2023]
Finished job 0.
1 of 1 steps (100%) done
Complete log: .snakemake/log/2023-09-03T171907.363645.snakemake.log
