Building DAG of jobs...
Retrieving input from storage.
Using shell: /bin/bash
Provided cores: 1 (use --cores to define parallelism)
Rules claiming more threads will be scaled down.
Conda environments: ignored
Job stats:
job                        count
-----------------------  -------
asr                            1
autophy                        1
convert_to_nwk                 1
header_standardizer            1
iqtree                         1
msa                            1
rename_tree_file               1
seq_prep                       1
subtree_fasta_extractor        1
subtree_msa                    1
subtree_nwk_extractor          1
subtree_seq_prep               1
total                         12

Select jobs to execute...
Execute 1 jobs...

[Fri Jan 19 14:26:19 2024]
localrule seq_prep:
    input: protein_sequences.fasta
    output: modified_protein_sequences.fasta
    jobid: 8
    reason: Missing output files: modified_protein_sequences.fasta
    resources: tmpdir=/var/folders/6w/cbbj2d4d1cs82bbv3lr2jt700000gn/T

[Fri Jan 19 14:26:19 2024]
Finished job 8.
1 of 12 steps (8%) done
Select jobs to execute...
Execute 1 jobs...

[Fri Jan 19 14:26:19 2024]
localrule msa:
    input: modified_protein_sequences.fasta
    output: aligned_protein_sequences.fasta
    jobid: 7
    reason: Missing output files: aligned_protein_sequences.fasta; Input files updated by another job: modified_protein_sequences.fasta
    resources: tmpdir=/var/folders/6w/cbbj2d4d1cs82bbv3lr2jt700000gn/T

[Fri Jan 19 14:27:06 2024]
Finished job 7.
2 of 12 steps (17%) done
Select jobs to execute...
Execute 1 jobs...

[Fri Jan 19 14:27:06 2024]
localrule iqtree:
    input: aligned_protein_sequences.fasta
    output: IQ-TREE_output.treefile
    jobid: 6
    reason: Missing output files: IQ-TREE_output.treefile; Input files updated by another job: aligned_protein_sequences.fasta
    resources: tmpdir=/var/folders/6w/cbbj2d4d1cs82bbv3lr2jt700000gn/T

[Fri Jan 19 14:40:31 2024]
Finished job 6.
3 of 12 steps (25%) done
Select jobs to execute...
Execute 1 jobs...

[Fri Jan 19 14:40:31 2024]
localrule convert_to_nwk:
    input: IQ-TREE_output.treefile
    output: IQ-TREE_output.nwk
    jobid: 5
    reason: Missing output files: IQ-TREE_output.nwk; Input files updated by another job: IQ-TREE_output.treefile
    resources: tmpdir=/var/folders/6w/cbbj2d4d1cs82bbv3lr2jt700000gn/T

[Fri Jan 19 14:40:31 2024]
Finished job 5.
4 of 12 steps (33%) done
Select jobs to execute...
Execute 1 jobs...

[Fri Jan 19 14:40:31 2024]
localrule autophy:
    input: IQ-TREE_output.nwk
    output: autophy_success.txt
    jobid: 4
    reason: Missing output files: autophy_success.txt; Input files updated by another job: IQ-TREE_output.nwk
    resources: tmpdir=/var/folders/6w/cbbj2d4d1cs82bbv3lr2jt700000gn/T

[Fri Jan 19 14:40:57 2024]
Finished job 4.
5 of 12 steps (42%) done
Select jobs to execute...
Execute 1 jobs...

[Fri Jan 19 14:40:57 2024]
localrule rename_tree_file:
    input: autophy_success.txt
    output: output/autophy_tree.nwk
    jobid: 3
    reason: Missing output files: output/autophy_tree.nwk; Input files updated by another job: autophy_success.txt
    resources: tmpdir=/var/folders/6w/cbbj2d4d1cs82bbv3lr2jt700000gn/T

[Fri Jan 19 14:55:47 2024]
Finished job 3.
6 of 12 steps (50%) done
Select jobs to execute...
Execute 1 jobs...

[Fri Jan 19 14:55:47 2024]
localrule subtree_fasta_extractor:
    input: output/autophy_tree.nwk
    output: subtree_sequences.fasta
    jobid: 11
    reason: Missing output files: subtree_sequences.fasta; Input files updated by another job: output/autophy_tree.nwk
    resources: tmpdir=/var/folders/6w/cbbj2d4d1cs82bbv3lr2jt700000gn/T

[Fri Jan 19 14:56:20 2024]
Finished job 11.
7 of 12 steps (58%) done
Select jobs to execute...
Execute 1 jobs...

[Fri Jan 19 14:56:20 2024]
localrule subtree_seq_prep:
    input: subtree_sequences.fasta
    output: modified_subtree_sequences.fasta
    jobid: 10
    reason: Missing output files: modified_subtree_sequences.fasta; Input files updated by another job: subtree_sequences.fasta
    resources: tmpdir=/var/folders/6w/cbbj2d4d1cs82bbv3lr2jt700000gn/T

[Fri Jan 19 14:56:21 2024]
Finished job 10.
8 of 12 steps (67%) done
Select jobs to execute...
Execute 1 jobs...

[Fri Jan 19 14:56:21 2024]
localrule subtree_msa:
    input: modified_subtree_sequences.fasta
    output: aligned_subtree_sequences.fasta
    jobid: 9
    reason: Missing output files: aligned_subtree_sequences.fasta; Input files updated by another job: modified_subtree_sequences.fasta
    resources: tmpdir=/var/folders/6w/cbbj2d4d1cs82bbv3lr2jt700000gn/T

[Fri Jan 19 14:56:21 2024]
Finished job 9.
9 of 12 steps (75%) done
Select jobs to execute...
Execute 1 jobs...

[Fri Jan 19 14:56:21 2024]
localrule subtree_nwk_extractor:
    input: output/autophy_tree.nwk
    output: subtree.nwk
    jobid: 2
    reason: Missing output files: subtree.nwk; Input files updated by another job: output/autophy_tree.nwk
    resources: tmpdir=/var/folders/6w/cbbj2d4d1cs82bbv3lr2jt700000gn/T

[Fri Jan 19 14:56:24 2024]
Finished job 2.
10 of 12 steps (83%) done
Select jobs to execute...
Execute 1 jobs...

[Fri Jan 19 14:56:24 2024]
localrule header_standardizer:
    input: subtree.nwk, aligned_subtree_sequences.fasta
    output: modified_aligned_subtree_sequences.fasta
    jobid: 1
    reason: Missing output files: modified_aligned_subtree_sequences.fasta; Input files updated by another job: subtree.nwk, aligned_subtree_sequences.fasta
    resources: tmpdir=/var/folders/6w/cbbj2d4d1cs82bbv3lr2jt700000gn/T

[Fri Jan 19 14:56:25 2024]
Finished job 1.
11 of 12 steps (92%) done
Select jobs to execute...
Execute 1 jobs...

[Fri Jan 19 14:56:25 2024]
localrule asr:
    input: modified_aligned_subtree_sequences.fasta, subtree.nwk
    jobid: 0
    reason: Rules with a run or shell declaration but no output are always executed.
    resources: tmpdir=/var/folders/6w/cbbj2d4d1cs82bbv3lr2jt700000gn/T

[Fri Jan 19 14:56:26 2024]
Error in rule asr:
    jobid: 0
    input: modified_aligned_subtree_sequences.fasta, subtree.nwk
    shell:
        java -jar bnkit.jar --aln modified_aligned_subtree_sequences.fasta --nwk subtree.nwk
        (one of the commands exited with non-zero exit code; note that snakemake uses bash strict mode!)

Shutting down, this might take some time.
Exiting because a job execution failed. Look above for error message
Complete log: .snakemake/log/2024-01-19T142617.226542.snakemake.log
WorkflowError:
At least one job did not complete successfully.
