Building DAG of jobs...
Retrieving input from storage.
Using shell: /bin/bash
Provided cores: 1 (use --cores to define parallelism)
Rules claiming more threads will be scaled down.
Conda environments: ignored
Job stats:
job               count
--------------  -------
start_pipeline        1
total                 1

Select jobs to execute...
Execute 1 jobs...

[Sun Feb 18 01:03:24 2024]
localrule start_pipeline:
    output: subtree_seq_tree
    jobid: 0
    reason: Missing output files: subtree_seq_tree
    wildcards: run_name=subtree_seq_tree
    resources: tmpdir=/var/folders/6w/cbbj2d4d1cs82bbv3lr2jt700000gn/T

[Sun Feb 18 01:03:24 2024]
Error in rule start_pipeline:
    jobid: 0
    output: subtree_seq_tree

Shutting down, this might take some time.
Exiting because a job execution failed. Look above for error message
Complete log: .snakemake/log/2024-02-18T010324.043044.snakemake.log
WorkflowError:
At least one job did not complete successfully.
