Building DAG of jobs...
Retrieving input from storage.
Using shell: /bin/bash
Provided cores: 1 (use --cores to define parallelism)
Rules claiming more threads will be scaled down.
Conda environments: ignored
Job stats:
job                    count
-------------------  -------
header_standardizer        1
subtree_msa                1
total                      2

Select jobs to execute...
Execute 1 jobs...

[Sat Feb 10 15:50:13 2024]
localrule subtree_msa:
    input: subtree_seq_prep_success.txt
    output: aligned_autophy_subtree_sequences_success.txt
    jobid: 1
    reason: Missing output files: aligned_autophy_subtree_sequences_success.txt
    resources: tmpdir=/var/folders/6w/cbbj2d4d1cs82bbv3lr2jt700000gn/T

[Sat Feb 10 15:50:23 2024]
Finished job 1.
1 of 2 steps (50%) done
Select jobs to execute...
Execute 1 jobs...

[Sat Feb 10 15:50:23 2024]
localrule header_standardizer:
    input: aligned_autophy_subtree_sequences_success.txt
    output: complete_aligned_subtree_sequences.fasta
    jobid: 0
    reason: Missing output files: complete_aligned_subtree_sequences.fasta; Input files updated by another job: aligned_autophy_subtree_sequences_success.txt
    resources: tmpdir=/var/folders/6w/cbbj2d4d1cs82bbv3lr2jt700000gn/T

[Sat Feb 10 15:50:23 2024]
Error in rule header_standardizer:
    jobid: 0
    input: aligned_autophy_subtree_sequences_success.txt
    output: complete_aligned_subtree_sequences.fasta
    shell:
        
        python scripts/header_standardizer.py
        touch complete_aligned_subtree_sequences.fasta
        
        (one of the commands exited with non-zero exit code; note that snakemake uses bash strict mode!)

Shutting down, this might take some time.
Exiting because a job execution failed. Look above for error message
Complete log: .snakemake/log/2024-02-10T155011.705447.snakemake.log
WorkflowError:
At least one job did not complete successfully.
