Building DAG of jobs...
Retrieving input from storage.
Using shell: /bin/bash
Provided cores: 4
Rules claiming more threads will be scaled down.
Conda environments: ignored
Job stats:
job       count
------  -------
iqtree        1
total         1

Select jobs to execute...
Execute 1 jobs...

[Mon Jan 15 12:51:23 2024]
localrule iqtree:
    input: aligned_protein_sequences.fasta
    output: IQ-TREE_output.treefile
    jobid: 0
    reason: Missing output files: IQ-TREE_output.treefile
    resources: tmpdir=/var/folders/6w/cbbj2d4d1cs82bbv3lr2jt700000gn/T

[Mon Jan 15 12:51:23 2024]
Error in rule iqtree:
    jobid: 0
    input: aligned_protein_sequences.fasta
    output: IQ-TREE_output.treefile
    shell:
        iqtree -s aligned_protein_sequences.fasta -m LG+G+F -bb 1000 -nt AUTO -pre IQ-TREE_output
        (one of the commands exited with non-zero exit code; note that snakemake uses bash strict mode!)

Shutting down, this might take some time.
Exiting because a job execution failed. Look above for error message
Complete log: .snakemake/log/2024-01-15T125123.809657.snakemake.log
WorkflowError:
At least one job did not complete successfully.
