Building DAG of jobs...
Retrieving input from storage.
Using shell: /bin/bash
Provided cores: 1 (use --cores to define parallelism)
Rules claiming more threads will be scaled down.
Job stats:
job                        count
-----------------------  -------
asr                            1
subtree_fasta_extractor        1
subtree_msa                    1
subtree_seq_prep               1
total                          4

Select jobs to execute...
Execute 1 jobs...

[Fri Jan 12 17:49:16 2024]
localrule subtree_fasta_extractor:
    input: output/autophy_tree.nwk
    output: subtree_sequences.fasta
    jobid: 3
    reason: Missing output files: subtree_sequences.fasta
    resources: tmpdir=/var/folders/6w/cbbj2d4d1cs82bbv3lr2jt700000gn/T

RuleException:
CalledProcessError in file /Users/ryinrouzbehani/Documents/SDSU/Research/WF1/Snakefile, line 67:
Command 'set -euo pipefail;  /usr/local/Cellar/snakemake/8.0.1/libexec/bin/python /Users/ryinrouzbehani/Documents/SDSU/Research/WF1/.snakemake/scripts/tmpfws8eeh5.subtree_extractor.py' returned non-zero exit status 1.
[Fri Jan 12 17:49:16 2024]
Error in rule subtree_fasta_extractor:
    jobid: 3
    input: output/autophy_tree.nwk
    output: subtree_sequences.fasta

Shutting down, this might take some time.
Exiting because a job execution failed. Look above for error message
Complete log: .snakemake/log/2024-01-12T174916.269773.snakemake.log
WorkflowError:
At least one job did not complete successfully.
