Building DAG of jobs...
Retrieving input from storage.
Using shell: /bin/bash
Provided cores: 1 (use --cores to define parallelism)
Rules claiming more threads will be scaled down.
Conda environments: ignored
Job stats:
job         count
--------  -------
seq_prep        1
total           1

Select jobs to execute...
Execute 1 jobs...

[Sun Feb 11 02:44:18 2024]
localrule seq_prep:
    input: protein_sequences.fasta
    output: seq_prep_complete.txt
    jobid: 0
    reason: Missing output files: seq_prep_complete.txt
    resources: tmpdir=/var/folders/6w/cbbj2d4d1cs82bbv3lr2jt700000gn/T

RuleException:
NameError in file /Users/ryinrouzbehani/Documents/SDSU/Research/WF1/Snakefile, line 9:
The name 'output' is unknown in this context. Please make sure that you defined that variable. Also note that braces not used for variable access have to be escaped by repeating them, i.e. {{print $1}}
[Sun Feb 11 02:44:18 2024]
Error in rule seq_prep:
    jobid: 0
    input: protein_sequences.fasta
    output: seq_prep_complete.txt

Shutting down, this might take some time.
Exiting because a job execution failed. Look above for error message
Complete log: .snakemake/log/2024-02-11T024418.778272.snakemake.log
WorkflowError:
At least one job did not complete successfully.
