Building DAG of jobs...
Retrieving input from storage.
Using shell: /bin/bash
Provided cores: 1 (use --cores to define parallelism)
Rules claiming more threads will be scaled down.
Conda environments: ignored
Job stats:
job                 count
----------------  -------
subtree_seq_prep        1
total                   1

Select jobs to execute...
Execute 1 jobs...

[Thu Feb  8 13:13:46 2024]
localrule subtree_seq_prep:
    input: output/autophy_tree.nwk
    output: subtree_seq_prep_success.txt
    jobid: 0
    reason: Missing output files: subtree_seq_prep_success.txt
    resources: tmpdir=/var/folders/6w/cbbj2d4d1cs82bbv3lr2jt700000gn/T

RuleException in rule subtree_seq_prep in file /Users/ryinrouzbehani/Documents/SDSU/Research/WF1/Snakefile, line 79:
AttributeError: 'OutputFiles' object has no attribute 'out', when formatting the following:

        python scripts/subtree_seq_prep2.py -n {input} -out {output.out}
        touch {output}
        
