Building DAG of jobs...
Retrieving input from storage.
Using shell: /bin/bash
Provided cores: 1 (use --cores to define parallelism)
Rules claiming more threads will be scaled down.
Conda environments: ignored
Job stats:
job                    count
-------------------  -------
header_standardizer        1
subtree_msa                1
subtree_seq_prep           1
total                      3

Select jobs to execute...
Execute 1 jobs...

[Sat Feb 10 18:46:54 2024]
localrule subtree_seq_prep:
    input: extraction_success.txt
    output: subtree_seq_prep_success.txt
    jobid: 2
    reason: Missing output files: subtree_seq_prep_success.txt
    resources: tmpdir=/var/folders/6w/cbbj2d4d1cs82bbv3lr2jt700000gn/T

[Sat Feb 10 18:46:54 2024]
Error in rule subtree_seq_prep:
    jobid: 2
    input: extraction_success.txt
    output: subtree_seq_prep_success.txt
    shell:
        
        python scripts/subtree_seq_prep2.py
        touch subtree_seq_prep_success.txt
        
        (one of the commands exited with non-zero exit code; note that snakemake uses bash strict mode!)

Shutting down, this might take some time.
Exiting because a job execution failed. Look above for error message
Complete log: .snakemake/log/2024-02-10T184652.869496.snakemake.log
WorkflowError:
At least one job did not complete successfully.
