Building DAG of jobs...
Using shell: /bin/bash
Provided cores: 1 (use --cores to define parallelism)
Rules claiming more threads will be scaled down.
Job stats:
job            count
-----------  -------
subtree_msa        1
total              1

Select jobs to execute...

[Fri Jan  5 13:47:21 2024]
rule subtree_msa:
    input: modified_subtree_sequences.fasta
    output: aligned_subtree_sequences.fasta
    jobid: 0
    reason: Missing output files: aligned_subtree_sequences.fasta
    resources: tmpdir=/var/folders/6w/cbbj2d4d1cs82bbv3lr2jt700000gn/T

mafft --auto modified_subtree_sequences.fasta > aligned_subtree_sequences.fasta
[Fri Jan  5 13:47:23 2024]
Finished job 0.
1 of 1 steps (100%) done
Complete log: .snakemake/log/2024-01-05T134721.740365.snakemake.log
