Building DAG of jobs...
Retrieving input from storage.
Using shell: /bin/bash
Provided cores: 1 (use --cores to define parallelism)
Rules claiming more threads will be scaled down.
Conda environments: ignored
Job stats:
job                 count
----------------  -------
subtree_msa             1
subtree_seq_prep        1
total                   2

Select jobs to execute...
Execute 1 jobs...

[Thu Feb  8 12:49:09 2024]
localrule subtree_seq_prep:
    input: subtree_sequences.fasta
    output: modified_subtree_sequences.fasta
    jobid: 1
    reason: Missing output files: modified_subtree_sequences.fasta
    resources: tmpdir=/var/folders/6w/cbbj2d4d1cs82bbv3lr2jt700000gn/T

[Thu Feb  8 12:49:10 2024]
Finished job 1.
1 of 2 steps (50%) done
Select jobs to execute...
Execute 1 jobs...

[Thu Feb  8 12:49:10 2024]
localrule subtree_msa:
    input: modified_subtree_sequences.fasta
    output: aligned_subtree_sequences.fasta
    jobid: 0
    reason: Missing output files: aligned_subtree_sequences.fasta; Input files updated by another job: modified_subtree_sequences.fasta
    resources: tmpdir=/var/folders/6w/cbbj2d4d1cs82bbv3lr2jt700000gn/T

[Thu Feb  8 12:49:10 2024]
Finished job 0.
2 of 2 steps (100%) done
Complete log: .snakemake/log/2024-02-08T124908.351522.snakemake.log
