Building DAG of jobs...
Retrieving input from storage.
Using shell: /bin/bash
Provided cores: 1 (use --cores to define parallelism)
Rules claiming more threads will be scaled down.
Conda environments: ignored
Job stats:
job                    count
-------------------  -------
asr                        1
autophy                    1
convert_to_nwk             1
header_standardizer        1
iqtree                     1
msa                        1
msa_prep                   1
rename_tree_file           1
subtree_extractor          1
subtree_msa                1
subtree_seq_prep           1
total                     11

Select jobs to execute...
Execute 1 jobs...

[Sat Feb 17 19:14:25 2024]
localrule msa:
    input: logs/seq_prep_complete.txt
    output: logs/msa_complete.txt
    jobid: 10
    reason: Missing output files: logs/msa_complete.txt
    resources: tmpdir=/var/folders/6w/cbbj2d4d1cs82bbv3lr2jt700000gn/T

[Sat Feb 17 19:14:53 2024]
Finished job 10.
1 of 11 steps (9%) done
Select jobs to execute...
Execute 1 jobs...

[Sat Feb 17 19:14:53 2024]
localrule msa_prep:
    input: logs/msa_complete.txt
    output: logs/msa_prep_complete.txt
    jobid: 9
    reason: Missing output files: logs/msa_prep_complete.txt; Input files updated by another job: logs/msa_complete.txt
    resources: tmpdir=/var/folders/6w/cbbj2d4d1cs82bbv3lr2jt700000gn/T

[Sat Feb 17 19:14:53 2024]
Finished job 9.
2 of 11 steps (18%) done
Select jobs to execute...
Execute 1 jobs...

[Sat Feb 17 19:14:53 2024]
localrule iqtree:
    input: logs/msa_prep_complete.txt
    output: iqtree/IQ-TREE_output.treefile
    jobid: 8
    reason: Missing output files: iqtree/IQ-TREE_output.treefile; Input files updated by another job: logs/msa_prep_complete.txt
    resources: tmpdir=/var/folders/6w/cbbj2d4d1cs82bbv3lr2jt700000gn/T

[Sat Feb 17 19:35:41 2024]
Finished job 8.
3 of 11 steps (27%) done
Select jobs to execute...
Execute 1 jobs...

[Sat Feb 17 19:35:41 2024]
localrule convert_to_nwk:
    input: iqtree/IQ-TREE_output.treefile
    output: iqtree/IQ-TREE_output.nwk
    jobid: 7
    reason: Missing output files: iqtree/IQ-TREE_output.nwk; Input files updated by another job: iqtree/IQ-TREE_output.treefile
    resources: tmpdir=/var/folders/6w/cbbj2d4d1cs82bbv3lr2jt700000gn/T

[Sat Feb 17 19:35:41 2024]
Finished job 7.
4 of 11 steps (36%) done
Select jobs to execute...
Execute 1 jobs...

[Sat Feb 17 19:35:41 2024]
localrule autophy:
    input: iqtree/IQ-TREE_output.nwk
    output: logs/autophy_success.txt
    jobid: 6
    reason: Missing output files: logs/autophy_success.txt; Input files updated by another job: iqtree/IQ-TREE_output.nwk
    resources: tmpdir=/var/folders/6w/cbbj2d4d1cs82bbv3lr2jt700000gn/T

[Sat Feb 17 19:35:55 2024]
Finished job 6.
5 of 11 steps (45%) done
Select jobs to execute...
Execute 1 jobs...

[Sat Feb 17 19:35:55 2024]
localrule rename_tree_file:
    input: logs/autophy_success.txt
    output: output/autophy_tree.nwk
    jobid: 5
    reason: Missing output files: output/autophy_tree.nwk; Input files updated by another job: logs/autophy_success.txt
    resources: tmpdir=/var/folders/6w/cbbj2d4d1cs82bbv3lr2jt700000gn/T

[Sat Feb 17 19:45:43 2024]
Finished job 5.
6 of 11 steps (55%) done
Select jobs to execute...
Execute 1 jobs...

[Sat Feb 17 19:45:43 2024]
localrule subtree_extractor:
    input: output/autophy_tree.nwk
    output: logs/extraction_success.txt
    jobid: 4
    reason: Missing output files: logs/extraction_success.txt; Input files updated by another job: output/autophy_tree.nwk
    resources: tmpdir=/var/folders/6w/cbbj2d4d1cs82bbv3lr2jt700000gn/T

[Sat Feb 17 19:48:47 2024]
Finished job 4.
7 of 11 steps (64%) done
Select jobs to execute...
Execute 1 jobs...

[Sat Feb 17 19:48:47 2024]
localrule subtree_seq_prep:
    input: logs/extraction_success.txt
    output: logs/subtree_seq_prep_success.txt
    jobid: 3
    reason: Missing output files: logs/subtree_seq_prep_success.txt; Input files updated by another job: logs/extraction_success.txt
    resources: tmpdir=/var/folders/6w/cbbj2d4d1cs82bbv3lr2jt700000gn/T

[Sat Feb 17 19:48:47 2024]
Finished job 3.
8 of 11 steps (73%) done
Select jobs to execute...
Execute 1 jobs...

[Sat Feb 17 19:48:47 2024]
localrule subtree_msa:
    input: logs/subtree_seq_prep_success.txt
    output: logs/aligned_autophy_subtree_sequences_success.txt
    jobid: 2
    reason: Missing output files: logs/aligned_autophy_subtree_sequences_success.txt; Input files updated by another job: logs/subtree_seq_prep_success.txt
    resources: tmpdir=/var/folders/6w/cbbj2d4d1cs82bbv3lr2jt700000gn/T

[Sat Feb 17 19:48:52 2024]
Finished job 2.
9 of 11 steps (82%) done
Select jobs to execute...
Execute 1 jobs...

[Sat Feb 17 19:48:52 2024]
localrule header_standardizer:
    input: logs/aligned_autophy_subtree_sequences_success.txt
    output: logs/completed_aligned_autophy_subtree_sequences_success.txt
    jobid: 1
    reason: Missing output files: logs/completed_aligned_autophy_subtree_sequences_success.txt; Input files updated by another job: logs/aligned_autophy_subtree_sequences_success.txt
    resources: tmpdir=/var/folders/6w/cbbj2d4d1cs82bbv3lr2jt700000gn/T

[Sat Feb 17 19:48:52 2024]
Finished job 1.
10 of 11 steps (91%) done
Select jobs to execute...
Execute 1 jobs...

[Sat Feb 17 19:48:52 2024]
localrule asr:
    input: logs/completed_aligned_autophy_subtree_sequences_success.txt
    output: logs/asr_complete.txt
    jobid: 0
    reason: Missing output files: logs/asr_complete.txt; Input files updated by another job: logs/completed_aligned_autophy_subtree_sequences_success.txt
    resources: tmpdir=/var/folders/6w/cbbj2d4d1cs82bbv3lr2jt700000gn/T

[Sat Feb 17 19:48:59 2024]
Finished job 0.
11 of 11 steps (100%) done
Complete log: .snakemake/log/2024-02-17T191423.885249.snakemake.log
