Building DAG of jobs...
Retrieving input from storage.
Using shell: /bin/bash
Provided cores: 1 (use --cores to define parallelism)
Rules claiming more threads will be scaled down.
Conda environments: ignored
Job stats:
job      count
-----  -------
asr          1
total        1

Select jobs to execute...
Execute 1 jobs...

[Sat Feb 10 19:58:34 2024]
localrule asr:
    input: completed_aligned_autophy_subtree_sequences_success.txt
    output: asr_complete.txt
    jobid: 0
    reason: Missing output files: asr_complete.txt
    resources: tmpdir=/var/folders/6w/cbbj2d4d1cs82bbv3lr2jt700000gn/T

[Sat Feb 10 19:58:45 2024]
Finished job 0.
1 of 1 steps (100%) done
Complete log: .snakemake/log/2024-02-10T195832.970535.snakemake.log
