Building DAG of jobs...
Retrieving input from storage.
Using shell: /bin/bash
Provided cores: 1 (use --cores to define parallelism)
Rules claiming more threads will be scaled down.
Conda environments: ignored
Job stats:
job      count
-----  -------
asr          1
total        1

Select jobs to execute...
Execute 1 jobs...

[Tue Jan 30 23:34:01 2024]
localrule asr:
    input: modified_aligned_subtree_sequences.fasta, subtree.nwk
    jobid: 0
    reason: Rules with a run or shell declaration but no output are always executed.
    resources: tmpdir=/var/folders/6w/cbbj2d4d1cs82bbv3lr2jt700000gn/T

[Tue Jan 30 23:34:02 2024]
Finished job 0.
1 of 1 steps (100%) done
Complete log: .snakemake/log/2024-01-30T233359.356699.snakemake.log
