Building DAG of jobs...
Retrieving input from storage.
Using shell: /bin/bash
Provided cores: 1 (use --cores to define parallelism)
Rules claiming more threads will be scaled down.
Conda environments: ignored
Job stats:
job                        count
-----------------------  -------
asr                            1
autophy                        1
rename_tree_file               1
subtree_fasta_extractor        1
subtree_msa                    1
subtree_nwk_extractor          1
subtree_seq_prep               1
total                          7

Select jobs to execute...
Execute 1 jobs...

[Sun Jan 14 19:15:40 2024]
localrule autophy:
    input: IQ-TREE_output.nwk
    output: autophyran.txt
    jobid: 5
    reason: Missing output files: autophyran.txt
    resources: tmpdir=/var/folders/6w/cbbj2d4d1cs82bbv3lr2jt700000gn/T

[Sun Jan 14 19:15:40 2024]
Error in rule autophy:
    jobid: 5
    input: IQ-TREE_output.nwk
    output: autophyran.txt
    conda-env: autophy
    shell:
        
        echo "Running Autophy..."
        autophy -t IQ-TREE_output.nwk -id autophy -d monophyletic -o clustered
        
        (one of the commands exited with non-zero exit code; note that snakemake uses bash strict mode!)

Shutting down, this might take some time.
Exiting because a job execution failed. Look above for error message
Complete log: .snakemake/log/2024-01-14T191540.075837.snakemake.log
WorkflowError:
At least one job did not complete successfully.
