Building DAG of jobs...
Using shell: /bin/bash
Provided cores: 1 (use --cores to define parallelism)
Rules claiming more threads will be scaled down.
Job stats:
job                 count
----------------  -------
subtree_seq_prep        1
total                   1

Select jobs to execute...

[Fri Jan  5 13:47:08 2024]
rule subtree_seq_prep:
    input: subtree_sequences.fasta
    output: modified_subtree_sequences.fasta
    jobid: 0
    reason: Missing output files: modified_subtree_sequences.fasta
    resources: tmpdir=/var/folders/6w/cbbj2d4d1cs82bbv3lr2jt700000gn/T

/usr/local/Cellar/snakemake/7.32.3/libexec/bin/python /Users/ryinrouzbehani/Documents/SDSU/Research/WF1/.snakemake/scripts/tmpu36dw1a8.subtree_seq_prep.py
[Fri Jan  5 13:47:08 2024]
Finished job 0.
1 of 1 steps (100%) done
Complete log: .snakemake/log/2024-01-05T134707.900736.snakemake.log
