Building DAG of jobs...
Retrieving input from storage.
Using shell: /bin/bash
Provided cores: 1 (use --cores to define parallelism)
Rules claiming more threads will be scaled down.
Conda environments: ignored
Job stats:
job                  count
-----------------  -------
subtree_extractor        1
total                    1

Select jobs to execute...
Execute 1 jobs...

[Fri Feb 16 12:03:22 2024]
localrule subtree_extractor:
    input: output/autophy_tree.nwk
    output: logs/extraction_success.txt
    jobid: 0
    reason: Missing output files: logs/extraction_success.txt
    resources: tmpdir=/var/folders/6w/cbbj2d4d1cs82bbv3lr2jt700000gn/T

[Fri Feb 16 12:03:23 2024]
Error in rule subtree_extractor:
    jobid: 0
    input: output/autophy_tree.nwk
    output: logs/extraction_success.txt
    shell:
        
        python scripts/subtree_extractor4.py
        touch logs/extraction_success.txt
        
        (one of the commands exited with non-zero exit code; note that snakemake uses bash strict mode!)

Shutting down, this might take some time.
Exiting because a job execution failed. Look above for error message
Complete log: .snakemake/log/2024-02-16T120321.361061.snakemake.log
WorkflowError:
At least one job did not complete successfully.
