Building DAG of jobs...
Retrieving input from storage.
Using shell: /bin/bash
Provided cores: 1 (use --cores to define parallelism)
Rules claiming more threads will be scaled down.
Conda environments: ignored
Job stats:
job                        count
-----------------------  -------
asr                            1
autophy                        1
convert_to_nwk                 1
header_standardizer            1
iqtree                         1
msa                            1
rename_tree_file               1
seq_prep                       1
subtree_fasta_extractor        1
subtree_msa                    1
subtree_nwk_extractor          1
subtree_seq_prep               1
total                         12

Select jobs to execute...
Execute 1 jobs...

[Mon Jan 15 12:10:03 2024]
localrule seq_prep:
    input: protein_sequences.fasta
    output: modified_protein_sequences.fasta
    jobid: 8
    reason: Code has changed since last execution
    resources: tmpdir=/var/folders/6w/cbbj2d4d1cs82bbv3lr2jt700000gn/T

[Mon Jan 15 12:10:04 2024]
Finished job 8.
1 of 12 steps (8%) done
Select jobs to execute...
Execute 1 jobs...

[Mon Jan 15 12:10:04 2024]
localrule msa:
    input: modified_protein_sequences.fasta
    output: aligned_protein_sequences.fasta
    jobid: 7
    reason: Input files updated by another job: modified_protein_sequences.fasta
    resources: tmpdir=/var/folders/6w/cbbj2d4d1cs82bbv3lr2jt700000gn/T

[Mon Jan 15 12:10:50 2024]
Finished job 7.
2 of 12 steps (17%) done
Select jobs to execute...
Execute 1 jobs...

[Mon Jan 15 12:10:50 2024]
localrule iqtree:
    input: aligned_protein_sequences.fasta
    output: IQ-TREE_output.treefile
    jobid: 6
    reason: Missing output files: IQ-TREE_output.treefile; Input files updated by another job: aligned_protein_sequences.fasta
    resources: tmpdir=/var/folders/6w/cbbj2d4d1cs82bbv3lr2jt700000gn/T

[Mon Jan 15 12:10:50 2024]
Error in rule iqtree:
    jobid: 6
    input: aligned_protein_sequences.fasta
    output: IQ-TREE_output.treefile
    shell:
        iqtree -s aligned_protein_sequences.fasta -m LG+G+F -bb 1000 -nt AUTO -pre IQ-TREE_output
        (one of the commands exited with non-zero exit code; note that snakemake uses bash strict mode!)

Shutting down, this might take some time.
Exiting because a job execution failed. Look above for error message
Complete log: .snakemake/log/2024-01-15T121003.700631.snakemake.log
WorkflowError:
At least one job did not complete successfully.
