Building DAG of jobs...
Using shell: /bin/bash
Provided cores: 1 (use --cores to define parallelism)
Rules claiming more threads will be scaled down.
Job stats:
job                 count
----------------  -------
rename_tree_file        1
total                   1

Select jobs to execute...

[Fri Jan  5 13:46:43 2024]
rule rename_tree_file:
    output: output/autophy_tree.nwk
    jobid: 0
    reason: Missing output files: output/autophy_tree.nwk
    resources: tmpdir=/var/folders/6w/cbbj2d4d1cs82bbv3lr2jt700000gn/T


        python - <<EOF
import os

def rename_tree_file(directory):
    for filename in os.listdir(directory):
        if filename.endswith(".tree"):
            new_name = "autophy_tree.nwk"
            os.rename(os.path.join(directory, filename), os.path.join(directory, new_name))
            break  #Stop after renaming the first .tree file found

directory = "output/"

rename_tree_file(directory)
EOF
        
[Fri Jan  5 13:46:43 2024]
Finished job 0.
1 of 1 steps (100%) done
Complete log: .snakemake/log/2024-01-05T134642.896307.snakemake.log
