Building DAG of jobs...
Retrieving input from storage.
Using shell: /bin/bash
Provided cores: 1 (use --cores to define parallelism)
Rules claiming more threads will be scaled down.
Job stats:
job                        count
-----------------------  -------
asr                            1
rename_tree_file               1
subtree_fasta_extractor        1
subtree_msa                    1
subtree_nwk_extractor          1
subtree_seq_prep               1
total                          6

Select jobs to execute...
Execute 1 jobs...

[Sun Jan 14 18:43:59 2024]
localrule rename_tree_file:
    output: output/autophy_tree.nwk
    jobid: 4
    reason: Set of input files has changed since last execution; Code has changed since last execution
    resources: tmpdir=/var/folders/6w/cbbj2d4d1cs82bbv3lr2jt700000gn/T

[Sun Jan 14 18:43:59 2024]
Error in rule rename_tree_file:
    jobid: 4
    output: output/autophy_tree.nwk
    shell:
        python rename_tree_file.py
        (one of the commands exited with non-zero exit code; note that snakemake uses bash strict mode!)

Shutting down, this might take some time.
Exiting because a job execution failed. Look above for error message
Complete log: .snakemake/log/2024-01-14T184359.396542.snakemake.log
WorkflowError:
At least one job did not complete successfully.
