Building DAG of jobs...
Retrieving input from storage.
Using shell: /bin/bash
Provided cores: 1 (use --cores to define parallelism)
Rules claiming more threads will be scaled down.
Conda environments: ignored
Job stats:
job                 count
----------------  -------
autophy                 1
rename_tree_file        1
total                   2

Select jobs to execute...
Execute 1 jobs...

[Mon Feb 19 16:32:08 2024]
localrule autophy:
    input: iqtree/IQ-TREE_output.nwk
    output: logs/autophy_success.txt
    jobid: 1
    reason: Missing output files: logs/autophy_success.txt
    resources: tmpdir=/var/folders/6w/cbbj2d4d1cs82bbv3lr2jt700000gn/T

[Mon Feb 19 16:32:19 2024]
Finished job 1.
1 of 2 steps (50%) done
Select jobs to execute...
Execute 1 jobs...

[Mon Feb 19 16:32:19 2024]
localrule rename_tree_file:
    input: logs/autophy_success.txt
    output: output/autophy_tree.nwk
    jobid: 0
    reason: Missing output files: output/autophy_tree.nwk; Input files updated by another job: logs/autophy_success.txt
    resources: tmpdir=/var/folders/6w/cbbj2d4d1cs82bbv3lr2jt700000gn/T

[Mon Feb 19 16:32:22 2024]
Finished job 0.
2 of 2 steps (100%) done
Complete log: .snakemake/log/2024-02-19T163208.162631.snakemake.log
