Building DAG of jobs...
Using shell: /bin/bash
Provided cores: 1 (use --cores to define parallelism)
Rules claiming more threads will be scaled down.
Job stats:
job      count
-----  -------
msa          1
total        1

Select jobs to execute...

[Fri Jan  5 01:27:44 2024]
rule msa:
    input: modified_protein_sequences.fasta
    output: aligned_protein_sequences.fasta
    jobid: 0
    reason: Missing output files: aligned_protein_sequences.fasta
    resources: tmpdir=/var/folders/6w/cbbj2d4d1cs82bbv3lr2jt700000gn/T

echo 'Executing msa rule.' && mafft --auto modified_protein_sequences.fasta > aligned_protein_sequences.fasta
[Fri Jan  5 01:28:12 2024]
Finished job 0.
1 of 1 steps (100%) done
Complete log: .snakemake/log/2024-01-05T012744.551868.snakemake.log
