Building DAG of jobs...
Retrieving input from storage.
Using shell: /bin/bash
Provided cores: 1 (use --cores to define parallelism)
Rules claiming more threads will be scaled down.
Conda environments: ignored
Job stats:
job                    count
-------------------  -------
asr                        1
header_standardizer        1
total                      2

Select jobs to execute...
Execute 1 jobs...

[Wed Jan 24 01:28:54 2024]
localrule header_standardizer:
    input: output/autophy_tree.nwk, aligned_protein_sequences.fasta
    output: modified_aligned_autophy_sequences.fasta
    jobid: 1
    reason: Set of input files has changed since last execution; Code has changed since last execution
    resources: tmpdir=/var/folders/6w/cbbj2d4d1cs82bbv3lr2jt700000gn/T

[Wed Jan 24 01:28:54 2024]
Error in rule header_standardizer:
    jobid: 1
    input: output/autophy_tree.nwk, aligned_protein_sequences.fasta
    output: modified_aligned_autophy_sequences.fasta
    shell:
        
        python scripts/header_standardizer.py           output/autophy_tree.nwk aligned_protein_sequences.fasta
        
        (one of the commands exited with non-zero exit code; note that snakemake uses bash strict mode!)

Shutting down, this might take some time.
Exiting because a job execution failed. Look above for error message
Complete log: .snakemake/log/2024-01-24T012852.263343.snakemake.log
WorkflowError:
At least one job did not complete successfully.
