Building DAG of jobs...
Using shell: /bin/bash
Provided cores: 1 (use --cores to define parallelism)
Rules claiming more threads will be scaled down.
Job stats:
job                 count
----------------  -------
rename_tree_file        1
total                   1

Select jobs to execute...

[Thu Jan  4 16:19:17 2024]
rule rename_tree_file:
    output: output/autophy_tree.nwk
    jobid: 0
    reason: Missing output files: output/autophy_tree.nwk
    resources: tmpdir=/var/folders/6w/cbbj2d4d1cs82bbv3lr2jt700000gn/T

[Thu Jan  4 16:19:17 2024]
Finished job 0.
1 of 1 steps (100%) done
Complete log: .snakemake/log/2024-01-04T161917.199424.snakemake.log
