Building DAG of jobs...
Using shell: /bin/bash
Provided cores: 1 (use --cores to define parallelism)
Rules claiming more threads will be scaled down.
Job stats:
job                 count
----------------  -------
activate_autophy        1
total                   1

Select jobs to execute...

[Thu Jan  4 16:17:57 2024]
rule activate_autophy:
    input: IQ-TREE_output.nwk
    jobid: 0
    reason: Rules with a run or shell declaration but no output are always executed.
    resources: tmpdir=/var/folders/6w/cbbj2d4d1cs82bbv3lr2jt700000gn/T

[Thu Jan  4 16:18:11 2024]
Finished job 0.
1 of 1 steps (100%) done
Complete log: .snakemake/log/2024-01-04T161757.758437.snakemake.log
