Building DAG of jobs...
Retrieving input from storage.
Using shell: /bin/bash
Provided cores: 1 (use --cores to define parallelism)
Rules claiming more threads will be scaled down.
Conda environments: ignored
Job stats:
job                    count
-------------------  -------
asr                        1
autophy                    1
convert_to_nwk             1
header_standardizer        1
iqtree                     1
rename_tree_file           1
total                      6

Select jobs to execute...
Execute 1 jobs...

[Wed Jan 24 01:36:18 2024]
localrule iqtree:
    input: aligned_protein_sequences.fasta
    output: IQ-TREE_output.treefile
    jobid: 5
    reason: Missing output files: IQ-TREE_output.treefile; Updated input files: aligned_protein_sequences.fasta
    resources: tmpdir=/var/folders/6w/cbbj2d4d1cs82bbv3lr2jt700000gn/T

[Wed Jan 24 01:36:18 2024]
Error in rule iqtree:
    jobid: 5
    input: aligned_protein_sequences.fasta
    output: IQ-TREE_output.treefile
    shell:
        iqtree -s aligned_protein_sequences.fasta -m LG+G+F -bb 1000 -nt AUTO -pre IQ-TREE_output
        (one of the commands exited with non-zero exit code; note that snakemake uses bash strict mode!)

Shutting down, this might take some time.
Exiting because a job execution failed. Look above for error message
Complete log: .snakemake/log/2024-01-24T013618.463821.snakemake.log
WorkflowError:
At least one job did not complete successfully.
