Building DAG of jobs...
Retrieving input from storage.
Using shell: /bin/bash
Provided cores: 1 (use --cores to define parallelism)
Rules claiming more threads will be scaled down.
Conda environments: ignored
Job stats:
job                        count
-----------------------  -------
asr                            1
header_standardizer            1
subtree_fasta_extractor        1
subtree_msa                    1
subtree_nwk_extractor          1
subtree_seq_prep               1
total                          6

Select jobs to execute...
Execute 1 jobs...

[Thu Jan 25 13:35:39 2024]
localrule subtree_nwk_extractor:
    input: output/autophy_tree.nwk
    output: subtree.nwk
    jobid: 2
    reason: Missing output files: subtree.nwk
    resources: tmpdir=/var/folders/6w/cbbj2d4d1cs82bbv3lr2jt700000gn/T

[Thu Jan 25 13:36:14 2024]
Finished job 2.
1 of 6 steps (17%) done
Select jobs to execute...
Execute 1 jobs...

[Thu Jan 25 13:36:14 2024]
localrule subtree_fasta_extractor:
    input: output/autophy_tree.nwk
    output: subtree_sequences.fasta
    jobid: 11
    reason: Missing output files: subtree_sequences.fasta
    resources: tmpdir=/var/folders/6w/cbbj2d4d1cs82bbv3lr2jt700000gn/T

[Thu Jan 25 13:36:18 2024]
Finished job 11.
2 of 6 steps (33%) done
Select jobs to execute...
Execute 1 jobs...

[Thu Jan 25 13:36:18 2024]
localrule subtree_seq_prep:
    input: subtree_sequences.fasta
    output: modified_subtree_sequences.fasta
    jobid: 10
    reason: Missing output files: modified_subtree_sequences.fasta; Input files updated by another job: subtree_sequences.fasta
    resources: tmpdir=/var/folders/6w/cbbj2d4d1cs82bbv3lr2jt700000gn/T

[Thu Jan 25 13:36:19 2024]
Finished job 10.
3 of 6 steps (50%) done
Select jobs to execute...
Execute 1 jobs...

[Thu Jan 25 13:36:19 2024]
localrule subtree_msa:
    input: modified_subtree_sequences.fasta
    output: aligned_subtree_sequences.fasta
    jobid: 9
    reason: Missing output files: aligned_subtree_sequences.fasta; Input files updated by another job: modified_subtree_sequences.fasta
    resources: tmpdir=/var/folders/6w/cbbj2d4d1cs82bbv3lr2jt700000gn/T

[Thu Jan 25 13:36:19 2024]
Finished job 9.
4 of 6 steps (67%) done
Select jobs to execute...
Execute 1 jobs...

[Thu Jan 25 13:36:19 2024]
localrule header_standardizer:
    input: subtree.nwk, aligned_subtree_sequences.fasta
    output: modified_aligned_subtree_sequences.fasta
    jobid: 1
    reason: Missing output files: modified_aligned_subtree_sequences.fasta; Input files updated by another job: subtree.nwk, aligned_subtree_sequences.fasta
    resources: tmpdir=/var/folders/6w/cbbj2d4d1cs82bbv3lr2jt700000gn/T

[Thu Jan 25 13:36:19 2024]
Finished job 1.
5 of 6 steps (83%) done
Select jobs to execute...
Execute 1 jobs...

[Thu Jan 25 13:36:19 2024]
localrule asr:
    input: modified_aligned_subtree_sequences.fasta, subtree.nwk
    jobid: 0
    reason: Rules with a run or shell declaration but no output are always executed.
    resources: tmpdir=/var/folders/6w/cbbj2d4d1cs82bbv3lr2jt700000gn/T

[Thu Jan 25 13:36:19 2024]
Error in rule asr:
    jobid: 0
    input: modified_aligned_subtree_sequences.fasta, subtree.nwk
    shell:
        java -jar bnkit.jar --aln modified_aligned_subtree_sequences.fasta --nwk subtree.nwk
        (one of the commands exited with non-zero exit code; note that snakemake uses bash strict mode!)

Shutting down, this might take some time.
Exiting because a job execution failed. Look above for error message
Complete log: .snakemake/log/2024-01-25T133537.048679.snakemake.log
WorkflowError:
At least one job did not complete successfully.
