Building DAG of jobs...
Retrieving input from storage.
Using shell: /bin/bash
Provided cores: 1 (use --cores to define parallelism)
Rules claiming more threads will be scaled down.
Conda environments: ignored
Job stats:
job      count
-----  -------
asr          1
total        1

Select jobs to execute...
Execute 1 jobs...

[Sun Jan 14 21:46:39 2024]
localrule asr:
    input: aligned_subtree_sequences.fasta, subtree.nwk
    jobid: 0
    reason: Rules with a run or shell declaration but no output are always executed.
    resources: tmpdir=/var/folders/6w/cbbj2d4d1cs82bbv3lr2jt700000gn/T

[Sun Jan 14 21:46:39 2024]
Error in rule asr:
    jobid: 0
    input: aligned_subtree_sequences.fasta, subtree.nwk
    shell:
        java -jar bnkit.jar --aln aligned_subtree_sequences.fasta --nwk subtree.nwk
        (one of the commands exited with non-zero exit code; note that snakemake uses bash strict mode!)

Shutting down, this might take some time.
Exiting because a job execution failed. Look above for error message
Complete log: .snakemake/log/2024-01-14T214637.915723.snakemake.log
WorkflowError:
At least one job did not complete successfully.
