Building DAG of jobs...
Retrieving input from storage.
Using shell: /bin/bash
Provided cores: 1 (use --cores to define parallelism)
Rules claiming more threads will be scaled down.
Conda environments: ignored
Job stats:
job                    count
-------------------  -------
header_standardizer        1
total                      1

Select jobs to execute...
Execute 1 jobs...

[Sat Feb 10 16:50:40 2024]
localrule header_standardizer:
    input: aligned_autophy_subtree_sequences_success.txt
    output: completed_aligned_autophy_subtree_sequences_success.txt
    jobid: 0
    reason: Missing output files: completed_aligned_autophy_subtree_sequences_success.txt
    resources: tmpdir=/var/folders/6w/cbbj2d4d1cs82bbv3lr2jt700000gn/T

[Sat Feb 10 16:50:41 2024]
Finished job 0.
1 of 1 steps (100%) done
Complete log: .snakemake/log/2024-02-10T165039.022975.snakemake.log
