Building DAG of jobs...
Retrieving input from storage.
Using shell: /bin/bash
Provided cores: 1 (use --cores to define parallelism)
Rules claiming more threads will be scaled down.
Conda environments: ignored
Job stats:
job                    count
-------------------  -------
asr                        1
header_standardizer        1
subtree_extractor          1
subtree_msa                1
subtree_seq_prep           1
total                      5

Select jobs to execute...
Execute 1 jobs...

[Wed Feb 21 00:54:43 2024]
localrule subtree_extractor:
    input: output/autophy_tree.nwk
    output: logs/extraction_success.txt
    jobid: 4
    reason: Missing output files: logs/extraction_success.txt
    resources: tmpdir=/var/folders/6w/cbbj2d4d1cs82bbv3lr2jt700000gn/T

[Wed Feb 21 00:57:11 2024]
Finished job 4.
1 of 5 steps (20%) done
Select jobs to execute...
Execute 1 jobs...

[Wed Feb 21 00:57:11 2024]
localrule subtree_seq_prep:
    input: logs/extraction_success.txt
    output: logs/subtree_seq_prep_success.txt
    jobid: 3
    reason: Missing output files: logs/subtree_seq_prep_success.txt; Input files updated by another job: logs/extraction_success.txt; Code has changed since last execution
    resources: tmpdir=/var/folders/6w/cbbj2d4d1cs82bbv3lr2jt700000gn/T

[Wed Feb 21 00:57:11 2024]
Finished job 3.
2 of 5 steps (40%) done
Select jobs to execute...
Execute 1 jobs...

[Wed Feb 21 00:57:11 2024]
localrule subtree_msa:
    input: logs/subtree_seq_prep_success.txt
    output: logs/aligned_autophy_subtree_sequences_success.txt
    jobid: 2
    reason: Missing output files: logs/aligned_autophy_subtree_sequences_success.txt; Input files updated by another job: logs/subtree_seq_prep_success.txt
    resources: tmpdir=/var/folders/6w/cbbj2d4d1cs82bbv3lr2jt700000gn/T

[Wed Feb 21 00:57:14 2024]
Finished job 2.
3 of 5 steps (60%) done
Select jobs to execute...
Execute 1 jobs...

[Wed Feb 21 00:57:14 2024]
localrule header_standardizer:
    input: logs/aligned_autophy_subtree_sequences_success.txt
    output: logs/completed_aligned_autophy_subtree_sequences_success.txt
    jobid: 1
    reason: Missing output files: logs/completed_aligned_autophy_subtree_sequences_success.txt; Input files updated by another job: logs/aligned_autophy_subtree_sequences_success.txt
    resources: tmpdir=/var/folders/6w/cbbj2d4d1cs82bbv3lr2jt700000gn/T

[Wed Feb 21 00:57:14 2024]
Finished job 1.
4 of 5 steps (80%) done
Select jobs to execute...
Execute 1 jobs...

[Wed Feb 21 00:57:14 2024]
localrule asr:
    input: logs/completed_aligned_autophy_subtree_sequences_success.txt
    output: logs/asr_complete.txt
    jobid: 0
    reason: Input files updated by another job: logs/completed_aligned_autophy_subtree_sequences_success.txt
    resources: tmpdir=/var/folders/6w/cbbj2d4d1cs82bbv3lr2jt700000gn/T

[Wed Feb 21 00:57:18 2024]
Finished job 0.
5 of 5 steps (100%) done
Complete log: .snakemake/log/2024-02-21T005442.281013.snakemake.log
