Building DAG of jobs...
Retrieving input from storage.
Using shell: /bin/bash
Provided cores: 1 (use --cores to define parallelism)
Rules claiming more threads will be scaled down.
Job stats:
job        count
-------  -------
autophy        1
total          1

Select jobs to execute...
Execute 1 jobs...

[Fri Jan 12 13:48:32 2024]
localrule autophy:
    input: IQ-TREE_output.nwk
    output: autophy_env_created.txt
    jobid: 0
    reason: Missing output files: autophy_env_created.txt
    resources: tmpdir=/var/folders/6w/cbbj2d4d1cs82bbv3lr2jt700000gn/T

[Fri Jan 12 13:48:40 2024]
Error in rule autophy:
    jobid: 0
    input: IQ-TREE_output.nwk
    output: autophy_env_created.txt
    shell:
        
        echo "Setting up Autophy..."
        conda create -y -n autophy python=3.8
        conda activate autophy
        pip install 'autophy @ git+https://github.com/aortizsax/autophy@main'
        echo "Running Autophy..."
        conda run -n autophy /bin/bash -c 'autophy -t IQ-TREE_output.nwk -id autophy -d monophyletic  -o clustered'
        
        (one of the commands exited with non-zero exit code; note that snakemake uses bash strict mode!)

Shutting down, this might take some time.
Exiting because a job execution failed. Look above for error message
Complete log: .snakemake/log/2024-01-12T134832.248180.snakemake.log
WorkflowError:
At least one job did not complete successfully.
