Building DAG of jobs...
Using shell: /bin/bash
Provided cores: 1 (use --cores to define parallelism)
Rules claiming more threads will be scaled down.
Job stats:
job               count
--------------  -------
convert_to_nwk        1
total                 1

Select jobs to execute...

[Fri Jan  5 13:45:06 2024]
rule convert_to_nwk:
    input: IQ-TREE_output.treefile
    output: IQ-TREE_output.nwk
    jobid: 0
    reason: Missing output files: IQ-TREE_output.nwk
    resources: tmpdir=/var/folders/6w/cbbj2d4d1cs82bbv3lr2jt700000gn/T

mv IQ-TREE_output.treefile IQ-TREE_output.nwk
[Fri Jan  5 13:45:06 2024]
Finished job 0.
1 of 1 steps (100%) done
Complete log: .snakemake/log/2024-01-05T134506.082587.snakemake.log
