Building DAG of jobs...
Retrieving input from storage.
Using shell: /bin/bash
Provided cores: 1 (use --cores to define parallelism)
Rules claiming more threads will be scaled down.
Conda environments: ignored
Job stats:
job                    count
-------------------  -------
header_standardizer        1
subtree_extractor          1
subtree_msa                1
subtree_seq_prep           1
total                      4

Select jobs to execute...
Execute 1 jobs...

[Sat Feb 10 19:01:39 2024]
localrule subtree_extractor:
    input: output/autophy_tree.nwk
    output: extraction_success.txt
    jobid: 3
    reason: Missing output files: extraction_success.txt
    resources: tmpdir=/var/folders/6w/cbbj2d4d1cs82bbv3lr2jt700000gn/T

[Sat Feb 10 19:03:25 2024]
Finished job 3.
1 of 4 steps (25%) done
Select jobs to execute...
Execute 1 jobs...

[Sat Feb 10 19:03:25 2024]
localrule subtree_seq_prep:
    input: extraction_success.txt
    output: subtree_seq_prep_success.txt
    jobid: 2
    reason: Missing output files: subtree_seq_prep_success.txt; Input files updated by another job: extraction_success.txt
    resources: tmpdir=/var/folders/6w/cbbj2d4d1cs82bbv3lr2jt700000gn/T

[Sat Feb 10 19:03:25 2024]
Finished job 2.
2 of 4 steps (50%) done
Select jobs to execute...
Execute 1 jobs...

[Sat Feb 10 19:03:25 2024]
localrule subtree_msa:
    input: subtree_seq_prep_success.txt
    output: aligned_autophy_subtree_sequences_success.txt
    jobid: 1
    reason: Missing output files: aligned_autophy_subtree_sequences_success.txt; Input files updated by another job: subtree_seq_prep_success.txt
    resources: tmpdir=/var/folders/6w/cbbj2d4d1cs82bbv3lr2jt700000gn/T

[Sat Feb 10 19:03:32 2024]
Finished job 1.
3 of 4 steps (75%) done
Select jobs to execute...
Execute 1 jobs...

[Sat Feb 10 19:03:32 2024]
localrule header_standardizer:
    input: aligned_autophy_subtree_sequences_success.txt
    output: completed_aligned_autophy_subtree_sequences_success.txt
    jobid: 0
    reason: Missing output files: completed_aligned_autophy_subtree_sequences_success.txt; Input files updated by another job: aligned_autophy_subtree_sequences_success.txt
    resources: tmpdir=/var/folders/6w/cbbj2d4d1cs82bbv3lr2jt700000gn/T

[Sat Feb 10 19:03:32 2024]
Error in rule header_standardizer:
    jobid: 0
    input: aligned_autophy_subtree_sequences_success.txt
    output: completed_aligned_autophy_subtree_sequences_success.txt
    shell:
        
        python scripts/header_standardizer.py
        touch completed_aligned_autophy_subtree_sequences_success.txt
        
        (one of the commands exited with non-zero exit code; note that snakemake uses bash strict mode!)

Shutting down, this might take some time.
Exiting because a job execution failed. Look above for error message
Complete log: .snakemake/log/2024-02-10T190137.511926.snakemake.log
WorkflowError:
At least one job did not complete successfully.
