Building DAG of jobs...
Retrieving input from storage.
Using shell: /bin/bash
Provided cores: 1 (use --cores to define parallelism)
Rules claiming more threads will be scaled down.
Conda environments: ignored
Job stats:
job                    count
-------------------  -------
asr                        1
header_standardizer        1
seq_prep2                  1
total                      3

Select jobs to execute...
Execute 1 jobs...

[Tue Jan 23 22:10:51 2024]
localrule seq_prep2:
    input: aligned_protein_sequences.fasta
    output: aligned_autophy_sequences.fasta
    jobid: 8
    reason: Missing output files: aligned_autophy_sequences.fasta
    resources: tmpdir=/var/folders/6w/cbbj2d4d1cs82bbv3lr2jt700000gn/T

RuleException:
CalledProcessError in file /Users/ryinrouzbehani/Documents/SDSU/Research/WF1/Snakefile, line 73:
Command 'set -euo pipefail;  /usr/local/Cellar/snakemake/8.0.1/libexec/bin/python /Users/ryinrouzbehani/Documents/SDSU/Research/WF1/.snakemake/scripts/tmpnu0d6o1o.subtree_seq_prep.py' returned non-zero exit status 1.
[Tue Jan 23 22:10:51 2024]
Error in rule seq_prep2:
    jobid: 8
    input: aligned_protein_sequences.fasta
    output: aligned_autophy_sequences.fasta

Shutting down, this might take some time.
Exiting because a job execution failed. Look above for error message
Complete log: .snakemake/log/2024-01-23T221049.885029.snakemake.log
WorkflowError:
At least one job did not complete successfully.
