Building DAG of jobs...
Retrieving input from storage.
Using shell: /bin/bash
Provided cores: 4
Rules claiming more threads will be scaled down.
Conda environments: ignored
Job stats:
job                        count
-----------------------  -------
asr                            1
autophy                        1
convert_to_nwk                 1
header_standardizer            1
iqtree                         1
rename_tree_file               1
subtree_fasta_extractor        1
subtree_msa                    1
subtree_nwk_extractor          1
subtree_seq_prep               1
total                         10

Select jobs to execute...
Execute 1 jobs...

[Mon Jan 15 12:54:36 2024]
localrule iqtree:
    input: aligned_protein_sequences.fasta
    output: IQ-TREE_output.treefile
    jobid: 6
    reason: Missing output files: IQ-TREE_output.treefile
    resources: tmpdir=/var/folders/6w/cbbj2d4d1cs82bbv3lr2jt700000gn/T

[Mon Jan 15 13:09:24 2024]
Finished job 6.
1 of 10 steps (10%) done
Select jobs to execute...
Execute 1 jobs...

[Mon Jan 15 13:09:24 2024]
localrule convert_to_nwk:
    input: IQ-TREE_output.treefile
    output: IQ-TREE_output.nwk
    jobid: 5
    reason: Missing output files: IQ-TREE_output.nwk; Input files updated by another job: IQ-TREE_output.treefile
    resources: tmpdir=/var/folders/6w/cbbj2d4d1cs82bbv3lr2jt700000gn/T

[Mon Jan 15 13:09:24 2024]
Finished job 5.
2 of 10 steps (20%) done
Select jobs to execute...
Execute 1 jobs...

[Mon Jan 15 13:09:24 2024]
localrule autophy:
    input: IQ-TREE_output.nwk
    output: autophy_success.txt
    jobid: 4
    reason: Missing output files: autophy_success.txt; Input files updated by another job: IQ-TREE_output.nwk
    resources: tmpdir=/var/folders/6w/cbbj2d4d1cs82bbv3lr2jt700000gn/T

[Mon Jan 15 13:09:24 2024]
Error in rule autophy:
    jobid: 4
    input: IQ-TREE_output.nwk
    output: autophy_success.txt
    conda-env: autophy
    shell:
        
        echo "Running Autophy..."
        source activate autophy
        autophy -t IQ-TREE_output.nwk -id autophy -d monophyletic -o clustered
        touch autophy_success.txt  # Create the success file upon completion
        
        (one of the commands exited with non-zero exit code; note that snakemake uses bash strict mode!)

Shutting down, this might take some time.
Exiting because a job execution failed. Look above for error message
Complete log: .snakemake/log/2024-01-15T125436.395357.snakemake.log
WorkflowError:
At least one job did not complete successfully.
