Building DAG of jobs...
Retrieving input from storage.
Using shell: /bin/bash
Provided cores: 1 (use --cores to define parallelism)
Rules claiming more threads will be scaled down.
Conda environments: ignored
Job stats:
job                 count
----------------  -------
subtree_seq_prep        1
total                   1

Select jobs to execute...
Execute 1 jobs...

[Wed Feb  7 17:54:15 2024]
localrule subtree_seq_prep:
    input: subtrees
    output: processed.txt
    jobid: 0
    reason: Missing output files: processed.txt
    resources: tmpdir=/var/folders/6w/cbbj2d4d1cs82bbv3lr2jt700000gn/T

[Wed Feb  7 17:54:15 2024]
Error in rule subtree_seq_prep:
    jobid: 0
    input: subtrees
    output: processed.txt
    shell:
        
        scripts/subtree_seq_prep.py -n subtrees/*.fasta -out processed.txt
        
        (one of the commands exited with non-zero exit code; note that snakemake uses bash strict mode!)

Shutting down, this might take some time.
Exiting because a job execution failed. Look above for error message
Complete log: .snakemake/log/2024-02-07T175413.545872.snakemake.log
WorkflowError:
At least one job did not complete successfully.
