Building DAG of jobs...
Retrieving input from storage.
Using shell: /bin/bash
Provided cores: 1 (use --cores to define parallelism)
Rules claiming more threads will be scaled down.
Conda environments: ignored
Job stats:
job      count
-----  -------
msa          1
total        1

Select jobs to execute...
Execute 1 jobs...

[Wed Jan 24 01:35:04 2024]
localrule msa:
    input: modified_protein_sequences.fasta
    output: aligned_protein_sequences.fasta
    jobid: 0
    reason: Missing output files: aligned_protein_sequences.fasta
    resources: tmpdir=/var/folders/6w/cbbj2d4d1cs82bbv3lr2jt700000gn/T

[Wed Jan 24 01:35:49 2024]
Finished job 0.
1 of 1 steps (100%) done
Complete log: .snakemake/log/2024-01-24T013503.998641.snakemake.log
