Building DAG of jobs...
Retrieving input from storage.
Using shell: /bin/bash
Provided cores: 1 (use --cores to define parallelism)
Rules claiming more threads will be scaled down.
Conda environments: ignored
Job stats:
job                  count
-----------------  -------
subtree_extractor        1
total                    1

Select jobs to execute...
Execute 1 jobs...

[Wed Feb  7 23:18:07 2024]
localrule subtree_extractor:
    input: output/autophy_tree.nwk
    output: subtrees
    jobid: 0
    reason: Missing output files: subtrees
    resources: tmpdir=/var/folders/6w/cbbj2d4d1cs82bbv3lr2jt700000gn/T

[Wed Feb  7 23:20:01 2024]
Finished job 0.
1 of 1 steps (100%) done
Complete log: .snakemake/log/2024-02-07T231805.835561.snakemake.log
