Building DAG of jobs...
Retrieving input from storage.
Using shell: /bin/bash
Provided cores: 1 (use --cores to define parallelism)
Rules claiming more threads will be scaled down.
Conda environments: ignored
Job stats:
job         count
--------  -------
msa_prep        1
total           1

Select jobs to execute...
Execute 1 jobs...

[Sun Feb 11 02:11:10 2024]
localrule msa_prep:
    input: aligned_protein_sequences.fasta
    output: aligned_protein_sequences.fasta
    jobid: 0
    reason: Set of input files has changed since last execution; Code has changed since last execution
    resources: tmpdir=/var/folders/6w/cbbj2d4d1cs82bbv3lr2jt700000gn/T

Waiting at most 5 seconds for missing files.
