Building DAG of jobs...
Retrieving input from storage.
Using shell: /bin/bash
Provided cores: 1 (use --cores to define parallelism)
Rules claiming more threads will be scaled down.
Job stats:
job                  count
-----------------  -------
asr                      1
rename_tree_file         1
subtree_extractor        1
subtree_msa              1
subtree_seq_prep         1
total                    5

Select jobs to execute...
Execute 1 jobs...

[Thu Jan 11 22:08:48 2024]
localrule rename_tree_file:
    output: output/autophy_tree.nwk
    jobid: 4
    reason: Missing output files: output/autophy_tree.nwk
    resources: tmpdir=/var/folders/6w/cbbj2d4d1cs82bbv3lr2jt700000gn/T

[Thu Jan 11 22:08:48 2024]
Finished job 4.
1 of 5 steps (20%) done
Select jobs to execute...
Execute 1 jobs...

[Thu Jan 11 22:08:48 2024]
localrule subtree_extractor:
    input: output/autophy_tree.nwk
    output: subtree_sequences.fasta, subtree.nwk
    jobid: 3
    reason: Missing output files: subtree_sequences.fasta, subtree.nwk; Input files updated by another job: output/autophy_tree.nwk; Code has changed since last execution
    resources: tmpdir=/var/folders/6w/cbbj2d4d1cs82bbv3lr2jt700000gn/T

[Thu Jan 11 22:08:54 2024]
Error in rule subtree_extractor:
    jobid: 3
    input: output/autophy_tree.nwk
    output: subtree_sequences.fasta, subtree.nwk
    shell:
        
        python scripts/subtree_extractor.py
        python scripts/subtree_extractor2.py
        
        (one of the commands exited with non-zero exit code; note that snakemake uses bash strict mode!)

Shutting down, this might take some time.
Exiting because a job execution failed. Look above for error message
Complete log: .snakemake/log/2024-01-11T220848.239481.snakemake.log
WorkflowError:
At least one job did not complete successfully.
