Building DAG of jobs...
Retrieving input from storage.
Using shell: /bin/bash
Provided cores: 1 (use --cores to define parallelism)
Rules claiming more threads will be scaled down.
Conda environments: ignored
Job stats:
job                 count
----------------  -------
subtree_seq_prep        1
total                   1

Select jobs to execute...
Execute 1 jobs...

[Fri Feb  9 14:00:57 2024]
localrule subtree_seq_prep:
    input: extraction_success.txt
    output: subtree_seq_prep_success.txt
    jobid: 0
    reason: Missing output files: subtree_seq_prep_success.txt
    resources: tmpdir=/var/folders/6w/cbbj2d4d1cs82bbv3lr2jt700000gn/T

[Fri Feb  9 14:00:57 2024]
Finished job 0.
1 of 1 steps (100%) done
Complete log: .snakemake/log/2024-02-09T140055.992577.snakemake.log
