Building DAG of jobs...
Retrieving input from storage.
Using shell: /bin/bash
Provided cores: 1 (use --cores to define parallelism)
Rules claiming more threads will be scaled down.
Job stats:
job               count
--------------  -------
convert_to_nwk        1
iqtree                1
total                 2

Select jobs to execute...
Execute 1 jobs...

[Thu Jan 11 20:39:10 2024]
localrule iqtree:
    input: aligned_protein_sequences.fasta
    output: IQ-TREE_output.treefile
    jobid: 1
    reason: Missing output files: IQ-TREE_output.treefile; Updated input files: aligned_protein_sequences.fasta
    resources: tmpdir=/var/folders/6w/cbbj2d4d1cs82bbv3lr2jt700000gn/T

[Thu Jan 11 20:39:10 2024]
Error in rule iqtree:
    jobid: 1
    input: aligned_protein_sequences.fasta
    output: IQ-TREE_output.treefile
    shell:
        iqtree -s aligned_protein_sequences.fasta -m LG+G+F -bb 1000 -nt AUTO -pre IQ-TREE_output
        (one of the commands exited with non-zero exit code; note that snakemake uses bash strict mode!)

Shutting down, this might take some time.
Exiting because a job execution failed. Look above for error message
Complete log: .snakemake/log/2024-01-11T203910.236061.snakemake.log
WorkflowError:
At least one job did not complete successfully.
