Building DAG of jobs...
Retrieving input from storage.
Using shell: /bin/bash
Provided cores: 1 (use --cores to define parallelism)
Rules claiming more threads will be scaled down.
Conda environments: ignored
Job stats:
job         count
--------  -------
seq_prep        1
total           1

Select jobs to execute...
Execute 1 jobs...

[Tue Feb 13 00:11:06 2024]
localrule seq_prep:
    input: protein_sequences.fasta
    output: logs/seq_prep_complete.txt
    jobid: 0
    reason: Missing output files: logs/seq_prep_complete.txt
    resources: tmpdir=/var/folders/6w/cbbj2d4d1cs82bbv3lr2jt700000gn/T

[Tue Feb 13 00:11:06 2024]
Finished job 0.
1 of 1 steps (100%) done
Complete log: .snakemake/log/2024-02-13T001106.226145.snakemake.log
