Building DAG of jobs...
Retrieving input from storage.
Using shell: /bin/bash
Provided cores: 1 (use --cores to define parallelism)
Rules claiming more threads will be scaled down.
Conda environments: ignored
Job stats:
job                 count
----------------  -------
rename_tree_file        1
total                   1

Select jobs to execute...
Execute 1 jobs...

[Tue Feb 13 01:21:37 2024]
localrule rename_tree_file:
    input: logs/autophy_success.txt
    output: output/autophy_tree.nwk
    jobid: 0
    reason: Missing output files: output/autophy_tree.nwk
    resources: tmpdir=/var/folders/6w/cbbj2d4d1cs82bbv3lr2jt700000gn/T

[Tue Feb 13 01:21:42 2024]
Finished job 0.
1 of 1 steps (100%) done
Complete log: .snakemake/log/2024-02-13T012137.714006.snakemake.log
