Building DAG of jobs...
Retrieving input from storage.
Using shell: /bin/bash
Provided cores: 1 (use --cores to define parallelism)
Rules claiming more threads will be scaled down.
Conda environments: ignored
Job stats:
job                    count
-------------------  -------
asr                        1
autophy                    1
convert_to_nwk             1
header_standardizer        1
iqtree                     1
rename_tree_file           1
total                      6

Select jobs to execute...
Execute 1 jobs...

[Wed Jan 24 01:37:28 2024]
localrule iqtree:
    input: aligned_protein_sequences.fasta
    output: IQ-TREE_output.treefile
    jobid: 5
    reason: Missing output files: IQ-TREE_output.treefile; Updated input files: aligned_protein_sequences.fasta
    resources: tmpdir=/var/folders/6w/cbbj2d4d1cs82bbv3lr2jt700000gn/T

[Wed Jan 24 01:46:46 2024]
Finished job 5.
1 of 6 steps (17%) done
Select jobs to execute...
Execute 1 jobs...

[Wed Jan 24 01:46:46 2024]
localrule convert_to_nwk:
    input: IQ-TREE_output.treefile
    output: IQ-TREE_output.nwk
    jobid: 4
    reason: Input files updated by another job: IQ-TREE_output.treefile
    resources: tmpdir=/var/folders/6w/cbbj2d4d1cs82bbv3lr2jt700000gn/T

[Wed Jan 24 01:46:46 2024]
Finished job 4.
2 of 6 steps (33%) done
Select jobs to execute...
Execute 1 jobs...

[Wed Jan 24 01:46:46 2024]
localrule autophy:
    input: IQ-TREE_output.nwk
    output: autophy_success.txt
    jobid: 3
    reason: Input files updated by another job: IQ-TREE_output.nwk
    resources: tmpdir=/var/folders/6w/cbbj2d4d1cs82bbv3lr2jt700000gn/T

[Wed Jan 24 01:47:21 2024]
Finished job 3.
3 of 6 steps (50%) done
Select jobs to execute...
Execute 1 jobs...

[Wed Jan 24 01:47:21 2024]
localrule rename_tree_file:
    input: autophy_success.txt
    output: output/autophy_tree.nwk
    jobid: 2
    reason: Input files updated by another job: autophy_success.txt
    resources: tmpdir=/var/folders/6w/cbbj2d4d1cs82bbv3lr2jt700000gn/T

[Wed Jan 24 01:49:28 2024]
Finished job 2.
4 of 6 steps (67%) done
Select jobs to execute...
Execute 1 jobs...

[Wed Jan 24 01:49:28 2024]
localrule header_standardizer:
    input: output/autophy_tree.nwk, aligned_protein_sequences.fasta
    output: modified_aligned_autophy_sequences.fasta
    jobid: 1
    reason: Missing output files: modified_aligned_autophy_sequences.fasta; Input files updated by another job: output/autophy_tree.nwk
    resources: tmpdir=/var/folders/6w/cbbj2d4d1cs82bbv3lr2jt700000gn/T

[Wed Jan 24 01:49:28 2024]
Finished job 1.
5 of 6 steps (83%) done
Select jobs to execute...
Execute 1 jobs...

[Wed Jan 24 01:49:28 2024]
localrule asr:
    input: modified_aligned_autophy_sequences.fasta, output/autophy_tree.nwk
    jobid: 0
    reason: Input files updated by another job: output/autophy_tree.nwk, modified_aligned_autophy_sequences.fasta
    resources: tmpdir=/var/folders/6w/cbbj2d4d1cs82bbv3lr2jt700000gn/T

[Wed Jan 24 01:49:28 2024]
Error in rule asr:
    jobid: 0
    input: modified_aligned_autophy_sequences.fasta, output/autophy_tree.nwk
    shell:
        java -jar bnkit.jar --aln modified_aligned_autophy_sequences.fasta --nwk output/autophy_tree.nwk
        (one of the commands exited with non-zero exit code; note that snakemake uses bash strict mode!)

Shutting down, this might take some time.
Exiting because a job execution failed. Look above for error message
Complete log: .snakemake/log/2024-01-24T013728.722448.snakemake.log
WorkflowError:
At least one job did not complete successfully.
