Building DAG of jobs...
Retrieving input from storage.
Using shell: /bin/bash
Provided cores: 4
Rules claiming more threads will be scaled down.
Conda environments: ignored
Job stats:
job        count
-------  -------
autophy        1
total          1

Select jobs to execute...
Execute 1 jobs...

[Mon Jan 15 12:50:32 2024]
localrule autophy:
    input: IQ-TREE_output.nwk
    output: autophy_success.txt
    jobid: 0
    reason: Missing output files: autophy_success.txt
    resources: tmpdir=/var/folders/6w/cbbj2d4d1cs82bbv3lr2jt700000gn/T

[Mon Jan 15 12:50:32 2024]
Error in rule autophy:
    jobid: 0
    input: IQ-TREE_output.nwk
    output: autophy_success.txt
    conda-env: autophy
    shell:
        
        echo "Running Autophy..."
        source activate autophy
        autophy -t IQ-TREE_output.nwk -id autophy -d monophyletic -o clustered
        touch autophy_success.txt  # Create the success file upon completion
        
        (one of the commands exited with non-zero exit code; note that snakemake uses bash strict mode!)

Shutting down, this might take some time.
Exiting because a job execution failed. Look above for error message
Complete log: .snakemake/log/2024-01-15T125032.558311.snakemake.log
WorkflowError:
At least one job did not complete successfully.
