Building DAG of jobs...
Retrieving input from storage.
Using shell: /bin/bash
Provided cores: 1 (use --cores to define parallelism)
Rules claiming more threads will be scaled down.
Conda environments: ignored
Job stats:
job                    count
-------------------  -------
header_standardizer        1
total                      1

Select jobs to execute...
Execute 1 jobs...

[Fri Feb 16 11:23:34 2024]
localrule header_standardizer:
    input: logs/aligned_autophy_subtree_sequences_success.txt
    output: logs/completed_aligned_autophy_subtree_sequences_success.txt
    jobid: 0
    reason: Missing output files: logs/completed_aligned_autophy_subtree_sequences_success.txt
    resources: tmpdir=/var/folders/6w/cbbj2d4d1cs82bbv3lr2jt700000gn/T

[Fri Feb 16 11:23:34 2024]
Finished job 0.
1 of 1 steps (100%) done
Complete log: .snakemake/log/2024-02-16T112333.091324.snakemake.log
