Building DAG of jobs...
Retrieving input from storage.
Using shell: /bin/bash
Provided cores: 1 (use --cores to define parallelism)
Rules claiming more threads will be scaled down.
Conda environments: ignored
Job stats:
job                    count
-------------------  -------
asr                        1
header_standardizer        1
subtree_extractor          1
subtree_msa                1
subtree_seq_prep           1
total                      5

Select jobs to execute...
Execute 1 jobs...

[Sun Feb 18 21:40:55 2024]
localrule subtree_extractor:
    input: output/autophy_tree.nwk
    output: logs/extraction_success.txt
    jobid: 4
    reason: Missing output files: logs/extraction_success.txt
    resources: tmpdir=/var/folders/6w/cbbj2d4d1cs82bbv3lr2jt700000gn/T

[Sun Feb 18 21:44:06 2024]
Finished job 4.
1 of 5 steps (20%) done
Select jobs to execute...
Execute 1 jobs...

[Sun Feb 18 21:44:06 2024]
localrule subtree_seq_prep:
    input: logs/extraction_success.txt
    output: logs/subtree_seq_prep_success.txt
    jobid: 3
    reason: Missing output files: logs/subtree_seq_prep_success.txt; Input files updated by another job: logs/extraction_success.txt
    resources: tmpdir=/var/folders/6w/cbbj2d4d1cs82bbv3lr2jt700000gn/T

[Sun Feb 18 21:44:06 2024]
Error in rule subtree_seq_prep:
    jobid: 3
    input: logs/extraction_success.txt
    output: logs/subtree_seq_prep_success.txt
    shell:
        
        python scripts/subtree_seq_prep2.py
        touch logs/subtree_seq_prep_success.txt
        
        (one of the commands exited with non-zero exit code; note that snakemake uses bash strict mode!)

Shutting down, this might take some time.
Exiting because a job execution failed. Look above for error message
Complete log: .snakemake/log/2024-02-18T214053.635560.snakemake.log
WorkflowError:
At least one job did not complete successfully.
