Building DAG of jobs...
Retrieving input from storage.
Using shell: /bin/bash
Provided cores: 1 (use --cores to define parallelism)
Rules claiming more threads will be scaled down.
Conda environments: ignored
Job stats:
job                    count
-------------------  -------
asr                        1
header_standardizer        1
total                      2

Select jobs to execute...
Execute 1 jobs...

[Mon Jan 22 22:51:38 2024]
localrule header_standardizer:
    input: subtree.nwk, aligned_subtree_sequences.fasta
    output: modified_aligned_subtree_sequences.fasta
    jobid: 1
    reason: Missing output files: modified_aligned_subtree_sequences.fasta
    resources: tmpdir=/var/folders/6w/cbbj2d4d1cs82bbv3lr2jt700000gn/T

[Mon Jan 22 22:51:38 2024]
Finished job 1.
1 of 2 steps (50%) done
Select jobs to execute...
Execute 1 jobs...

[Mon Jan 22 22:51:38 2024]
localrule asr:
    input: modified_aligned_subtree_sequences.fasta, subtree.nwk
    jobid: 0
    reason: Rules with a run or shell declaration but no output are always executed.
    resources: tmpdir=/var/folders/6w/cbbj2d4d1cs82bbv3lr2jt700000gn/T

[Mon Jan 22 22:51:39 2024]
Finished job 0.
2 of 2 steps (100%) done
Complete log: .snakemake/log/2024-01-22T225137.101464.snakemake.log
