Building DAG of jobs...
Using shell: /bin/bash
Provided cores: 1 (use --cores to define parallelism)
Rules claiming more threads will be scaled down.
Job stats:
job         count
--------  -------
seq_prep        1
total           1

Select jobs to execute...

[Fri Jan  5 01:23:30 2024]
rule seq_prep:
    input: protein_sequences.fasta
    output: modified_protein_sequences.fasta
    jobid: 0
    reason: Code has changed since last execution
    resources: tmpdir=/var/folders/6w/cbbj2d4d1cs82bbv3lr2jt700000gn/T

[Fri Jan  5 01:23:31 2024]
Finished job 0.
1 of 1 steps (100%) done
Complete log: .snakemake/log/2024-01-05T012330.651697.snakemake.log
