Building DAG of jobs...
Retrieving input from storage.
Using shell: /bin/bash
Provided cores: 1 (use --cores to define parallelism)
Rules claiming more threads will be scaled down.
Conda environments: ignored
Job stats:
job                    count
-------------------  -------
asr                        1
header_standardizer        1
subtree_msa                1
subtree_seq_prep           1
total                      4

Select jobs to execute...
Execute 1 jobs...

[Sun Feb 18 21:46:35 2024]
localrule subtree_seq_prep:
    input: logs/extraction_success.txt
    output: logs/subtree_seq_prep_success.txt
    jobid: 3
    reason: Missing output files: logs/subtree_seq_prep_success.txt
    resources: tmpdir=/var/folders/6w/cbbj2d4d1cs82bbv3lr2jt700000gn/T

[Sun Feb 18 21:46:35 2024]
Finished job 3.
1 of 4 steps (25%) done
Select jobs to execute...
Execute 1 jobs...

[Sun Feb 18 21:46:35 2024]
localrule subtree_msa:
    input: logs/subtree_seq_prep_success.txt
    output: logs/aligned_autophy_subtree_sequences_success.txt
    jobid: 2
    reason: Missing output files: logs/aligned_autophy_subtree_sequences_success.txt; Input files updated by another job: logs/subtree_seq_prep_success.txt
    resources: tmpdir=/var/folders/6w/cbbj2d4d1cs82bbv3lr2jt700000gn/T

[Sun Feb 18 21:46:44 2024]
Finished job 2.
2 of 4 steps (50%) done
Select jobs to execute...
Execute 1 jobs...

[Sun Feb 18 21:46:44 2024]
localrule header_standardizer:
    input: logs/aligned_autophy_subtree_sequences_success.txt
    output: logs/completed_aligned_autophy_subtree_sequences_success.txt
    jobid: 1
    reason: Missing output files: logs/completed_aligned_autophy_subtree_sequences_success.txt; Input files updated by another job: logs/aligned_autophy_subtree_sequences_success.txt
    resources: tmpdir=/var/folders/6w/cbbj2d4d1cs82bbv3lr2jt700000gn/T

[Sun Feb 18 21:46:44 2024]
Error in rule header_standardizer:
    jobid: 1
    input: logs/aligned_autophy_subtree_sequences_success.txt
    output: logs/completed_aligned_autophy_subtree_sequences_success.txt
    shell:
        
        python scripts/header_standardizer.py
        touch logs/completed_aligned_autophy_subtree_sequences_success.txt
        
        (one of the commands exited with non-zero exit code; note that snakemake uses bash strict mode!)

Shutting down, this might take some time.
Exiting because a job execution failed. Look above for error message
Complete log: .snakemake/log/2024-02-18T214633.926193.snakemake.log
WorkflowError:
At least one job did not complete successfully.
