Building DAG of jobs...
Retrieving input from storage.
Using shell: /bin/bash
Provided cores: 1 (use --cores to define parallelism)
Rules claiming more threads will be scaled down.
Conda environments: ignored
Job stats:
job                    count
-------------------  -------
asr                        1
header_standardizer        1
subtree_extractor          1
subtree_msa                1
subtree_seq_prep           1
total                      5

Select jobs to execute...
Execute 1 jobs...

[Sat Feb 10 20:08:39 2024]
localrule subtree_extractor:
    input: output/autophy_tree.nwk
    output: extraction_success.txt
    jobid: 4
    reason: Missing output files: extraction_success.txt
    resources: tmpdir=/var/folders/6w/cbbj2d4d1cs82bbv3lr2jt700000gn/T

[Sat Feb 10 20:10:32 2024]
Finished job 4.
1 of 5 steps (20%) done
Select jobs to execute...
Execute 1 jobs...

[Sat Feb 10 20:10:32 2024]
localrule subtree_seq_prep:
    input: extraction_success.txt
    output: subtree_seq_prep_success.txt
    jobid: 3
    reason: Missing output files: subtree_seq_prep_success.txt; Input files updated by another job: extraction_success.txt
    resources: tmpdir=/var/folders/6w/cbbj2d4d1cs82bbv3lr2jt700000gn/T

[Sat Feb 10 20:10:32 2024]
Finished job 3.
2 of 5 steps (40%) done
Select jobs to execute...
Execute 1 jobs...

[Sat Feb 10 20:10:32 2024]
localrule subtree_msa:
    input: subtree_seq_prep_success.txt
    output: aligned_autophy_subtree_sequences_success.txt
    jobid: 2
    reason: Missing output files: aligned_autophy_subtree_sequences_success.txt; Input files updated by another job: subtree_seq_prep_success.txt
    resources: tmpdir=/var/folders/6w/cbbj2d4d1cs82bbv3lr2jt700000gn/T

[Sat Feb 10 20:10:40 2024]
Finished job 2.
3 of 5 steps (60%) done
Select jobs to execute...
Execute 1 jobs...

[Sat Feb 10 20:10:40 2024]
localrule header_standardizer:
    input: aligned_autophy_subtree_sequences_success.txt
    output: completed_aligned_autophy_subtree_sequences_success.txt
    jobid: 1
    reason: Missing output files: completed_aligned_autophy_subtree_sequences_success.txt; Input files updated by another job: aligned_autophy_subtree_sequences_success.txt
    resources: tmpdir=/var/folders/6w/cbbj2d4d1cs82bbv3lr2jt700000gn/T

[Sat Feb 10 20:10:40 2024]
Finished job 1.
4 of 5 steps (80%) done
Select jobs to execute...
Execute 1 jobs...

[Sat Feb 10 20:10:40 2024]
localrule asr:
    input: completed_aligned_autophy_subtree_sequences_success.txt
    output: asr_complete.txt
    jobid: 0
    reason: Missing output files: asr_complete.txt; Input files updated by another job: completed_aligned_autophy_subtree_sequences_success.txt
    resources: tmpdir=/var/folders/6w/cbbj2d4d1cs82bbv3lr2jt700000gn/T

[Sat Feb 10 20:10:43 2024]
Finished job 0.
5 of 5 steps (100%) done
Complete log: .snakemake/log/2024-02-10T200837.638910.snakemake.log
