Building DAG of jobs...
Retrieving input from storage.
Using shell: /bin/bash
Provided cores: 1 (use --cores to define parallelism)
Rules claiming more threads will be scaled down.
Conda environments: ignored
Job stats:
job                        count
-----------------------  -------
asr                            1
rename_tree_file               1
subtree_fasta_extractor        1
subtree_msa                    1
subtree_nwk_extractor          1
subtree_seq_prep               1
total                          6

Select jobs to execute...
Execute 1 jobs...

[Sun Jan 14 19:22:59 2024]
localrule rename_tree_file:
    input: IQ-TREE_output.nwk
    output: output/autophy_tree.nwk
    jobid: 4
    reason: Missing output files: output/autophy_tree.nwk
    resources: tmpdir=/var/folders/6w/cbbj2d4d1cs82bbv3lr2jt700000gn/T

[Sun Jan 14 19:23:06 2024]
Finished job 4.
1 of 6 steps (17%) done
Select jobs to execute...
Execute 1 jobs...

[Sun Jan 14 19:23:06 2024]
localrule subtree_nwk_extractor:
    input: output/autophy_tree.nwk
    output: subtree.nwk
    jobid: 9
    reason: Input files updated by another job: output/autophy_tree.nwk; Code has changed since last execution
    resources: tmpdir=/var/folders/6w/cbbj2d4d1cs82bbv3lr2jt700000gn/T

[Sun Jan 14 19:23:06 2024]
Error in rule subtree_nwk_extractor:
    jobid: 9
    input: output/autophy_tree.nwk
    output: subtree.nwk
    shell:
        shell scripts/subtree_extractor2.py
        (one of the commands exited with non-zero exit code; note that snakemake uses bash strict mode!)

Shutting down, this might take some time.
Exiting because a job execution failed. Look above for error message
Complete log: .snakemake/log/2024-01-14T192258.927903.snakemake.log
WorkflowError:
At least one job did not complete successfully.
