Building DAG of jobs...
Retrieving input from storage.
Using shell: /bin/bash
Provided cores: 1 (use --cores to define parallelism)
Rules claiming more threads will be scaled down.
Conda environments: ignored
Job stats:
job                    count
-------------------  -------
asr                        1
autophy                    1
header_standardizer        1
rename_tree_file           1
subtree_extractor          1
subtree_msa                1
subtree_seq_prep           1
total                      7

Select jobs to execute...
Execute 1 jobs...

[Mon Feb 19 16:33:05 2024]
localrule autophy:
    input: iqtree/IQ-TREE_output.nwk
    output: logs/autophy_success.txt
    jobid: 6
    reason: Missing output files: logs/autophy_success.txt
    resources: tmpdir=/var/folders/6w/cbbj2d4d1cs82bbv3lr2jt700000gn/T

[Mon Feb 19 16:33:17 2024]
Finished job 6.
1 of 7 steps (14%) done
Select jobs to execute...
Execute 1 jobs...

[Mon Feb 19 16:33:17 2024]
localrule rename_tree_file:
    input: logs/autophy_success.txt
    output: output/autophy_tree.nwk
    jobid: 5
    reason: Missing output files: output/autophy_tree.nwk; Input files updated by another job: logs/autophy_success.txt
    resources: tmpdir=/var/folders/6w/cbbj2d4d1cs82bbv3lr2jt700000gn/T

[Mon Feb 19 16:33:17 2024]
Finished job 5.
2 of 7 steps (29%) done
Select jobs to execute...
Execute 1 jobs...

[Mon Feb 19 16:33:17 2024]
localrule subtree_extractor:
    input: output/autophy_tree.nwk
    output: logs/extraction_success.txt
    jobid: 4
    reason: Missing output files: logs/extraction_success.txt; Input files updated by another job: output/autophy_tree.nwk
    resources: tmpdir=/var/folders/6w/cbbj2d4d1cs82bbv3lr2jt700000gn/T

[Mon Feb 19 16:34:05 2024]
Finished job 4.
3 of 7 steps (43%) done
Select jobs to execute...
Execute 1 jobs...

[Mon Feb 19 16:34:05 2024]
localrule subtree_seq_prep:
    input: logs/extraction_success.txt
    output: logs/subtree_seq_prep_success.txt
    jobid: 3
    reason: Missing output files: logs/subtree_seq_prep_success.txt; Input files updated by another job: logs/extraction_success.txt
    resources: tmpdir=/var/folders/6w/cbbj2d4d1cs82bbv3lr2jt700000gn/T

[Mon Feb 19 16:34:05 2024]
Finished job 3.
4 of 7 steps (57%) done
Select jobs to execute...
Execute 1 jobs...

[Mon Feb 19 16:34:05 2024]
localrule subtree_msa:
    input: logs/subtree_seq_prep_success.txt
    output: logs/aligned_autophy_subtree_sequences_success.txt
    jobid: 2
    reason: Missing output files: logs/aligned_autophy_subtree_sequences_success.txt; Input files updated by another job: logs/subtree_seq_prep_success.txt
    resources: tmpdir=/var/folders/6w/cbbj2d4d1cs82bbv3lr2jt700000gn/T

[Mon Feb 19 16:34:06 2024]
Finished job 2.
5 of 7 steps (71%) done
Select jobs to execute...
Execute 1 jobs...

[Mon Feb 19 16:34:06 2024]
localrule header_standardizer:
    input: logs/aligned_autophy_subtree_sequences_success.txt
    output: logs/completed_aligned_autophy_subtree_sequences_success.txt
    jobid: 1
    reason: Missing output files: logs/completed_aligned_autophy_subtree_sequences_success.txt; Input files updated by another job: logs/aligned_autophy_subtree_sequences_success.txt
    resources: tmpdir=/var/folders/6w/cbbj2d4d1cs82bbv3lr2jt700000gn/T

[Mon Feb 19 16:34:06 2024]
Finished job 1.
6 of 7 steps (86%) done
Select jobs to execute...
Execute 1 jobs...

[Mon Feb 19 16:34:06 2024]
localrule asr:
    input: logs/completed_aligned_autophy_subtree_sequences_success.txt
    output: logs/asr_complete.txt
    jobid: 0
    reason: Missing output files: logs/asr_complete.txt; Input files updated by another job: logs/completed_aligned_autophy_subtree_sequences_success.txt
    resources: tmpdir=/var/folders/6w/cbbj2d4d1cs82bbv3lr2jt700000gn/T

[Mon Feb 19 16:34:08 2024]
Finished job 0.
7 of 7 steps (100%) done
Complete log: .snakemake/log/2024-02-19T163304.362526.snakemake.log
