Building DAG of jobs...
Retrieving input from storage.
Using shell: /bin/bash
Provided cores: 1 (use --cores to define parallelism)
Rules claiming more threads will be scaled down.
Conda environments: ignored
Job stats:
job         count
--------  -------
msa             1
msa_prep        1
total           2

Select jobs to execute...
Execute 1 jobs...

[Sun Feb 11 02:13:20 2024]
localrule msa:
    input: modified_protein_sequences.fasta
    output: aligned_protein_sequences.fasta
    jobid: 1
    reason: Missing output files: aligned_protein_sequences.fasta
    resources: tmpdir=/var/folders/6w/cbbj2d4d1cs82bbv3lr2jt700000gn/T

[Sun Feb 11 02:14:07 2024]
Finished job 1.
1 of 2 steps (50%) done
Select jobs to execute...
Execute 1 jobs...

[Sun Feb 11 02:14:07 2024]
localrule msa_prep:
    input: aligned_protein_sequences.fasta
    output: aligned_protein_sequences2.fasta
    jobid: 0
    reason: Missing output files: aligned_protein_sequences2.fasta; Input files updated by another job: aligned_protein_sequences.fasta
    resources: tmpdir=/var/folders/6w/cbbj2d4d1cs82bbv3lr2jt700000gn/T

[Sun Feb 11 02:14:07 2024]
Error in rule msa_prep:
    jobid: 0
    input: aligned_protein_sequences.fasta
    output: aligned_protein_sequences2.fasta
    shell:
        
        python msa_prep.py
        
        (one of the commands exited with non-zero exit code; note that snakemake uses bash strict mode!)

Shutting down, this might take some time.
Exiting because a job execution failed. Look above for error message
Complete log: .snakemake/log/2024-02-11T021320.142898.snakemake.log
WorkflowError:
At least one job did not complete successfully.
