Building DAG of jobs...
Retrieving input from storage.
Using shell: /bin/bash
Provided cores: 1 (use --cores to define parallelism)
Rules claiming more threads will be scaled down.
Job stats:
job                        count
-----------------------  -------
asr                            1
rename_tree_file               1
subtree_fasta_extractor        1
subtree_msa                    1
subtree_nwk_extractor          1
subtree_seq_prep               1
total                          6

Select jobs to execute...
Execute 1 jobs...

[Fri Jan 12 14:01:55 2024]
localrule rename_tree_file:
    input: IQ-TREE_output.nwk
    output: output/autophy_tree.nwk
    jobid: 4
    reason: Missing output files: output/autophy_tree.nwk
    resources: tmpdir=/var/folders/6w/cbbj2d4d1cs82bbv3lr2jt700000gn/T

[Fri Jan 12 14:01:55 2024]
Finished job 4.
1 of 6 steps (17%) done
Select jobs to execute...
Execute 1 jobs...

[Fri Jan 12 14:01:56 2024]
localrule subtree_nwk_extractor:
    input: output/autophy_tree.nwk
    output: subtree.nwk
    jobid: 9
    reason: Missing output files: subtree.nwk; Input files updated by another job: output/autophy_tree.nwk
    resources: tmpdir=/var/folders/6w/cbbj2d4d1cs82bbv3lr2jt700000gn/T

[Fri Jan 12 14:01:56 2024]
Finished job 9.
2 of 6 steps (33%) done
Select jobs to execute...
Execute 1 jobs...

[Fri Jan 12 14:01:56 2024]
localrule subtree_fasta_extractor:
    input: output/autophy_tree.nwk
    output: subtree_sequences.fasta
    jobid: 3
    reason: Missing output files: subtree_sequences.fasta; Input files updated by another job: output/autophy_tree.nwk
    resources: tmpdir=/var/folders/6w/cbbj2d4d1cs82bbv3lr2jt700000gn/T

RuleException:
CalledProcessError in file /Users/ryinrouzbehani/Documents/SDSU/Research/WF1/Snakefile, line 89:
Command 'set -euo pipefail;  /usr/local/Cellar/snakemake/8.0.1/libexec/bin/python /Users/ryinrouzbehani/Documents/SDSU/Research/WF1/.snakemake/scripts/tmp15_s87ph.subtree_extractor.py' returned non-zero exit status 1.
[Fri Jan 12 14:01:56 2024]
Error in rule subtree_fasta_extractor:
    jobid: 3
    input: output/autophy_tree.nwk
    output: subtree_sequences.fasta

Shutting down, this might take some time.
Exiting because a job execution failed. Look above for error message
Complete log: .snakemake/log/2024-01-12T140155.614545.snakemake.log
WorkflowError:
At least one job did not complete successfully.
