Building DAG of jobs...
Retrieving input from storage.
Using shell: /bin/bash
Provided cores: 1 (use --cores to define parallelism)
Rules claiming more threads will be scaled down.
Conda environments: ignored
Job stats:
job                        count
-----------------------  -------
asr                            1
autophy                        1
convert_to_nwk                 1
header_standardizer            1
iqtree                         1
msa                            1
rename_tree_file               1
subtree_fasta_extractor        1
subtree_msa                    1
subtree_nwk_extractor          1
subtree_seq_prep               1
total                         11

Select jobs to execute...
Execute 1 jobs...

[Wed Jan 17 12:41:48 2024]
localrule msa:
    input: modified_protein_sequences.fasta
    output: aligned_protein_sequences.fasta
    jobid: 7
    reason: Missing output files: aligned_protein_sequences.fasta
    resources: tmpdir=/var/folders/6w/cbbj2d4d1cs82bbv3lr2jt700000gn/T

[Wed Jan 17 12:42:34 2024]
Finished job 7.
1 of 11 steps (9%) done
Select jobs to execute...
Execute 1 jobs...

[Wed Jan 17 12:42:34 2024]
localrule iqtree:
    input: aligned_protein_sequences.fasta
    output: IQ-TREE_output.treefile
    jobid: 6
    reason: Missing output files: IQ-TREE_output.treefile; Input files updated by another job: aligned_protein_sequences.fasta
    resources: tmpdir=/var/folders/6w/cbbj2d4d1cs82bbv3lr2jt700000gn/T

[Wed Jan 17 12:49:24 2024]
Finished job 6.
2 of 11 steps (18%) done
Select jobs to execute...
Execute 1 jobs...

[Wed Jan 17 12:49:24 2024]
localrule convert_to_nwk:
    input: IQ-TREE_output.treefile
    output: IQ-TREE_output.nwk
    jobid: 5
    reason: Missing output files: IQ-TREE_output.nwk; Input files updated by another job: IQ-TREE_output.treefile
    resources: tmpdir=/var/folders/6w/cbbj2d4d1cs82bbv3lr2jt700000gn/T

[Wed Jan 17 12:49:24 2024]
Finished job 5.
3 of 11 steps (27%) done
Select jobs to execute...
Execute 1 jobs...

[Wed Jan 17 12:49:24 2024]
localrule autophy:
    input: IQ-TREE_output.nwk
    output: autophy_success.txt
    jobid: 4
    reason: Missing output files: autophy_success.txt; Input files updated by another job: IQ-TREE_output.nwk
    resources: tmpdir=/var/folders/6w/cbbj2d4d1cs82bbv3lr2jt700000gn/T

[Wed Jan 17 12:49:58 2024]
Finished job 4.
4 of 11 steps (36%) done
Select jobs to execute...
Execute 1 jobs...

[Wed Jan 17 12:49:58 2024]
localrule rename_tree_file:
    input: autophy_success.txt
    output: output/autophy_tree.nwk
    jobid: 3
    reason: Missing output files: output/autophy_tree.nwk; Input files updated by another job: autophy_success.txt
    resources: tmpdir=/var/folders/6w/cbbj2d4d1cs82bbv3lr2jt700000gn/T

[Wed Jan 17 12:52:28 2024]
Finished job 3.
5 of 11 steps (45%) done
Select jobs to execute...
Execute 1 jobs...

[Wed Jan 17 12:52:35 2024]
localrule subtree_nwk_extractor:
    input: output/autophy_tree.nwk
    output: subtree.nwk
    jobid: 2
    reason: Missing output files: subtree.nwk; Input files updated by another job: output/autophy_tree.nwk
    resources: tmpdir=/var/folders/6w/cbbj2d4d1cs82bbv3lr2jt700000gn/T

[Wed Jan 17 12:53:09 2024]
Finished job 2.
6 of 11 steps (55%) done
Select jobs to execute...
Execute 1 jobs...

[Wed Jan 17 12:53:09 2024]
localrule subtree_fasta_extractor:
    input: output/autophy_tree.nwk
    output: subtree_sequences.fasta
    jobid: 11
    reason: Missing output files: subtree_sequences.fasta; Input files updated by another job: output/autophy_tree.nwk
    resources: tmpdir=/var/folders/6w/cbbj2d4d1cs82bbv3lr2jt700000gn/T

[Wed Jan 17 12:53:20 2024]
Finished job 11.
7 of 11 steps (64%) done
Select jobs to execute...
Execute 1 jobs...

[Wed Jan 17 12:53:20 2024]
localrule subtree_seq_prep:
    input: subtree_sequences.fasta
    output: modified_subtree_sequences.fasta
    jobid: 10
    reason: Missing output files: modified_subtree_sequences.fasta; Input files updated by another job: subtree_sequences.fasta
    resources: tmpdir=/var/folders/6w/cbbj2d4d1cs82bbv3lr2jt700000gn/T

[Wed Jan 17 12:53:20 2024]
Finished job 10.
8 of 11 steps (73%) done
Select jobs to execute...
Execute 1 jobs...

[Wed Jan 17 12:53:20 2024]
localrule subtree_msa:
    input: modified_subtree_sequences.fasta
    output: aligned_subtree_sequences.fasta
    jobid: 9
    reason: Missing output files: aligned_subtree_sequences.fasta; Input files updated by another job: modified_subtree_sequences.fasta
    resources: tmpdir=/var/folders/6w/cbbj2d4d1cs82bbv3lr2jt700000gn/T

[Wed Jan 17 12:53:20 2024]
Finished job 9.
9 of 11 steps (82%) done
Select jobs to execute...
Execute 1 jobs...

[Wed Jan 17 12:53:20 2024]
localrule header_standardizer:
    input: subtree.nwk, aligned_subtree_sequences.fasta
    output: modified_aligned_subtree_sequences.fasta
    jobid: 1
    reason: Missing output files: modified_aligned_subtree_sequences.fasta; Input files updated by another job: subtree.nwk, aligned_subtree_sequences.fasta
    resources: tmpdir=/var/folders/6w/cbbj2d4d1cs82bbv3lr2jt700000gn/T

[Wed Jan 17 12:53:20 2024]
Finished job 1.
10 of 11 steps (91%) done
Select jobs to execute...
Execute 1 jobs...

[Wed Jan 17 12:53:20 2024]
localrule asr:
    input: modified_aligned_subtree_sequences.fasta, subtree.nwk
    jobid: 0
    reason: Rules with a run or shell declaration but no output are always executed.
    resources: tmpdir=/var/folders/6w/cbbj2d4d1cs82bbv3lr2jt700000gn/T

[Wed Jan 17 12:53:22 2024]
Error in rule asr:
    jobid: 0
    input: modified_aligned_subtree_sequences.fasta, subtree.nwk
    shell:
        java -jar bnkit.jar --aln modified_aligned_subtree_sequences.fasta --nwk subtree.nwk
        (one of the commands exited with non-zero exit code; note that snakemake uses bash strict mode!)

Shutting down, this might take some time.
Exiting because a job execution failed. Look above for error message
Complete log: .snakemake/log/2024-01-17T124146.784540.snakemake.log
WorkflowError:
At least one job did not complete successfully.
