Building DAG of jobs...
Retrieving input from storage.
Using shell: /bin/bash
Provided cores: 1 (use --cores to define parallelism)
Rules claiming more threads will be scaled down.
Job stats:
job                 count
----------------  -------
rename_tree_file        1
total                   1

Select jobs to execute...
Execute 1 jobs...

[Sun Jan 14 18:10:22 2024]
localrule rename_tree_file:
    jobid: 0
    reason: Rules with neither input nor output files are always executed.
    resources: tmpdir=/var/folders/6w/cbbj2d4d1cs82bbv3lr2jt700000gn/T

RuleException:
CalledProcessError in file /Users/ryinrouzbehani/Documents/SDSU/Research/WF1/Snakefile, line 54:
Command 'set -euo pipefail;  /usr/local/Cellar/snakemake/8.0.1/libexec/bin/python /Users/ryinrouzbehani/Documents/SDSU/Research/WF1/.snakemake/scripts/tmpa35ixaui.rename_tree_file.py' returned non-zero exit status 1.
[Sun Jan 14 18:10:22 2024]
Error in rule rename_tree_file:
    jobid: 0

Shutting down, this might take some time.
Exiting because a job execution failed. Look above for error message
Complete log: .snakemake/log/2024-01-14T181022.233112.snakemake.log
WorkflowError:
At least one job did not complete successfully.
